2016-12-11 18:56:14,745 [Worker-4] INFO  o.e.m.c.i.e.AbstractTransferListenerAdapter - Downloading https://repo.maven.apache.org/maven2/org/apache/maven/plugins/maven-shade-plugin/1.7/maven-shade-plugin-1.7.jar
2016-12-11 18:56:15,875 [Worker-4] INFO  o.e.m.c.i.e.AbstractTransferListenerAdapter - Downloaded https://repo.maven.apache.org/maven2/org/apache/maven/plugins/maven-shade-plugin/1.7/maven-shade-plugin-1.7.jar
2016-12-11 18:56:25,815 [Worker-4] INFO  o.e.m.c.i.l.LifecycleMappingFactory - Using org.maven.ide.eclipse.wtp.WarLifecycleMapping lifecycle mapping for MavenProject: com.bcv.kagami:kagami-app-downloader:0.0.1-SNAPSHOT @ E:\Kagami\Latest_platform_sustance_17\kagami-app-downloader\pom.xml.
2016-12-11 18:56:27,735 [Worker-4] INFO  o.e.m.c.i.e.AbstractTransferListenerAdapter - Downloading https://repo.maven.apache.org/maven2/org/projectlombok/lombok/1.16.8/lombok-1.16.8.pom
2016-12-11 18:56:28,020 [Worker-4] INFO  o.e.m.c.i.e.AbstractTransferListenerAdapter - Downloaded https://repo.maven.apache.org/maven2/org/projectlombok/lombok/1.16.8/lombok-1.16.8.pom
2016-12-11 18:56:30,132 [Worker-4] INFO  o.e.m.c.i.e.AbstractTransferListenerAdapter - Downloading https://repo.maven.apache.org/maven2/org/projectlombok/lombok/1.16.8/lombok-1.16.8.jar
2016-12-11 18:56:34,031 [Worker-4] INFO  o.e.m.c.i.e.AbstractTransferListenerAdapter - Downloaded https://repo.maven.apache.org/maven2/org/projectlombok/lombok/1.16.8/lombok-1.16.8.jar
2016-12-11 18:56:38,418 [Worker-4] INFO  o.e.m.c.i.l.LifecycleMappingFactory - Using org.eclipse.m2e.jdt.JarLifecycleMapping lifecycle mapping for MavenProject: com.bcv.kagami:kagami-bpm-web:1.0-SNAPSHOT @ E:\Kagami\Latest_platform_sustance_17\kagami-bpm-web\pom.xml.
2016-12-11 18:56:39,234 [Worker-4] INFO  o.e.m.c.i.e.AbstractTransferListenerAdapter - Downloading https://repo.maven.apache.org/maven2/org/springframework/spring-test/4.2.6.RELEASE/spring-test-4.2.6.RELEASE.pom
2016-12-11 18:56:39,554 [Worker-4] INFO  o.e.m.c.i.e.AbstractTransferListenerAdapter - Downloaded https://repo.maven.apache.org/maven2/org/springframework/spring-test/4.2.6.RELEASE/spring-test-4.2.6.RELEASE.pom
2016-12-11 18:56:49,621 [Worker-4] INFO  o.e.m.c.i.e.AbstractTransferListenerAdapter - Downloading https://repo.maven.apache.org/maven2/joda-time/joda-time/2.9.4/joda-time-2.9.4.pom
2016-12-11 18:56:49,982 [Worker-4] INFO  o.e.m.c.i.e.AbstractTransferListenerAdapter - Downloaded https://repo.maven.apache.org/maven2/joda-time/joda-time/2.9.4/joda-time-2.9.4.pom
2016-12-11 18:56:50,248 [Worker-4] INFO  o.e.m.c.i.e.AbstractTransferListenerAdapter - Downloading https://repo.maven.apache.org/maven2/org/apache/commons/commons-email/1.2/commons-email-1.2.pom
2016-12-11 18:56:50,548 [Worker-4] INFO  o.e.m.c.i.e.AbstractTransferListenerAdapter - Downloaded https://repo.maven.apache.org/maven2/org/apache/commons/commons-email/1.2/commons-email-1.2.pom
2016-12-11 18:56:50,811 [Worker-4] INFO  o.e.m.c.i.e.AbstractTransferListenerAdapter - Downloading https://repo.maven.apache.org/maven2/javax/mail/mail/1.4.1/mail-1.4.1.pom
2016-12-11 18:56:51,096 [Worker-4] INFO  o.e.m.c.i.e.AbstractTransferListenerAdapter - Downloaded https://repo.maven.apache.org/maven2/javax/mail/mail/1.4.1/mail-1.4.1.pom
2016-12-11 18:56:55,866 [Worker-4] INFO  o.e.m.c.i.e.AbstractTransferListenerAdapter - Downloading https://repo.maven.apache.org/maven2/org/springframework/spring-test/4.2.6.RELEASE/spring-test-4.2.6.RELEASE.jar
2016-12-11 18:56:57,787 [Worker-4] INFO  o.e.m.c.i.e.AbstractTransferListenerAdapter - Downloaded https://repo.maven.apache.org/maven2/org/springframework/spring-test/4.2.6.RELEASE/spring-test-4.2.6.RELEASE.jar
2016-12-11 18:56:58,017 [Worker-4] INFO  o.e.m.c.i.e.AbstractTransferListenerAdapter - Downloading https://repo.maven.apache.org/maven2/joda-time/joda-time/2.9.4/joda-time-2.9.4.jar
2016-12-11 18:57:05,405 [Worker-4] INFO  o.e.m.c.i.e.AbstractTransferListenerAdapter - Downloaded https://repo.maven.apache.org/maven2/joda-time/joda-time/2.9.4/joda-time-2.9.4.jar
2016-12-11 18:57:05,646 [Worker-4] INFO  o.e.m.c.i.e.AbstractTransferListenerAdapter - Downloading https://repo.maven.apache.org/maven2/org/apache/commons/commons-email/1.2/commons-email-1.2.jar
2016-12-11 18:57:06,497 [Worker-4] INFO  o.e.m.c.i.e.AbstractTransferListenerAdapter - Downloaded https://repo.maven.apache.org/maven2/org/apache/commons/commons-email/1.2/commons-email-1.2.jar
2016-12-11 18:57:06,732 [Worker-4] INFO  o.e.m.c.i.e.AbstractTransferListenerAdapter - Downloading https://repo.maven.apache.org/maven2/javax/mail/mail/1.4.1/mail-1.4.1.jar
2016-12-11 18:57:12,724 [Worker-4] INFO  o.e.m.c.i.e.AbstractTransferListenerAdapter - Downloaded https://repo.maven.apache.org/maven2/javax/mail/mail/1.4.1/mail-1.4.1.jar
2016-12-11 18:57:13,854 [Worker-4] INFO  o.e.m.c.i.l.LifecycleMappingFactory - Using org.maven.ide.eclipse.wtp.WarLifecycleMapping lifecycle mapping for MavenProject: com.bcv.kagami:kagami-code-generator:1.0-SNAPSHOT @ E:\Kagami\Latest_platform_sustance_17\kagami-code-generator\pom.xml.
2016-12-11 18:57:14,663 [Worker-4] INFO  o.e.m.c.i.e.AbstractTransferListenerAdapter - Downloading https://repo.maven.apache.org/maven2/org/hibernate/hibernate-validator-cdi/5.1.0.Final/hibernate-validator-cdi-5.1.0.Final.pom
2016-12-11 18:57:15,041 [Worker-4] INFO  o.e.m.c.i.e.AbstractTransferListenerAdapter - Downloaded https://repo.maven.apache.org/maven2/org/hibernate/hibernate-validator-cdi/5.1.0.Final/hibernate-validator-cdi-5.1.0.Final.pom
2016-12-11 18:57:17,019 [Worker-4] INFO  o.e.m.c.i.e.AbstractTransferListenerAdapter - Downloading https://repo.maven.apache.org/maven2/com/fasterxml/jackson/core/jackson-core/2.0.2/jackson-core-2.0.2.pom
2016-12-11 18:57:17,338 [Worker-4] INFO  o.e.m.c.i.e.AbstractTransferListenerAdapter - Downloaded https://repo.maven.apache.org/maven2/com/fasterxml/jackson/core/jackson-core/2.0.2/jackson-core-2.0.2.pom
2016-12-11 18:57:17,597 [Worker-4] INFO  o.e.m.c.i.e.AbstractTransferListenerAdapter - Downloading https://repo.maven.apache.org/maven2/com/fasterxml/jackson/core/jackson-databind/2.0.2/jackson-databind-2.0.2.pom
2016-12-11 18:57:17,887 [Worker-4] INFO  o.e.m.c.i.e.AbstractTransferListenerAdapter - Downloaded https://repo.maven.apache.org/maven2/com/fasterxml/jackson/core/jackson-databind/2.0.2/jackson-databind-2.0.2.pom
2016-12-11 18:57:18,179 [Worker-4] INFO  o.e.m.c.i.e.AbstractTransferListenerAdapter - Downloading https://repo.maven.apache.org/maven2/com/fasterxml/jackson/core/jackson-annotations/2.0.2/jackson-annotations-2.0.2.pom
2016-12-11 18:57:18,451 [Worker-4] INFO  o.e.m.c.i.e.AbstractTransferListenerAdapter - Downloaded https://repo.maven.apache.org/maven2/com/fasterxml/jackson/core/jackson-annotations/2.0.2/jackson-annotations-2.0.2.pom
2016-12-11 18:57:18,704 [Worker-4] INFO  o.e.m.c.i.e.AbstractTransferListenerAdapter - Downloading https://repo.maven.apache.org/maven2/com/fasterxml/oss-parent/2/oss-parent-2.pom
2016-12-11 18:57:19,034 [Worker-4] INFO  o.e.m.c.i.e.AbstractTransferListenerAdapter - Downloaded https://repo.maven.apache.org/maven2/com/fasterxml/oss-parent/2/oss-parent-2.pom
2016-12-11 18:57:19,302 [Worker-4] INFO  o.e.m.c.i.e.AbstractTransferListenerAdapter - Downloading https://repo.maven.apache.org/maven2/org/quartz-scheduler/quartz/2.2.1/quartz-2.2.1.pom
2016-12-11 18:57:19,634 [Worker-4] INFO  o.e.m.c.i.e.AbstractTransferListenerAdapter - Downloaded https://repo.maven.apache.org/maven2/org/quartz-scheduler/quartz/2.2.1/quartz-2.2.1.pom
2016-12-11 18:57:19,903 [Worker-4] INFO  o.e.m.c.i.e.AbstractTransferListenerAdapter - Downloading https://repo.maven.apache.org/maven2/org/quartz-scheduler/quartz-parent/2.2.1/quartz-parent-2.2.1.pom
2016-12-11 18:57:20,246 [Worker-4] INFO  o.e.m.c.i.e.AbstractTransferListenerAdapter - Downloaded https://repo.maven.apache.org/maven2/org/quartz-scheduler/quartz-parent/2.2.1/quartz-parent-2.2.1.pom
2016-12-11 18:57:20,538 [Worker-4] INFO  o.e.m.c.i.e.AbstractTransferListenerAdapter - Downloading https://repo.maven.apache.org/maven2/c3p0/c3p0/0.9.1.1/c3p0-0.9.1.1.pom
2016-12-11 18:57:20,796 [Worker-4] INFO  o.e.m.c.i.e.AbstractTransferListenerAdapter - Downloaded https://repo.maven.apache.org/maven2/c3p0/c3p0/0.9.1.1/c3p0-0.9.1.1.pom
2016-12-11 18:57:21,195 [Worker-4] INFO  o.e.m.c.i.e.AbstractTransferListenerAdapter - Downloading https://repo.maven.apache.org/maven2/org/quartz-scheduler/quartz-jobs/2.2.1/quartz-jobs-2.2.1.pom
2016-12-11 18:57:21,491 [Worker-4] INFO  o.e.m.c.i.e.AbstractTransferListenerAdapter - Downloaded https://repo.maven.apache.org/maven2/org/quartz-scheduler/quartz-jobs/2.2.1/quartz-jobs-2.2.1.pom
2016-12-11 18:57:21,814 [Worker-4] INFO  o.e.m.c.i.e.AbstractTransferListenerAdapter - Downloading https://repo.maven.apache.org/maven2/mysql/mysql-connector-java/6.0.3/mysql-connector-java-6.0.3.pom
2016-12-11 18:57:22,129 [Worker-4] INFO  o.e.m.c.i.e.AbstractTransferListenerAdapter - Downloaded https://repo.maven.apache.org/maven2/mysql/mysql-connector-java/6.0.3/mysql-connector-java-6.0.3.pom
2016-12-11 18:57:23,951 [Worker-4] INFO  o.e.m.c.i.e.AbstractTransferListenerAdapter - Downloading https://repo.maven.apache.org/maven2/org/hibernate/hibernate-validator-cdi/5.1.0.Final/hibernate-validator-cdi-5.1.0.Final.jar
2016-12-11 18:57:24,567 [Worker-4] INFO  o.e.m.c.i.e.AbstractTransferListenerAdapter - Downloaded https://repo.maven.apache.org/maven2/org/hibernate/hibernate-validator-cdi/5.1.0.Final/hibernate-validator-cdi-5.1.0.Final.jar
2016-12-11 18:57:24,856 [Worker-4] INFO  o.e.m.c.i.e.AbstractTransferListenerAdapter - Downloading https://repo.maven.apache.org/maven2/org/quartz-scheduler/quartz/2.2.1/quartz-2.2.1.jar
2016-12-11 18:57:27,784 [Worker-4] INFO  o.e.m.c.i.e.AbstractTransferListenerAdapter - Downloaded https://repo.maven.apache.org/maven2/org/quartz-scheduler/quartz/2.2.1/quartz-2.2.1.jar
2016-12-11 18:57:28,020 [Worker-4] INFO  o.e.m.c.i.e.AbstractTransferListenerAdapter - Downloading https://repo.maven.apache.org/maven2/c3p0/c3p0/0.9.1.1/c3p0-0.9.1.1.jar
2016-12-11 18:57:30,730 [Worker-4] INFO  o.e.m.c.i.e.AbstractTransferListenerAdapter - Downloaded https://repo.maven.apache.org/maven2/c3p0/c3p0/0.9.1.1/c3p0-0.9.1.1.jar
2016-12-11 18:57:30,968 [Worker-4] INFO  o.e.m.c.i.e.AbstractTransferListenerAdapter - Downloading https://repo.maven.apache.org/maven2/org/quartz-scheduler/quartz-jobs/2.2.1/quartz-jobs-2.2.1.jar
2016-12-11 18:57:31,622 [Worker-4] INFO  o.e.m.c.i.e.AbstractTransferListenerAdapter - Downloaded https://repo.maven.apache.org/maven2/org/quartz-scheduler/quartz-jobs/2.2.1/quartz-jobs-2.2.1.jar
2016-12-11 18:57:32,617 [Worker-4] INFO  o.e.m.c.i.l.LifecycleMappingFactory - Using org.eclipse.m2e.jdt.JarLifecycleMapping lifecycle mapping for MavenProject: com.bcv.kagami:kagami-commons:1.0-SNAPSHOT @ E:\Kagami\Latest_platform_sustance_17\kagami-commons\pom.xml.
2016-12-11 18:57:33,454 [Worker-4] INFO  o.e.m.c.i.l.LifecycleMappingFactory - Using org.eclipse.m2e.jdt.JarLifecycleMapping lifecycle mapping for MavenProject: com.bcv.kagami:kagami-datasource:1.0-SNAPSHOT @ E:\Kagami\Latest_platform_sustance_17\kagami-datasource\pom.xml.
2016-12-11 18:57:34,281 [Worker-4] INFO  o.e.m.c.i.l.LifecycleMappingFactory - Using org.eclipse.m2e.jdt.JarLifecycleMapping lifecycle mapping for MavenProject: com.bcv.kagami:kagami-design:1.0-SNAPSHOT @ E:\Kagami\Latest_platform_sustance_17\kagami-design\pom.xml.
2016-12-11 18:57:34,840 [Worker-4] INFO  o.e.m.c.i.l.LifecycleMappingFactory - Using org.eclipse.m2e.jdt.JarLifecycleMapping lifecycle mapping for MavenProject: com.bcv.kagami:kagami-drool-drl:1.0-SNAPSHOT @ E:\Kagami\Latest_platform_sustance_17\kagami-drool-drl\pom.xml.
2016-12-11 18:57:35,464 [Worker-4] INFO  o.e.m.c.i.l.LifecycleMappingFactory - Using org.eclipse.m2e.jdt.JarLifecycleMapping lifecycle mapping for MavenProject: com.bcv.kagami:kagami-platform:1.0-SNAPSHOT @ E:\Kagami\Latest_platform_sustance_17\kagami-platform\pom.xml.
2016-12-11 18:57:35,953 [Worker-4] INFO  o.e.m.c.i.l.LifecycleMappingFactory - Using org.eclipse.m2e.jdt.JarLifecycleMapping lifecycle mapping for MavenProject: com.kagami.role:RoleManagement:0.0.1-SNAPSHOT @ E:\Kagami\Latest_platform_sustance_17\kagami-roles\pom.xml.
2016-12-11 18:57:36,534 [Worker-4] INFO  o.e.m.c.i.l.LifecycleMappingFactory - Using org.eclipse.m2e.jdt.JarLifecycleMapping lifecycle mapping for MavenProject: com.kagami.role:RoleRuntime:1.0-SNAPSHOT @ E:\Kagami\Latest_platform_sustance_17\kagami-roles-runtime\pom.xml.
2016-12-11 18:57:37,164 [Worker-4] INFO  o.e.m.c.i.l.LifecycleMappingFactory - Using org.maven.ide.eclipse.wtp.WarLifecycleMapping lifecycle mapping for MavenProject: org.kagami.role.web.service:RoleService:0.0.1-SNAPSHOT @ E:\Kagami\Latest_platform_sustance_17\kagami-roles-web-service\pom.xml.
2016-12-11 18:57:37,655 [Worker-4] INFO  o.e.m.c.i.l.LifecycleMappingFactory - Using org.eclipse.m2e.jdt.JarLifecycleMapping lifecycle mapping for MavenProject: com.bcv.kagami:kagami-scheduler:1.0-SNAPSHOT @ E:\Kagami\Latest_platform_sustance_17\kagami-scheduler\pom.xml.
2016-12-11 18:57:37,912 [Worker-4] INFO  o.e.m.c.i.e.AbstractTransferListenerAdapter - Downloading https://repo.maven.apache.org/maven2/com/fasterxml/jackson/core/jackson-core/2.0.2/jackson-core-2.0.2.jar
2016-12-11 18:57:39,676 [Worker-4] INFO  o.e.m.c.i.e.AbstractTransferListenerAdapter - Downloaded https://repo.maven.apache.org/maven2/com/fasterxml/jackson/core/jackson-core/2.0.2/jackson-core-2.0.2.jar
2016-12-11 18:57:39,921 [Worker-4] INFO  o.e.m.c.i.e.AbstractTransferListenerAdapter - Downloading https://repo.maven.apache.org/maven2/com/fasterxml/jackson/core/jackson-databind/2.0.2/jackson-databind-2.0.2.jar
2016-12-11 18:57:52,288 [Worker-4] INFO  o.e.m.c.i.e.AbstractTransferListenerAdapter - Downloaded https://repo.maven.apache.org/maven2/com/fasterxml/jackson/core/jackson-databind/2.0.2/jackson-databind-2.0.2.jar
2016-12-11 18:57:52,524 [Worker-4] INFO  o.e.m.c.i.e.AbstractTransferListenerAdapter - Downloading https://repo.maven.apache.org/maven2/com/fasterxml/jackson/core/jackson-annotations/2.0.2/jackson-annotations-2.0.2.jar
2016-12-11 18:57:53,510 [Worker-4] INFO  o.e.m.c.i.e.AbstractTransferListenerAdapter - Downloaded https://repo.maven.apache.org/maven2/com/fasterxml/jackson/core/jackson-annotations/2.0.2/jackson-annotations-2.0.2.jar
2016-12-11 18:57:53,751 [Worker-4] INFO  o.e.m.c.i.e.AbstractTransferListenerAdapter - Downloading https://repo.maven.apache.org/maven2/org/slf4j/slf4j-api/1.6.6/slf4j-api-1.6.6.jar
2016-12-11 18:57:54,494 [Worker-4] INFO  o.e.m.c.i.e.AbstractTransferListenerAdapter - Downloaded https://repo.maven.apache.org/maven2/org/slf4j/slf4j-api/1.6.6/slf4j-api-1.6.6.jar
2016-12-11 18:57:54,753 [Worker-4] INFO  o.e.m.c.i.e.AbstractTransferListenerAdapter - Downloading https://repo.maven.apache.org/maven2/mysql/mysql-connector-java/6.0.3/mysql-connector-java-6.0.3.jar
2016-12-11 18:58:16,784 [Worker-4] INFO  o.e.m.c.i.e.AbstractTransferListenerAdapter - Downloaded https://repo.maven.apache.org/maven2/mysql/mysql-connector-java/6.0.3/mysql-connector-java-6.0.3.jar
2016-12-11 18:58:17,946 [Worker-4] INFO  o.e.m.c.i.l.LifecycleMappingFactory - Using org.eclipse.m2e.jdt.JarLifecycleMapping lifecycle mapping for MavenProject: com.bcv.kagami:kagami-session:1.0-SNAPSHOT @ E:\Kagami\Latest_platform_sustance_17\kagami-session\pom.xml.
2016-12-11 18:58:18,473 [Worker-4] INFO  o.e.m.c.i.l.LifecycleMappingFactory - Using org.eclipse.m2e.jdt.JarLifecycleMapping lifecycle mapping for MavenProject: com.bcv.kagami:kagami-transaction:1.0-SNAPSHOT @ E:\Kagami\Latest_platform_sustance_17\kagami-transaction\pom.xml.
2016-12-11 18:58:19,122 [Worker-4] INFO  o.e.m.c.i.l.LifecycleMappingFactory - Using org.eclipse.m2e.jdt.JarLifecycleMapping lifecycle mapping for MavenProject: com.bcv.kagami:kagami-ui-generator:1.0-SNAPSHOT @ E:\Kagami\Latest_platform_sustance_17\kagami-ui-generator\pom.xml.
2016-12-11 18:58:19,606 [Worker-4] INFO  o.e.m.c.i.l.LifecycleMappingFactory - Using org.eclipse.m2e.jdt.JarLifecycleMapping lifecycle mapping for MavenProject: com.kagami.user:UserRoles:0.0.1-SNAPSHOT @ E:\Kagami\Latest_platform_sustance_17\kagami-user-roles\pom.xml.
2016-12-11 18:58:20,019 [Worker-4] INFO  o.e.m.c.i.l.LifecycleMappingFactory - Using org.eclipse.m2e.jdt.JarLifecycleMapping lifecycle mapping for MavenProject: com.bcv.kagami:kagami-utilities:0.0.1-SNAPSHOT @ E:\Kagami\Latest_platform_sustance_17\kagami-utilities\pom.xml.
2016-12-11 18:58:20,505 [Worker-4] INFO  o.e.m.c.i.l.LifecycleMappingFactory - Using org.eclipse.m2e.jdt.JarLifecycleMapping lifecycle mapping for MavenProject: com.bcv.kagami:kagami-verb:1.0-SNAPSHOT @ E:\Kagami\Latest_platform_sustance_17\kagami-verb\pom.xml.
2016-12-11 18:58:20,952 [Worker-4] INFO  o.e.m.c.i.l.LifecycleMappingFactory - Using org.eclipse.m2e.jdt.JarLifecycleMapping lifecycle mapping for MavenProject: com.bcv.kagami:kagami-verb-runtime:0.0.1-SNAPSHOT @ E:\Kagami\Latest_platform_sustance_17\kagami-verb-runtime\pom.xml.
2016-12-11 18:58:21,466 [Worker-4] INFO  o.e.m.c.i.e.AbstractTransferListenerAdapter - Downloading https://repo.maven.apache.org/maven2/javax/jms/javax.jms-api/2.0.1/javax.jms-api-2.0.1.pom
2016-12-11 18:58:21,796 [Worker-4] INFO  o.e.m.c.i.e.AbstractTransferListenerAdapter - Downloaded https://repo.maven.apache.org/maven2/javax/jms/javax.jms-api/2.0.1/javax.jms-api-2.0.1.pom
2016-12-11 18:58:24,980 [Worker-4] INFO  o.e.m.c.i.e.AbstractTransferListenerAdapter - Downloading https://repo.maven.apache.org/maven2/org/apache/poi/poi-ooxml/3.15-beta2/poi-ooxml-3.15-beta2.pom
2016-12-11 18:58:25,421 [Worker-4] INFO  o.e.m.c.i.e.AbstractTransferListenerAdapter - Downloaded https://repo.maven.apache.org/maven2/org/apache/poi/poi-ooxml/3.15-beta2/poi-ooxml-3.15-beta2.pom
2016-12-11 18:58:25,680 [Worker-4] INFO  o.e.m.c.i.e.AbstractTransferListenerAdapter - Downloading https://repo.maven.apache.org/maven2/org/apache/poi/poi/3.15-beta2/poi-3.15-beta2.pom
2016-12-11 18:58:25,966 [Worker-4] INFO  o.e.m.c.i.e.AbstractTransferListenerAdapter - Downloaded https://repo.maven.apache.org/maven2/org/apache/poi/poi/3.15-beta2/poi-3.15-beta2.pom
2016-12-11 18:58:26,228 [Worker-4] INFO  o.e.m.c.i.e.AbstractTransferListenerAdapter - Downloading https://repo.maven.apache.org/maven2/commons-codec/commons-codec/1.10/commons-codec-1.10.pom
2016-12-11 18:58:26,580 [Worker-4] INFO  o.e.m.c.i.e.AbstractTransferListenerAdapter - Downloaded https://repo.maven.apache.org/maven2/commons-codec/commons-codec/1.10/commons-codec-1.10.pom
2016-12-11 18:58:26,856 [Worker-4] INFO  o.e.m.c.i.e.AbstractTransferListenerAdapter - Downloading https://repo.maven.apache.org/maven2/org/apache/commons/commons-parent/35/commons-parent-35.pom
2016-12-11 18:58:27,550 [Worker-4] INFO  o.e.m.c.i.e.AbstractTransferListenerAdapter - Downloaded https://repo.maven.apache.org/maven2/org/apache/commons/commons-parent/35/commons-parent-35.pom
2016-12-11 18:58:27,918 [Worker-4] INFO  o.e.m.c.i.e.AbstractTransferListenerAdapter - Downloading https://repo.maven.apache.org/maven2/org/apache/poi/poi-ooxml-schemas/3.15-beta2/poi-ooxml-schemas-3.15-beta2.pom
2016-12-11 18:58:28,209 [Worker-4] INFO  o.e.m.c.i.e.AbstractTransferListenerAdapter - Downloaded https://repo.maven.apache.org/maven2/org/apache/poi/poi-ooxml-schemas/3.15-beta2/poi-ooxml-schemas-3.15-beta2.pom
2016-12-11 18:58:28,487 [Worker-4] INFO  o.e.m.c.i.e.AbstractTransferListenerAdapter - Downloading https://repo.maven.apache.org/maven2/org/apache/xmlbeans/xmlbeans/2.6.0/xmlbeans-2.6.0.pom
2016-12-11 18:58:28,779 [Worker-4] INFO  o.e.m.c.i.e.AbstractTransferListenerAdapter - Downloaded https://repo.maven.apache.org/maven2/org/apache/xmlbeans/xmlbeans/2.6.0/xmlbeans-2.6.0.pom
2016-12-11 18:58:29,162 [Worker-4] INFO  o.e.m.c.i.e.AbstractTransferListenerAdapter - Downloading https://repo.maven.apache.org/maven2/com/github/virtuald/curvesapi/1.04/curvesapi-1.04.pom
2016-12-11 18:58:29,930 [Worker-4] INFO  o.e.m.c.i.e.AbstractTransferListenerAdapter - Downloaded https://repo.maven.apache.org/maven2/com/github/virtuald/curvesapi/1.04/curvesapi-1.04.pom
2016-12-11 18:58:30,211 [Worker-4] INFO  o.e.m.c.i.e.AbstractTransferListenerAdapter - Downloading https://repo.maven.apache.org/maven2/org/jxls/jxls/2.3.0/jxls-2.3.0.pom
2016-12-11 18:58:30,523 [Worker-4] INFO  o.e.m.c.i.e.AbstractTransferListenerAdapter - Downloaded https://repo.maven.apache.org/maven2/org/jxls/jxls/2.3.0/jxls-2.3.0.pom
2016-12-11 18:58:30,790 [Worker-4] INFO  o.e.m.c.i.e.AbstractTransferListenerAdapter - Downloading https://repo.maven.apache.org/maven2/org/apache/commons/commons-jexl/2.1.1/commons-jexl-2.1.1.pom
2016-12-11 18:58:31,206 [Worker-4] INFO  o.e.m.c.i.e.AbstractTransferListenerAdapter - Downloaded https://repo.maven.apache.org/maven2/org/apache/commons/commons-jexl/2.1.1/commons-jexl-2.1.1.pom
2016-12-11 18:58:31,536 [Worker-4] INFO  o.e.m.c.i.e.AbstractTransferListenerAdapter - Downloading https://repo.maven.apache.org/maven2/commons-beanutils/commons-beanutils/1.9.2/commons-beanutils-1.9.2.pom
2016-12-11 18:58:31,917 [Worker-4] INFO  o.e.m.c.i.e.AbstractTransferListenerAdapter - Downloaded https://repo.maven.apache.org/maven2/commons-beanutils/commons-beanutils/1.9.2/commons-beanutils-1.9.2.pom
2016-12-11 18:58:32,194 [Worker-4] INFO  o.e.m.c.i.e.AbstractTransferListenerAdapter - Downloading https://repo.maven.apache.org/maven2/org/slf4j/jcl-over-slf4j/1.7.12/jcl-over-slf4j-1.7.12.pom
2016-12-11 18:58:32,515 [Worker-4] INFO  o.e.m.c.i.e.AbstractTransferListenerAdapter - Downloaded https://repo.maven.apache.org/maven2/org/slf4j/jcl-over-slf4j/1.7.12/jcl-over-slf4j-1.7.12.pom
2016-12-11 18:58:32,850 [Worker-4] INFO  o.e.m.c.i.e.AbstractTransferListenerAdapter - Downloading https://repo.maven.apache.org/maven2/ch/qos/logback/logback-core/1.1.3/logback-core-1.1.3.pom
2016-12-11 18:58:33,133 [Worker-4] INFO  o.e.m.c.i.e.AbstractTransferListenerAdapter - Downloaded https://repo.maven.apache.org/maven2/ch/qos/logback/logback-core/1.1.3/logback-core-1.1.3.pom
2016-12-11 18:58:33,417 [Worker-4] INFO  o.e.m.c.i.e.AbstractTransferListenerAdapter - Downloading https://repo.maven.apache.org/maven2/ch/qos/logback/logback-parent/1.1.3/logback-parent-1.1.3.pom
2016-12-11 18:58:34,022 [Worker-4] INFO  o.e.m.c.i.e.AbstractTransferListenerAdapter - Downloaded https://repo.maven.apache.org/maven2/ch/qos/logback/logback-parent/1.1.3/logback-parent-1.1.3.pom
2016-12-11 18:58:34,293 [Worker-4] INFO  o.e.m.c.i.e.AbstractTransferListenerAdapter - Downloading https://repo.maven.apache.org/maven2/org/jxls/jxls-poi/1.0.9/jxls-poi-1.0.9.pom
2016-12-11 18:58:34,634 [Worker-4] INFO  o.e.m.c.i.e.AbstractTransferListenerAdapter - Downloaded https://repo.maven.apache.org/maven2/org/jxls/jxls-poi/1.0.9/jxls-poi-1.0.9.pom
2016-12-11 18:58:34,909 [Worker-4] INFO  o.e.m.c.i.e.AbstractTransferListenerAdapter - Downloading https://repo.maven.apache.org/maven2/org/jxls/jxls/maven-metadata.xml
2016-12-11 18:58:35,181 [Worker-4] INFO  o.e.m.c.i.e.AbstractTransferListenerAdapter - Downloaded https://repo.maven.apache.org/maven2/org/jxls/jxls/maven-metadata.xml
2016-12-11 18:58:35,538 [Worker-4] INFO  o.e.m.c.i.e.AbstractTransferListenerAdapter - Downloading https://repo.maven.apache.org/maven2/org/jxls/jxls/2.0.0/jxls-2.0.0.pom
2016-12-11 18:58:35,873 [Worker-4] INFO  o.e.m.c.i.e.AbstractTransferListenerAdapter - Downloaded https://repo.maven.apache.org/maven2/org/jxls/jxls/2.0.0/jxls-2.0.0.pom
2016-12-11 18:58:36,137 [Worker-4] INFO  o.e.m.c.i.e.AbstractTransferListenerAdapter - Downloading https://repo.maven.apache.org/maven2/ch/qos/logback/logback-classic/1.1.3/logback-classic-1.1.3.pom
2016-12-11 18:58:36,504 [Worker-4] INFO  o.e.m.c.i.e.AbstractTransferListenerAdapter - Downloaded https://repo.maven.apache.org/maven2/ch/qos/logback/logback-classic/1.1.3/logback-classic-1.1.3.pom
2016-12-11 18:58:37,116 [Worker-4] INFO  o.e.m.c.i.e.AbstractTransferListenerAdapter - Downloading https://repo.maven.apache.org/maven2/org/jxls/jxls/2.1.0/jxls-2.1.0.pom
2016-12-11 18:58:37,625 [Worker-4] INFO  o.e.m.c.i.e.AbstractTransferListenerAdapter - Downloaded https://repo.maven.apache.org/maven2/org/jxls/jxls/2.1.0/jxls-2.1.0.pom
2016-12-11 18:58:37,889 [Worker-4] INFO  o.e.m.c.i.e.AbstractTransferListenerAdapter - Downloading https://repo.maven.apache.org/maven2/org/jxls/jxls/2.1.1/jxls-2.1.1.pom
2016-12-11 18:58:38,256 [Worker-4] INFO  o.e.m.c.i.e.AbstractTransferListenerAdapter - Downloaded https://repo.maven.apache.org/maven2/org/jxls/jxls/2.1.1/jxls-2.1.1.pom
2016-12-11 18:58:38,516 [Worker-4] INFO  o.e.m.c.i.e.AbstractTransferListenerAdapter - Downloading https://repo.maven.apache.org/maven2/org/jxls/jxls/2.2.0/jxls-2.2.0.pom
2016-12-11 18:58:38,873 [Worker-4] INFO  o.e.m.c.i.e.AbstractTransferListenerAdapter - Downloaded https://repo.maven.apache.org/maven2/org/jxls/jxls/2.2.0/jxls-2.2.0.pom
2016-12-11 18:58:39,124 [Worker-4] INFO  o.e.m.c.i.e.AbstractTransferListenerAdapter - Downloading https://repo.maven.apache.org/maven2/org/jxls/jxls/2.2.1/jxls-2.2.1.pom
2016-12-11 18:58:40,240 [Worker-4] INFO  o.e.m.c.i.e.AbstractTransferListenerAdapter - Downloaded https://repo.maven.apache.org/maven2/org/jxls/jxls/2.2.1/jxls-2.2.1.pom
2016-12-11 18:58:40,509 [Worker-4] INFO  o.e.m.c.i.e.AbstractTransferListenerAdapter - Downloading https://repo.maven.apache.org/maven2/org/jxls/jxls/2.2.2/jxls-2.2.2.pom
2016-12-11 18:58:41,204 [Worker-4] INFO  o.e.m.c.i.e.AbstractTransferListenerAdapter - Downloaded https://repo.maven.apache.org/maven2/org/jxls/jxls/2.2.2/jxls-2.2.2.pom
2016-12-11 18:58:41,463 [Worker-4] INFO  o.e.m.c.i.e.AbstractTransferListenerAdapter - Downloading https://repo.maven.apache.org/maven2/org/jxls/jxls/2.2.3/jxls-2.2.3.pom
2016-12-11 18:58:41,859 [Worker-4] INFO  o.e.m.c.i.e.AbstractTransferListenerAdapter - Downloaded https://repo.maven.apache.org/maven2/org/jxls/jxls/2.2.3/jxls-2.2.3.pom
2016-12-11 18:58:42,122 [Worker-4] INFO  o.e.m.c.i.e.AbstractTransferListenerAdapter - Downloading https://repo.maven.apache.org/maven2/org/jxls/jxls/2.2.4/jxls-2.2.4.pom
2016-12-11 18:58:42,516 [Worker-4] INFO  o.e.m.c.i.e.AbstractTransferListenerAdapter - Downloaded https://repo.maven.apache.org/maven2/org/jxls/jxls/2.2.4/jxls-2.2.4.pom
2016-12-11 18:58:42,786 [Worker-4] INFO  o.e.m.c.i.e.AbstractTransferListenerAdapter - Downloading https://repo.maven.apache.org/maven2/org/jxls/jxls/2.2.5/jxls-2.2.5.pom
2016-12-11 18:58:43,200 [Worker-4] INFO  o.e.m.c.i.e.AbstractTransferListenerAdapter - Downloaded https://repo.maven.apache.org/maven2/org/jxls/jxls/2.2.5/jxls-2.2.5.pom
2016-12-11 18:58:43,459 [Worker-4] INFO  o.e.m.c.i.e.AbstractTransferListenerAdapter - Downloading https://repo.maven.apache.org/maven2/org/jxls/jxls/2.2.6/jxls-2.2.6.pom
2016-12-11 18:58:44,944 [Worker-4] INFO  o.e.m.c.i.e.AbstractTransferListenerAdapter - Downloaded https://repo.maven.apache.org/maven2/org/jxls/jxls/2.2.6/jxls-2.2.6.pom
2016-12-11 18:58:45,210 [Worker-4] INFO  o.e.m.c.i.e.AbstractTransferListenerAdapter - Downloading https://repo.maven.apache.org/maven2/org/jxls/jxls/2.2.7/jxls-2.2.7.pom
2016-12-11 18:58:45,801 [Worker-4] INFO  o.e.m.c.i.e.AbstractTransferListenerAdapter - Downloaded https://repo.maven.apache.org/maven2/org/jxls/jxls/2.2.7/jxls-2.2.7.pom
2016-12-11 18:58:46,056 [Worker-4] INFO  o.e.m.c.i.e.AbstractTransferListenerAdapter - Downloading https://repo.maven.apache.org/maven2/org/jxls/jxls/2.2.8/jxls-2.2.8.pom
2016-12-11 18:58:46,620 [Worker-4] INFO  o.e.m.c.i.e.AbstractTransferListenerAdapter - Downloaded https://repo.maven.apache.org/maven2/org/jxls/jxls/2.2.8/jxls-2.2.8.pom
2016-12-11 18:58:46,960 [Worker-4] INFO  o.e.m.c.i.e.AbstractTransferListenerAdapter - Downloading https://repo.maven.apache.org/maven2/org/jxls/jxls/2.2.9/jxls-2.2.9.pom
2016-12-11 18:58:47,475 [Worker-4] INFO  o.e.m.c.i.e.AbstractTransferListenerAdapter - Downloaded https://repo.maven.apache.org/maven2/org/jxls/jxls/2.2.9/jxls-2.2.9.pom
2016-12-11 18:58:47,790 [Worker-4] INFO  o.e.m.c.i.e.AbstractTransferListenerAdapter - Downloading https://repo.maven.apache.org/maven2/org/apache/poi/poi/3.12/poi-3.12.pom
2016-12-11 18:58:48,074 [Worker-4] INFO  o.e.m.c.i.e.AbstractTransferListenerAdapter - Downloaded https://repo.maven.apache.org/maven2/org/apache/poi/poi/3.12/poi-3.12.pom
2016-12-11 18:58:49,150 [Worker-4] INFO  o.e.m.c.i.e.AbstractTransferListenerAdapter - Downloading https://repo.maven.apache.org/maven2/commons-codec/commons-codec/1.9/commons-codec-1.9.pom
2016-12-11 18:58:49,456 [Worker-4] INFO  o.e.m.c.i.e.AbstractTransferListenerAdapter - Downloaded https://repo.maven.apache.org/maven2/commons-codec/commons-codec/1.9/commons-codec-1.9.pom
2016-12-11 18:58:49,746 [Worker-4] INFO  o.e.m.c.i.e.AbstractTransferListenerAdapter - Downloading https://repo.maven.apache.org/maven2/org/apache/poi/poi-ooxml/3.12/poi-ooxml-3.12.pom
2016-12-11 18:58:50,100 [Worker-4] INFO  o.e.m.c.i.e.AbstractTransferListenerAdapter - Downloaded https://repo.maven.apache.org/maven2/org/apache/poi/poi-ooxml/3.12/poi-ooxml-3.12.pom
2016-12-11 18:58:50,360 [Worker-4] INFO  o.e.m.c.i.e.AbstractTransferListenerAdapter - Downloading https://repo.maven.apache.org/maven2/org/apache/poi/poi-ooxml-schemas/3.12/poi-ooxml-schemas-3.12.pom
2016-12-11 18:58:50,716 [Worker-4] INFO  o.e.m.c.i.e.AbstractTransferListenerAdapter - Downloaded https://repo.maven.apache.org/maven2/org/apache/poi/poi-ooxml-schemas/3.12/poi-ooxml-schemas-3.12.pom
2016-12-11 18:58:50,982 [Worker-4] INFO  o.e.m.c.i.e.AbstractTransferListenerAdapter - Downloading https://repo.maven.apache.org/maven2/org/jxls/jxls-reader/2.0.2/jxls-reader-2.0.2.pom
2016-12-11 18:58:51,508 [Worker-4] INFO  o.e.m.c.i.e.AbstractTransferListenerAdapter - Downloaded https://repo.maven.apache.org/maven2/org/jxls/jxls-reader/2.0.2/jxls-reader-2.0.2.pom
2016-12-11 18:58:51,771 [Worker-4] INFO  o.e.m.c.i.e.AbstractTransferListenerAdapter - Downloading https://repo.maven.apache.org/maven2/org/apache/commons/commons-digester3/3.2/commons-digester3-3.2.pom
2016-12-11 18:58:52,488 [Worker-4] INFO  o.e.m.c.i.e.AbstractTransferListenerAdapter - Downloaded https://repo.maven.apache.org/maven2/org/apache/commons/commons-digester3/3.2/commons-digester3-3.2.pom
2016-12-11 18:58:52,828 [Worker-4] INFO  o.e.m.c.i.e.AbstractTransferListenerAdapter - Downloading https://repo.maven.apache.org/maven2/cglib/cglib/2.2.2/cglib-2.2.2.pom
2016-12-11 18:58:53,105 [Worker-4] INFO  o.e.m.c.i.e.AbstractTransferListenerAdapter - Downloaded https://repo.maven.apache.org/maven2/cglib/cglib/2.2.2/cglib-2.2.2.pom
2016-12-11 18:58:53,620 [Worker-4] INFO  o.e.m.c.i.e.AbstractTransferListenerAdapter - Downloading https://repo.maven.apache.org/maven2/cglib/cglib/3.2.4/cglib-3.2.4.pom
2016-12-11 18:58:53,879 [Worker-4] INFO  o.e.m.c.i.e.AbstractTransferListenerAdapter - Downloaded https://repo.maven.apache.org/maven2/cglib/cglib/3.2.4/cglib-3.2.4.pom
2016-12-11 18:58:54,143 [Worker-4] INFO  o.e.m.c.i.e.AbstractTransferListenerAdapter - Downloading https://repo.maven.apache.org/maven2/cglib/cglib-parent/3.2.4/cglib-parent-3.2.4.pom
2016-12-11 18:58:54,523 [Worker-4] INFO  o.e.m.c.i.e.AbstractTransferListenerAdapter - Downloaded https://repo.maven.apache.org/maven2/cglib/cglib-parent/3.2.4/cglib-parent-3.2.4.pom
2016-12-11 18:58:54,830 [Worker-4] INFO  o.e.m.c.i.e.AbstractTransferListenerAdapter - Downloading https://repo.maven.apache.org/maven2/org/ow2/asm/asm/5.1/asm-5.1.pom
2016-12-11 18:58:55,102 [Worker-4] INFO  o.e.m.c.i.e.AbstractTransferListenerAdapter - Downloaded https://repo.maven.apache.org/maven2/org/ow2/asm/asm/5.1/asm-5.1.pom
2016-12-11 18:58:55,364 [Worker-4] INFO  o.e.m.c.i.e.AbstractTransferListenerAdapter - Downloading https://repo.maven.apache.org/maven2/org/ow2/asm/asm-parent/5.1/asm-parent-5.1.pom
2016-12-11 18:58:55,731 [Worker-4] INFO  o.e.m.c.i.e.AbstractTransferListenerAdapter - Downloaded https://repo.maven.apache.org/maven2/org/ow2/asm/asm-parent/5.1/asm-parent-5.1.pom
2016-12-11 18:58:56,064 [Worker-4] INFO  o.e.m.c.i.e.AbstractTransferListenerAdapter - Downloading https://repo.maven.apache.org/maven2/org/apache/ant/ant/1.9.6/ant-1.9.6.pom
2016-12-11 18:58:56,416 [Worker-4] INFO  o.e.m.c.i.e.AbstractTransferListenerAdapter - Downloaded https://repo.maven.apache.org/maven2/org/apache/ant/ant/1.9.6/ant-1.9.6.pom
2016-12-11 18:58:56,681 [Worker-4] INFO  o.e.m.c.i.e.AbstractTransferListenerAdapter - Downloading https://repo.maven.apache.org/maven2/org/apache/ant/ant-parent/1.9.6/ant-parent-1.9.6.pom
2016-12-11 18:58:57,024 [Worker-4] INFO  o.e.m.c.i.e.AbstractTransferListenerAdapter - Downloaded https://repo.maven.apache.org/maven2/org/apache/ant/ant-parent/1.9.6/ant-parent-1.9.6.pom
2016-12-11 18:58:57,442 [Worker-4] INFO  o.e.m.c.i.e.AbstractTransferListenerAdapter - Downloading https://repo.maven.apache.org/maven2/org/apache/ant/ant-launcher/1.9.6/ant-launcher-1.9.6.pom
2016-12-11 18:58:57,716 [Worker-4] INFO  o.e.m.c.i.e.AbstractTransferListenerAdapter - Downloaded https://repo.maven.apache.org/maven2/org/apache/ant/ant-launcher/1.9.6/ant-launcher-1.9.6.pom
2016-12-11 18:58:58,453 [Worker-4] INFO  o.e.m.c.i.e.AbstractTransferListenerAdapter - Downloading https://repo.maven.apache.org/maven2/javax/jms/javax.jms-api/2.0.1/javax.jms-api-2.0.1.jar
2016-12-11 18:58:59,951 [Worker-4] INFO  o.e.m.c.i.e.AbstractTransferListenerAdapter - Downloaded https://repo.maven.apache.org/maven2/javax/jms/javax.jms-api/2.0.1/javax.jms-api-2.0.1.jar
2016-12-11 18:59:00,198 [Worker-4] INFO  o.e.m.c.i.e.AbstractTransferListenerAdapter - Downloading https://repo.maven.apache.org/maven2/org/apache/poi/poi-ooxml/3.15-beta2/poi-ooxml-3.15-beta2.jar
2016-12-11 18:59:14,880 [Worker-4] INFO  o.e.m.c.i.e.AbstractTransferListenerAdapter - Downloaded https://repo.maven.apache.org/maven2/org/apache/poi/poi-ooxml/3.15-beta2/poi-ooxml-3.15-beta2.jar
2016-12-11 18:59:15,228 [Worker-4] INFO  o.e.m.c.i.e.AbstractTransferListenerAdapter - Downloading https://repo.maven.apache.org/maven2/org/apache/poi/poi/3.15-beta2/poi-3.15-beta2.jar
2016-12-11 18:59:57,492 [Worker-4] INFO  o.e.m.c.i.e.AbstractTransferListenerAdapter - Downloaded https://repo.maven.apache.org/maven2/org/apache/poi/poi/3.15-beta2/poi-3.15-beta2.jar
2016-12-11 18:59:57,762 [Worker-4] INFO  o.e.m.c.i.e.AbstractTransferListenerAdapter - Downloading https://repo.maven.apache.org/maven2/org/apache/poi/poi-ooxml-schemas/3.15-beta2/poi-ooxml-schemas-3.15-beta2.jar
2016-12-11 19:02:15,469 [Worker-4] INFO  o.e.m.c.i.e.AbstractTransferListenerAdapter - Downloaded https://repo.maven.apache.org/maven2/org/apache/poi/poi-ooxml-schemas/3.15-beta2/poi-ooxml-schemas-3.15-beta2.jar
2016-12-11 19:02:15,707 [Worker-4] INFO  o.e.m.c.i.e.AbstractTransferListenerAdapter - Downloading https://repo.maven.apache.org/maven2/org/apache/xmlbeans/xmlbeans/2.6.0/xmlbeans-2.6.0.jar
2016-12-11 19:02:35,021 [Worker-4] INFO  o.e.m.c.i.e.AbstractTransferListenerAdapter - Downloaded https://repo.maven.apache.org/maven2/org/apache/xmlbeans/xmlbeans/2.6.0/xmlbeans-2.6.0.jar
2016-12-11 19:02:35,281 [Worker-4] INFO  o.e.m.c.i.e.AbstractTransferListenerAdapter - Downloading https://repo.maven.apache.org/maven2/com/github/virtuald/curvesapi/1.04/curvesapi-1.04.jar
2016-12-11 19:02:36,649 [Worker-4] INFO  o.e.m.c.i.e.AbstractTransferListenerAdapter - Downloaded https://repo.maven.apache.org/maven2/com/github/virtuald/curvesapi/1.04/curvesapi-1.04.jar
2016-12-11 19:02:37,104 [Worker-4] INFO  o.e.m.c.i.e.AbstractTransferListenerAdapter - Downloading https://repo.maven.apache.org/maven2/org/jxls/jxls/2.3.0/jxls-2.3.0.jar
2016-12-11 19:02:39,847 [Worker-4] INFO  o.e.m.c.i.e.AbstractTransferListenerAdapter - Downloaded https://repo.maven.apache.org/maven2/org/jxls/jxls/2.3.0/jxls-2.3.0.jar
2016-12-11 19:02:40,323 [Worker-4] INFO  o.e.m.c.i.e.AbstractTransferListenerAdapter - Downloading https://repo.maven.apache.org/maven2/org/apache/commons/commons-jexl/2.1.1/commons-jexl-2.1.1.jar
2016-12-11 19:02:46,934 [Worker-4] INFO  o.e.m.c.i.e.AbstractTransferListenerAdapter - Downloaded https://repo.maven.apache.org/maven2/org/apache/commons/commons-jexl/2.1.1/commons-jexl-2.1.1.jar
2016-12-11 19:02:47,202 [Worker-4] INFO  o.e.m.c.i.e.AbstractTransferListenerAdapter - Downloading https://repo.maven.apache.org/maven2/ch/qos/logback/logback-core/1.1.3/logback-core-1.1.3.jar
2016-12-11 19:02:56,837 [Worker-4] INFO  o.e.m.c.i.e.AbstractTransferListenerAdapter - Downloaded https://repo.maven.apache.org/maven2/ch/qos/logback/logback-core/1.1.3/logback-core-1.1.3.jar
2016-12-11 19:02:57,079 [Worker-4] INFO  o.e.m.c.i.e.AbstractTransferListenerAdapter - Downloading https://repo.maven.apache.org/maven2/org/jxls/jxls-poi/1.0.9/jxls-poi-1.0.9.jar
2016-12-11 19:02:58,453 [Worker-4] INFO  o.e.m.c.i.e.AbstractTransferListenerAdapter - Downloaded https://repo.maven.apache.org/maven2/org/jxls/jxls-poi/1.0.9/jxls-poi-1.0.9.jar
2016-12-11 19:02:58,714 [Worker-4] INFO  o.e.m.c.i.e.AbstractTransferListenerAdapter - Downloading https://repo.maven.apache.org/maven2/org/jxls/jxls-reader/2.0.2/jxls-reader-2.0.2.jar
2016-12-11 19:03:00,183 [Worker-4] INFO  o.e.m.c.i.e.AbstractTransferListenerAdapter - Downloaded https://repo.maven.apache.org/maven2/org/jxls/jxls-reader/2.0.2/jxls-reader-2.0.2.jar
2016-12-11 19:03:00,440 [Worker-4] INFO  o.e.m.c.i.e.AbstractTransferListenerAdapter - Downloading https://repo.maven.apache.org/maven2/org/apache/commons/commons-digester3/3.2/commons-digester3-3.2-with-deps.jar
2016-12-11 19:03:12,812 [Worker-4] INFO  o.e.m.c.i.e.AbstractTransferListenerAdapter - Downloaded https://repo.maven.apache.org/maven2/org/apache/commons/commons-digester3/3.2/commons-digester3-3.2-with-deps.jar
2016-12-11 19:03:13,352 [Worker-4] INFO  o.e.m.c.i.e.AbstractTransferListenerAdapter - Downloading https://repo.maven.apache.org/maven2/org/javassist/javassist/3.20.0-GA/javassist-3.20.0-GA.jar
2016-12-11 19:03:21,738 [Worker-4] INFO  o.e.m.c.i.e.AbstractTransferListenerAdapter - Downloaded https://repo.maven.apache.org/maven2/org/javassist/javassist/3.20.0-GA/javassist-3.20.0-GA.jar
2016-12-11 19:03:22,023 [Worker-4] INFO  o.e.m.c.i.e.AbstractTransferListenerAdapter - Downloading https://repo.maven.apache.org/maven2/cglib/cglib/3.2.4/cglib-3.2.4.jar
2016-12-11 19:03:29,031 [Worker-4] INFO  o.e.m.c.i.e.AbstractTransferListenerAdapter - Downloaded https://repo.maven.apache.org/maven2/cglib/cglib/3.2.4/cglib-3.2.4.jar
2016-12-11 19:03:29,342 [Worker-4] INFO  o.e.m.c.i.e.AbstractTransferListenerAdapter - Downloading https://repo.maven.apache.org/maven2/org/ow2/asm/asm/5.1/asm-5.1.jar
2016-12-11 19:03:32,035 [Worker-4] INFO  o.e.m.c.i.e.AbstractTransferListenerAdapter - Downloaded https://repo.maven.apache.org/maven2/org/ow2/asm/asm/5.1/asm-5.1.jar
2016-12-11 19:03:32,286 [Worker-4] INFO  o.e.m.c.i.e.AbstractTransferListenerAdapter - Downloading https://repo.maven.apache.org/maven2/org/apache/ant/ant/1.9.6/ant-1.9.6.jar
2016-12-11 19:04:16,349 [Worker-4] INFO  o.e.m.c.i.e.AbstractTransferListenerAdapter - Downloaded https://repo.maven.apache.org/maven2/org/apache/ant/ant/1.9.6/ant-1.9.6.jar
2016-12-11 19:04:16,621 [Worker-4] INFO  o.e.m.c.i.e.AbstractTransferListenerAdapter - Downloading https://repo.maven.apache.org/maven2/org/apache/ant/ant-launcher/1.9.6/ant-launcher-1.9.6.jar
2016-12-11 19:04:17,139 [Worker-4] INFO  o.e.m.c.i.e.AbstractTransferListenerAdapter - Downloaded https://repo.maven.apache.org/maven2/org/apache/ant/ant-launcher/1.9.6/ant-launcher-1.9.6.jar
2016-12-11 19:04:29,045 [Worker-4] INFO  o.e.m.c.i.e.AbstractTransferListenerAdapter - Downloading https://repo.maven.apache.org/maven2/org/apache/maven/plugins/maven-shade-plugin/1.7/maven-shade-plugin-1.7.pom
2016-12-11 19:04:29,331 [Worker-4] INFO  o.e.m.c.i.e.AbstractTransferListenerAdapter - Downloaded https://repo.maven.apache.org/maven2/org/apache/maven/plugins/maven-shade-plugin/1.7/maven-shade-plugin-1.7.pom
2016-12-11 19:04:52,750 [Worker-4] INFO  o.e.m.j.i.AbstractJavaProjectConfigurator - Adding source folder /kagami-platform/src/main/java
2016-12-11 19:04:52,756 [Worker-4] INFO  o.e.m.j.i.AbstractJavaProjectConfigurator - Adding source folder /kagami-platform/src/test/java
2016-12-11 19:04:53,379 [Worker-4] INFO  o.e.m.j.i.AbstractJavaProjectConfigurator - Adding source folder /kagami-commons/src/main/java
2016-12-11 19:04:53,384 [Worker-4] INFO  o.e.m.j.i.AbstractJavaProjectConfigurator - Adding resource folder /kagami-commons/src/main/resources
2016-12-11 19:04:53,385 [Worker-4] INFO  o.e.m.j.i.AbstractJavaProjectConfigurator - Adding source folder /kagami-commons/src/test/java
2016-12-11 19:04:53,390 [Worker-4] INFO  o.e.m.j.i.AbstractJavaProjectConfigurator - Adding resource folder /kagami-commons/src/test/resources
2016-12-11 19:04:53,840 [Worker-4] INFO  o.e.m.j.i.AbstractJavaProjectConfigurator - Adding source folder /kagami-ui-generator/src/main/java
2016-12-11 19:04:53,841 [Worker-4] INFO  o.e.m.j.i.AbstractJavaProjectConfigurator - Adding source folder /kagami-ui-generator/src/test/java
2016-12-11 19:04:54,239 [Worker-4] INFO  o.e.m.j.i.AbstractJavaProjectConfigurator - Adding source folder /kagami-scheduler/src/main/java
2016-12-11 19:04:54,244 [Worker-4] INFO  o.e.m.j.i.AbstractJavaProjectConfigurator - Adding resource folder /kagami-scheduler/src/main/resources
2016-12-11 19:04:54,250 [Worker-4] INFO  o.e.m.j.i.AbstractJavaProjectConfigurator - Adding source folder /kagami-scheduler/src/test/java
2016-12-11 19:04:54,543 [Worker-4] INFO  o.e.m.j.i.AbstractJavaProjectConfigurator - Adding source folder /kagami-design/src/main/java
2016-12-11 19:04:54,543 [Worker-4] INFO  o.e.m.j.i.AbstractJavaProjectConfigurator - Adding source folder /kagami-design/src/test/java
2016-12-11 19:04:54,970 [Worker-4] INFO  o.e.m.j.i.AbstractJavaProjectConfigurator - Adding source folder /kagami-verb/src/main/java
2016-12-11 19:04:54,971 [Worker-4] INFO  o.e.m.j.i.AbstractJavaProjectConfigurator - Adding source folder /kagami-verb/src/test/java
2016-12-11 19:04:55,433 [Worker-4] INFO  o.e.m.j.i.AbstractJavaProjectConfigurator - Adding source folder /kagami-utilities/src/main/java
2016-12-11 19:04:55,434 [Worker-4] INFO  o.e.m.j.i.AbstractJavaProjectConfigurator - Adding source folder /kagami-utilities/src/test/java
2016-12-11 19:04:55,921 [Worker-4] INFO  o.e.m.j.i.AbstractJavaProjectConfigurator - Adding source folder /RoleRuntime/src/main/java
2016-12-11 19:04:55,926 [Worker-4] INFO  o.e.m.j.i.AbstractJavaProjectConfigurator - Adding resource folder /RoleRuntime/src/main/resources
2016-12-11 19:04:55,932 [Worker-4] INFO  o.e.m.j.i.AbstractJavaProjectConfigurator - Adding source folder /RoleRuntime/src/test/java
2016-12-11 19:04:55,932 [Worker-4] INFO  o.e.m.j.i.AbstractJavaProjectConfigurator - Adding resource folder /RoleRuntime/src/test/resources
2016-12-11 19:04:56,582 [Worker-4] INFO  o.e.m.j.i.AbstractJavaProjectConfigurator - Adding source folder /kagami-session/src/main/java
2016-12-11 19:04:56,583 [Worker-4] INFO  o.e.m.j.i.AbstractJavaProjectConfigurator - Adding source folder /kagami-session/src/test/java
2016-12-11 19:04:56,804 [Worker-4] INFO  o.e.m.j.i.AbstractJavaProjectConfigurator - Adding source folder /kagami-transaction/src/main/java
2016-12-11 19:04:56,804 [Worker-4] INFO  o.e.m.j.i.AbstractJavaProjectConfigurator - Adding resource folder /kagami-transaction/src/main/resources
2016-12-11 19:04:56,810 [Worker-4] INFO  o.e.m.j.i.AbstractJavaProjectConfigurator - Adding source folder /kagami-transaction/src/test/java
2016-12-11 19:04:56,815 [Worker-4] INFO  o.e.m.j.i.AbstractJavaProjectConfigurator - Adding resource folder /kagami-transaction/src/test/resources
2016-12-11 19:04:57,072 [Worker-4] INFO  o.e.m.j.i.AbstractJavaProjectConfigurator - Adding source folder /kagami-drool-drl/src/main/java
2016-12-11 19:04:57,073 [Worker-4] INFO  o.e.m.j.i.AbstractJavaProjectConfigurator - Adding resource folder /kagami-drool-drl/src/main/resources
2016-12-11 19:04:57,080 [Worker-4] INFO  o.e.m.j.i.AbstractJavaProjectConfigurator - Adding source folder /kagami-drool-drl/src/test/java
2016-12-11 19:04:57,804 [Worker-4] INFO  o.e.m.j.i.AbstractJavaProjectConfigurator - Adding source folder /RoleService/src/main/java
2016-12-11 19:04:57,805 [Worker-4] INFO  o.e.m.j.i.AbstractJavaProjectConfigurator - Adding resource folder /RoleService/src/main/resources
2016-12-11 19:04:57,805 [Worker-4] INFO  o.e.m.j.i.AbstractJavaProjectConfigurator - Adding source folder /RoleService/src/test/java
2016-12-11 19:05:11,325 [Worker-4] INFO  o.e.m.j.i.AbstractJavaProjectConfigurator - Adding source folder /kagami-bpm-web/src/main/java
2016-12-11 19:05:11,327 [Worker-4] INFO  o.e.m.j.i.AbstractJavaProjectConfigurator - Adding source folder /kagami-bpm-web/src/test/java
2016-12-11 19:05:13,205 [Worker-4] INFO  o.e.m.j.i.AbstractJavaProjectConfigurator - Adding source folder /kagami-datasource/src/main/java
2016-12-11 19:05:13,207 [Worker-4] INFO  o.e.m.j.i.AbstractJavaProjectConfigurator - Adding resource folder /kagami-datasource/src/main/resources
2016-12-11 19:05:13,252 [Worker-4] INFO  o.e.m.j.i.AbstractJavaProjectConfigurator - Adding source folder /kagami-datasource/src/test/java
2016-12-11 19:05:13,284 [Worker-4] INFO  o.e.m.j.i.AbstractJavaProjectConfigurator - Adding resource folder /kagami-datasource/src/test/resources
2016-12-11 19:05:14,657 [Worker-4] INFO  o.e.m.j.i.AbstractJavaProjectConfigurator - Adding source folder /kagami-app-downloader/src/main/java
2016-12-11 19:05:14,657 [Worker-4] INFO  o.e.m.j.i.AbstractJavaProjectConfigurator - Adding resource folder /kagami-app-downloader/src/main/resources
2016-12-11 19:05:14,742 [Worker-4] INFO  o.e.m.j.i.AbstractJavaProjectConfigurator - Adding source folder /kagami-app-downloader/src/test/java
2016-12-11 19:05:19,774 [Worker-4] INFO  o.e.m.j.i.AbstractJavaProjectConfigurator - Adding source folder /RoleManagement/src/main/java
2016-12-11 19:05:19,794 [Worker-4] INFO  o.e.m.j.i.AbstractJavaProjectConfigurator - Adding resource folder /RoleManagement/src/main/resources
2016-12-11 19:05:19,810 [Worker-4] INFO  o.e.m.j.i.AbstractJavaProjectConfigurator - Adding source folder /RoleManagement/src/test/java
2016-12-11 19:05:19,820 [Worker-4] INFO  o.e.m.j.i.AbstractJavaProjectConfigurator - Adding resource folder /RoleManagement/src/test/resources
2016-12-11 19:05:20,561 [Worker-4] INFO  o.e.m.j.i.AbstractJavaProjectConfigurator - Adding source folder /UserRoles/src/main/java
2016-12-11 19:05:20,561 [Worker-4] INFO  o.e.m.j.i.AbstractJavaProjectConfigurator - Adding resource folder /UserRoles/src/main/resources
2016-12-11 19:05:20,562 [Worker-4] INFO  o.e.m.j.i.AbstractJavaProjectConfigurator - Adding source folder /UserRoles/src/test/java
2016-12-11 19:05:20,570 [Worker-4] INFO  o.e.m.j.i.AbstractJavaProjectConfigurator - Adding resource folder /UserRoles/src/test/resources
2016-12-11 19:05:21,506 [Worker-4] INFO  o.e.m.j.i.AbstractJavaProjectConfigurator - Adding source folder /kagami-code-generator/src/main/java
2016-12-11 19:05:21,506 [Worker-4] INFO  o.e.m.j.i.AbstractJavaProjectConfigurator - Adding resource folder /kagami-code-generator/src/main/resources
2016-12-11 19:05:21,541 [Worker-4] INFO  o.e.m.j.i.AbstractJavaProjectConfigurator - Adding source folder /kagami-code-generator/src/test/java
2016-12-11 19:05:28,315 [Worker-4] INFO  o.e.m.j.i.AbstractJavaProjectConfigurator - Adding source folder /kagami-verb-runtime/src/main/java
2016-12-11 19:05:28,321 [Worker-4] INFO  o.e.m.j.i.AbstractJavaProjectConfigurator - Adding resource folder /kagami-verb-runtime/src/main/resources
2016-12-11 19:05:28,328 [Worker-4] INFO  o.e.m.j.i.AbstractJavaProjectConfigurator - Adding source folder /kagami-verb-runtime/src/test/java
2016-12-11 19:05:29,016 [Worker-4] INFO  o.e.m.c.i.p.ProjectConfigurationManager - Imported and configured 19 project(s) in 582 sec
2016-12-11 19:05:53,194 [Worker-16] INFO  o.e.m.c.i.embedder.EclipseLogger - Using 'UTF-8' encoding to copy filtered resources.
2016-12-11 19:05:53,222 [Worker-16] INFO  o.e.m.c.i.embedder.EclipseLogger - Copying 1 resource
2016-12-11 19:05:53,243 [Worker-16] INFO  o.e.m.c.i.embedder.EclipseLogger - Using 'UTF-8' encoding to copy filtered resources.
2016-12-11 19:05:53,250 [Worker-16] INFO  o.e.m.c.i.embedder.EclipseLogger - Copying 0 resource
2016-12-11 19:05:55,143 [Worker-16] INFO  o.e.m.c.i.embedder.EclipseLogger - Using 'UTF-8' encoding to copy filtered resources.
2016-12-11 19:05:55,144 [Worker-16] INFO  o.e.m.c.i.embedder.EclipseLogger - Copying 1 resource
2016-12-11 19:05:55,177 [Worker-16] INFO  o.e.m.c.i.embedder.EclipseLogger - Using 'UTF-8' encoding to copy filtered resources.
2016-12-11 19:05:55,177 [Worker-16] INFO  o.e.m.c.i.embedder.EclipseLogger - skip non existing resourceDirectory E:\Kagami\Latest_platform_sustance_17\kagami-app-downloader\src\test\resources
2016-12-11 19:05:57,635 [Worker-16] INFO  o.e.m.c.i.embedder.EclipseLogger - Using 'UTF-8' encoding to copy filtered resources.
2016-12-11 19:05:57,642 [Worker-16] INFO  o.e.m.c.i.embedder.EclipseLogger - Copying 0 resource
2016-12-11 19:05:57,649 [Worker-16] INFO  o.e.m.c.i.embedder.EclipseLogger - Using 'UTF-8' encoding to copy filtered resources.
2016-12-11 19:05:57,649 [Worker-16] INFO  o.e.m.c.i.embedder.EclipseLogger - Copying 0 resource
2016-12-11 19:06:02,446 [Worker-16] INFO  o.e.m.c.i.embedder.EclipseLogger - Using 'UTF-8' encoding to copy filtered resources.
2016-12-11 19:06:02,446 [Worker-16] INFO  o.e.m.c.i.embedder.EclipseLogger - skip non existing resourceDirectory E:\Kagami\Latest_platform_sustance_17\kagami-platform\src\main\resources
2016-12-11 19:06:02,448 [Worker-16] INFO  o.e.m.c.i.embedder.EclipseLogger - Using 'UTF-8' encoding to copy filtered resources.
2016-12-11 19:06:02,448 [Worker-16] INFO  o.e.m.c.i.embedder.EclipseLogger - skip non existing resourceDirectory E:\Kagami\Latest_platform_sustance_17\kagami-platform\src\test\resources
2016-12-11 19:06:08,228 [Worker-16] INFO  o.e.m.c.i.embedder.EclipseLogger - Using 'UTF-8' encoding to copy filtered resources.
2016-12-11 19:06:08,234 [Worker-16] INFO  o.e.m.c.i.embedder.EclipseLogger - Copying 1 resource
2016-12-11 19:06:08,245 [Worker-16] INFO  o.e.m.c.i.embedder.EclipseLogger - Using 'UTF-8' encoding to copy filtered resources.
2016-12-11 19:06:08,246 [Worker-16] INFO  o.e.m.c.i.embedder.EclipseLogger - Copying 0 resource
2016-12-11 19:06:10,444 [Worker-16] INFO  o.e.m.c.i.embedder.EclipseLogger - Using 'UTF-8' encoding to copy filtered resources.
2016-12-11 19:06:10,445 [Worker-16] INFO  o.e.m.c.i.embedder.EclipseLogger - Copying 4 resources
2016-12-11 19:06:10,465 [Worker-16] INFO  o.e.m.c.i.embedder.EclipseLogger - Using 'UTF-8' encoding to copy filtered resources.
2016-12-11 19:06:10,465 [Worker-16] INFO  o.e.m.c.i.embedder.EclipseLogger - Copying 0 resource
2016-12-11 19:06:10,950 [Worker-16] INFO  o.e.m.c.i.embedder.EclipseLogger - Using 'UTF-8' encoding to copy filtered resources.
2016-12-11 19:06:10,956 [Worker-16] INFO  o.e.m.c.i.embedder.EclipseLogger - Copying 5 resources
2016-12-11 19:06:11,042 [Worker-16] INFO  o.e.m.c.i.embedder.EclipseLogger - Using 'UTF-8' encoding to copy filtered resources.
2016-12-11 19:06:11,043 [Worker-16] INFO  o.e.m.c.i.embedder.EclipseLogger - skip non existing resourceDirectory E:\Kagami\Latest_platform_sustance_17\kagami-scheduler\src\test\resources
2016-12-11 19:06:13,909 [Worker-16] INFO  o.e.m.c.i.embedder.EclipseLogger - Using 'UTF-8' encoding to copy filtered resources.
2016-12-11 19:06:13,909 [Worker-16] INFO  o.e.m.c.i.embedder.EclipseLogger - skip non existing resourceDirectory E:\Kagami\Latest_platform_sustance_17\kagami-ui-generator\src\main\resources
2016-12-11 19:06:13,918 [Worker-16] INFO  o.e.m.c.i.embedder.EclipseLogger - Using 'UTF-8' encoding to copy filtered resources.
2016-12-11 19:06:13,918 [Worker-16] INFO  o.e.m.c.i.embedder.EclipseLogger - skip non existing resourceDirectory E:\Kagami\Latest_platform_sustance_17\kagami-ui-generator\src\test\resources
2016-12-11 19:06:17,091 [Worker-16] INFO  o.e.m.c.i.embedder.EclipseLogger - Using 'UTF-8' encoding to copy filtered resources.
2016-12-11 19:06:17,098 [Worker-16] INFO  o.e.m.c.i.embedder.EclipseLogger - skip non existing resourceDirectory E:\Kagami\Latest_platform_sustance_17\kagami-design\src\main\resources
2016-12-11 19:06:17,104 [Worker-16] INFO  o.e.m.c.i.embedder.EclipseLogger - Using 'UTF-8' encoding to copy filtered resources.
2016-12-11 19:06:17,104 [Worker-16] INFO  o.e.m.c.i.embedder.EclipseLogger - skip non existing resourceDirectory E:\Kagami\Latest_platform_sustance_17\kagami-design\src\test\resources
2016-12-11 19:06:19,825 [Worker-16] INFO  o.e.m.c.i.embedder.EclipseLogger - Using 'UTF-8' encoding to copy filtered resources.
2016-12-11 19:06:19,825 [Worker-16] INFO  o.e.m.c.i.embedder.EclipseLogger - skip non existing resourceDirectory E:\Kagami\Latest_platform_sustance_17\kagami-utilities\src\main\resources
2016-12-11 19:06:19,827 [Worker-16] INFO  o.e.m.c.i.embedder.EclipseLogger - Using 'UTF-8' encoding to copy filtered resources.
2016-12-11 19:06:19,827 [Worker-16] INFO  o.e.m.c.i.embedder.EclipseLogger - skip non existing resourceDirectory E:\Kagami\Latest_platform_sustance_17\kagami-utilities\src\test\resources
2016-12-11 19:06:22,766 [Worker-16] INFO  o.e.m.c.i.embedder.EclipseLogger - Using 'UTF-8' encoding to copy filtered resources.
2016-12-11 19:06:22,772 [Worker-16] INFO  o.e.m.c.i.embedder.EclipseLogger - Copying 0 resource
2016-12-11 19:06:22,779 [Worker-16] INFO  o.e.m.c.i.embedder.EclipseLogger - Using 'UTF-8' encoding to copy filtered resources.
2016-12-11 19:06:22,779 [Worker-16] INFO  o.e.m.c.i.embedder.EclipseLogger - skip non existing resourceDirectory E:\Kagami\Latest_platform_sustance_17\kagami-drool-drl\src\test\resources
2016-12-11 19:06:26,357 [Worker-16] INFO  o.e.m.c.i.embedder.EclipseLogger - Using 'UTF-8' encoding to copy filtered resources.
2016-12-11 19:06:26,358 [Worker-16] INFO  o.e.m.c.i.embedder.EclipseLogger - skip non existing resourceDirectory E:\Kagami\Latest_platform_sustance_17\kagami-session\src\main\resources
2016-12-11 19:06:26,360 [Worker-16] INFO  o.e.m.c.i.embedder.EclipseLogger - Using 'UTF-8' encoding to copy filtered resources.
2016-12-11 19:06:26,360 [Worker-16] INFO  o.e.m.c.i.embedder.EclipseLogger - skip non existing resourceDirectory E:\Kagami\Latest_platform_sustance_17\kagami-session\src\test\resources
2016-12-11 19:06:28,639 [Worker-16] INFO  o.e.m.c.i.embedder.EclipseLogger - Using 'UTF-8' encoding to copy filtered resources.
2016-12-11 19:06:28,644 [Worker-16] INFO  o.e.m.c.i.embedder.EclipseLogger - Copying 0 resource
2016-12-11 19:06:28,651 [Worker-16] INFO  o.e.m.c.i.embedder.EclipseLogger - Using 'UTF-8' encoding to copy filtered resources.
2016-12-11 19:06:28,652 [Worker-16] INFO  o.e.m.c.i.embedder.EclipseLogger - Copying 0 resource
2016-12-11 19:06:30,855 [Worker-16] INFO  o.e.m.c.i.embedder.EclipseLogger - Using 'UTF-8' encoding to copy filtered resources.
2016-12-11 19:06:30,856 [Worker-16] INFO  o.e.m.c.i.embedder.EclipseLogger - Copying 4 resources
2016-12-11 19:06:30,873 [Worker-16] INFO  o.e.m.c.i.embedder.EclipseLogger - Using 'UTF-8' encoding to copy filtered resources.
2016-12-11 19:06:30,873 [Worker-16] INFO  o.e.m.c.i.embedder.EclipseLogger - Copying 0 resource
2016-12-11 19:06:32,910 [Worker-16] INFO  o.e.m.c.i.embedder.EclipseLogger - Using 'UTF-8' encoding to copy filtered resources.
2016-12-11 19:06:32,915 [Worker-16] INFO  o.e.m.c.i.embedder.EclipseLogger - Copying 4 resources
2016-12-11 19:06:32,979 [Worker-16] INFO  o.e.m.c.i.embedder.EclipseLogger - Using 'UTF-8' encoding to copy filtered resources.
2016-12-11 19:06:32,979 [Worker-16] INFO  o.e.m.c.i.embedder.EclipseLogger - skip non existing resourceDirectory E:\Kagami\Latest_platform_sustance_17\kagami-roles-web-service\src\test\resources
2016-12-11 19:06:36,740 [Worker-16] INFO  o.e.m.c.i.embedder.EclipseLogger - Using 'UTF-8' encoding to copy filtered resources.
2016-12-11 19:06:36,740 [Worker-16] INFO  o.e.m.c.i.embedder.EclipseLogger - skip non existing resourceDirectory E:\Kagami\Latest_platform_sustance_17\kagami-bpm-web\src\main\resources
2016-12-11 19:06:36,744 [Worker-16] INFO  o.e.m.c.i.embedder.EclipseLogger - Using 'UTF-8' encoding to copy filtered resources.
2016-12-11 19:06:36,744 [Worker-16] INFO  o.e.m.c.i.embedder.EclipseLogger - skip non existing resourceDirectory E:\Kagami\Latest_platform_sustance_17\kagami-bpm-web\src\test\resources
2016-12-11 19:06:38,859 [Worker-16] INFO  o.e.m.c.i.embedder.EclipseLogger - Using 'UTF-8' encoding to copy filtered resources.
2016-12-11 19:06:38,866 [Worker-16] INFO  o.e.m.c.i.embedder.EclipseLogger - skip non existing resourceDirectory E:\Kagami\Latest_platform_sustance_17\kagami-verb\src\main\resources
2016-12-11 19:06:38,874 [Worker-16] INFO  o.e.m.c.i.embedder.EclipseLogger - Using 'UTF-8' encoding to copy filtered resources.
2016-12-11 19:06:38,874 [Worker-16] INFO  o.e.m.c.i.embedder.EclipseLogger - skip non existing resourceDirectory E:\Kagami\Latest_platform_sustance_17\kagami-verb\src\test\resources
2016-12-11 19:06:44,754 [Worker-16] INFO  o.e.m.c.i.embedder.EclipseLogger - Using 'UTF-8' encoding to copy filtered resources.
2016-12-11 19:06:44,767 [Worker-16] INFO  o.e.m.c.i.embedder.EclipseLogger - Copying 939 resources
2016-12-11 19:06:50,620 [Worker-16] INFO  o.e.m.c.i.embedder.EclipseLogger - Using 'UTF-8' encoding to copy filtered resources.
2016-12-11 19:06:50,620 [Worker-16] INFO  o.e.m.c.i.embedder.EclipseLogger - skip non existing resourceDirectory E:\Kagami\Latest_platform_sustance_17\kagami-code-generator\src\test\resources
2016-12-11 19:06:57,950 [Worker-4] INFO  o.e.m.c.i.embedder.EclipseLogger - Using 'UTF-8' encoding to copy filtered resources.
2016-12-11 19:06:57,955 [Worker-4] INFO  o.e.m.c.i.embedder.EclipseLogger - Copying 2 resources
2016-12-11 19:06:57,999 [Worker-4] INFO  o.e.m.c.i.embedder.EclipseLogger - Using 'UTF-8' encoding to copy filtered resources.
2016-12-11 19:06:58,000 [Worker-4] INFO  o.e.m.c.i.embedder.EclipseLogger - skip non existing resourceDirectory E:\Kagami\Latest_platform_sustance_17\kagami-verb-runtime\src\test\resources
2016-12-11 20:15:44,235 [Worker-38] INFO  o.e.m.c.i.embedder.EclipseLogger - Using 'UTF-8' encoding to copy filtered resources.
2016-12-11 20:15:44,373 [Worker-38] INFO  o.e.m.c.i.embedder.EclipseLogger - Copying 0 resource
2016-12-11 20:15:44,378 [Worker-38] INFO  o.e.m.c.i.embedder.EclipseLogger - Using 'UTF-8' encoding to copy filtered resources.
2016-12-11 20:15:44,378 [Worker-38] INFO  o.e.m.c.i.embedder.EclipseLogger - skip non existing resourceDirectory E:\Kagami\Latest_platform_sustance_17\kagami-app-downloader\src\test\resources
