2016-08-12 19:48:36,019 [Worker-11] INFO  o.e.m.c.i.p.ProjectConfigurationManager - Collecting project info '/pom.xml' C:\Users\DavidHusen\workspace\Check\SimpleWebApp\pom.xml
2016-08-12 19:48:37,496 [Worker-11] INFO  o.e.m.c.i.l.LifecycleMappingFactory - Using org.maven.ide.eclipse.wtp.WarLifecycleMapping lifecycle mapping for MavenProject: com.webb.appp:SimpleWebApp:0.1 @ C:\Users\DavidHusen\workspace\Check\SimpleWebApp\pom.xml.
2016-08-12 19:48:39,147 [Worker-11] INFO  o.e.m.j.i.AbstractJavaProjectConfigurator - Adding source folder /SimpleWebApp/src/main/java
2016-08-12 19:48:39,148 [Worker-11] INFO  o.e.m.j.i.AbstractJavaProjectConfigurator - Adding resource folder /SimpleWebApp/src/main/resources
2016-08-12 19:48:39,149 [Worker-11] INFO  o.e.m.j.i.AbstractJavaProjectConfigurator - Adding source folder /SimpleWebApp/src/test/java
2016-08-12 19:48:43,629 [Worker-11] INFO  o.e.m.c.i.p.ProjectConfigurationManager - Imported and configured 1 project(s) in 7 sec
2016-08-12 19:48:44,661 [Worker-15] WARN  o.e.m.c.i.embedder.EclipseLogger - Using platform encoding (Cp1252 actually) to copy filtered resources, i.e. build is platform dependent!
2016-08-12 19:48:44,712 [Worker-15] INFO  o.e.m.c.i.embedder.EclipseLogger - Copying 0 resource
2016-08-12 19:48:44,715 [Worker-15] WARN  o.e.m.c.i.embedder.EclipseLogger - Using platform encoding (Cp1252 actually) to copy filtered resources, i.e. build is platform dependent!
2016-08-12 19:48:44,720 [Worker-15] INFO  o.e.m.c.i.embedder.EclipseLogger - skip non existing resourceDirectory C:\Users\DavidHusen\workspace\Check\SimpleWebApp\src\test\resources
2016-08-12 19:48:47,925 [Worker-13] WARN  o.e.m.c.i.embedder.EclipseLogger - Using platform encoding (Cp1252 actually) to copy filtered resources, i.e. build is platform dependent!
2016-08-12 19:48:47,946 [Worker-13] INFO  o.e.m.c.i.embedder.EclipseLogger - Copying 0 resource
2016-08-12 19:48:47,948 [Worker-13] WARN  o.e.m.c.i.embedder.EclipseLogger - Using platform encoding (Cp1252 actually) to copy filtered resources, i.e. build is platform dependent!
2016-08-12 19:48:47,953 [Worker-13] INFO  o.e.m.c.i.embedder.EclipseLogger - skip non existing resourceDirectory C:\Users\DavidHusen\workspace\Check\SimpleWebApp\src\test\resources
2016-08-12 19:50:38,929 [Worker-11] INFO  o.e.m.c.i.p.ProjectConfigurationManager - Collecting project info '/pom.xml' C:\Users\DavidHusen\workspace\Check\SimpleApp\pom.xml
2016-08-12 19:50:39,874 [Worker-11] INFO  o.e.m.c.i.l.LifecycleMappingFactory - Using org.maven.ide.eclipse.wtp.WarLifecycleMapping lifecycle mapping for MavenProject: com.youtube:SimpleApp:0.1 @ C:\Users\DavidHusen\workspace\Check\SimpleApp\pom.xml.
2016-08-12 19:50:40,940 [Worker-11] INFO  o.e.m.j.i.AbstractJavaProjectConfigurator - Adding source folder /SimpleApp/src/main/java
2016-08-12 19:50:40,940 [Worker-11] INFO  o.e.m.j.i.AbstractJavaProjectConfigurator - Adding resource folder /SimpleApp/src/main/resources
2016-08-12 19:50:40,941 [Worker-11] INFO  o.e.m.j.i.AbstractJavaProjectConfigurator - Adding source folder /SimpleApp/src/test/java
2016-08-12 19:50:43,039 [Worker-11] INFO  o.e.m.c.i.p.ProjectConfigurationManager - Imported and configured 1 project(s) in 4 sec
2016-08-12 19:50:43,390 [Worker-15] WARN  o.e.m.c.i.embedder.EclipseLogger - Using platform encoding (Cp1252 actually) to copy filtered resources, i.e. build is platform dependent!
2016-08-12 19:50:43,400 [Worker-15] INFO  o.e.m.c.i.embedder.EclipseLogger - Copying 0 resource
2016-08-12 19:50:43,409 [Worker-15] WARN  o.e.m.c.i.embedder.EclipseLogger - Using platform encoding (Cp1252 actually) to copy filtered resources, i.e. build is platform dependent!
2016-08-12 19:50:43,415 [Worker-15] INFO  o.e.m.c.i.embedder.EclipseLogger - skip non existing resourceDirectory C:\Users\DavidHusen\workspace\Check\SimpleApp\src\test\resources
2016-08-12 19:51:36,941 [Worker-6] INFO  o.e.m.c.i.p.ProjectConfigurationManager - Collecting project info '/pom.xml' C:\Users\DavidHusen\workspace\Check\SimpleApp\pom.xml
2016-08-12 19:51:37,821 [Worker-6] INFO  o.e.m.c.i.l.LifecycleMappingFactory - Using org.maven.ide.eclipse.wtp.WarLifecycleMapping lifecycle mapping for MavenProject: com.youtube:SimpleApp:0.1 @ C:\Users\DavidHusen\workspace\Check\SimpleApp\pom.xml.
2016-08-12 19:51:38,776 [Worker-6] INFO  o.e.m.j.i.AbstractJavaProjectConfigurator - Adding source folder /SimpleApp/src/main/java
2016-08-12 19:51:38,776 [Worker-6] INFO  o.e.m.j.i.AbstractJavaProjectConfigurator - Adding resource folder /SimpleApp/src/main/resources
2016-08-12 19:51:38,792 [Worker-6] INFO  o.e.m.j.i.AbstractJavaProjectConfigurator - Adding source folder /SimpleApp/src/test/java
2016-08-12 19:51:40,666 [Worker-6] INFO  o.e.m.c.i.p.ProjectConfigurationManager - Imported and configured 1 project(s) in 3 sec
2016-08-12 19:51:40,979 [Worker-9] WARN  o.e.m.c.i.embedder.EclipseLogger - Using platform encoding (Cp1252 actually) to copy filtered resources, i.e. build is platform dependent!
2016-08-12 19:51:40,989 [Worker-9] INFO  o.e.m.c.i.embedder.EclipseLogger - Copying 0 resource
2016-08-12 19:51:40,995 [Worker-9] WARN  o.e.m.c.i.embedder.EclipseLogger - Using platform encoding (Cp1252 actually) to copy filtered resources, i.e. build is platform dependent!
2016-08-12 19:51:41,000 [Worker-9] INFO  o.e.m.c.i.embedder.EclipseLogger - skip non existing resourceDirectory C:\Users\DavidHusen\workspace\Check\SimpleApp\src\test\resources
2016-08-12 19:52:43,326 [Worker-1] INFO  o.e.m.c.i.l.LifecycleMappingFactory - Using org.maven.ide.eclipse.wtp.WarLifecycleMapping lifecycle mapping for MavenProject: com.youtube:SimpleApp:0.1 @ C:\Users\DavidHusen\workspace\Check\SimpleApp\pom.xml.
2016-08-12 19:52:44,523 [Worker-1] WARN  o.e.m.c.i.embedder.EclipseLogger - Using platform encoding (Cp1252 actually) to copy filtered resources, i.e. build is platform dependent!
2016-08-12 19:52:44,533 [Worker-1] INFO  o.e.m.c.i.embedder.EclipseLogger - Copying 0 resource
2016-08-12 19:52:44,540 [Worker-1] WARN  o.e.m.c.i.embedder.EclipseLogger - Using platform encoding (Cp1252 actually) to copy filtered resources, i.e. build is platform dependent!
2016-08-12 19:52:44,549 [Worker-1] INFO  o.e.m.c.i.embedder.EclipseLogger - skip non existing resourceDirectory C:\Users\DavidHusen\workspace\Check\SimpleApp\src\test\resources
2016-08-12 19:52:44,549 [Worker-1] INFO  o.e.m.w.i.f.ResourceFilteringBuildParticipant - Changed resources require a complete clean of filtered resources of SimpleApp
2016-08-12 19:52:44,554 [Worker-1] INFO  o.e.m.w.i.f.ResourceFilteringBuildParticipant - Executing resource filtering for SimpleApp
2016-08-12 19:52:44,561 [Worker-1] WARN  o.e.m.c.i.embedder.EclipseLogger - Using platform encoding (Cp1252 actually) to copy filtered resources, i.e. build is platform dependent!
2016-08-12 19:52:45,745 [Worker-3] WARN  o.e.m.c.i.embedder.EclipseLogger - Using platform encoding (Cp1252 actually) to copy filtered resources, i.e. build is platform dependent!
2016-08-12 19:52:45,753 [Worker-3] INFO  o.e.m.c.i.embedder.EclipseLogger - Copying 0 resource
2016-08-12 19:52:45,755 [Worker-3] WARN  o.e.m.c.i.embedder.EclipseLogger - Using platform encoding (Cp1252 actually) to copy filtered resources, i.e. build is platform dependent!
2016-08-12 19:52:45,760 [Worker-3] INFO  o.e.m.c.i.embedder.EclipseLogger - skip non existing resourceDirectory C:\Users\DavidHusen\workspace\Check\SimpleApp\src\test\resources
2016-08-12 19:57:23,165 [Worker-17] INFO  o.e.m.c.i.l.LifecycleMappingFactory - Using org.maven.ide.eclipse.wtp.WarLifecycleMapping lifecycle mapping for MavenProject: com.youtube:SimpleApp:0.1 @ C:\Users\DavidHusen\workspace\Check\SimpleApp\pom.xml.
2016-08-12 19:57:24,347 [Worker-17] WARN  o.e.m.c.i.embedder.EclipseLogger - Using platform encoding (Cp1252 actually) to copy filtered resources, i.e. build is platform dependent!
2016-08-12 19:57:24,359 [Worker-17] INFO  o.e.m.c.i.embedder.EclipseLogger - Copying 0 resource
2016-08-12 19:57:24,362 [Worker-17] WARN  o.e.m.c.i.embedder.EclipseLogger - Using platform encoding (Cp1252 actually) to copy filtered resources, i.e. build is platform dependent!
2016-08-12 19:57:24,372 [Worker-17] INFO  o.e.m.c.i.embedder.EclipseLogger - skip non existing resourceDirectory C:\Users\DavidHusen\workspace\Check\SimpleApp\src\test\resources
2016-08-12 19:57:24,372 [Worker-17] INFO  o.e.m.w.i.f.ResourceFilteringBuildParticipant - Changed resources require a complete clean of filtered resources of SimpleApp
2016-08-12 19:57:24,376 [Worker-17] INFO  o.e.m.w.i.f.ResourceFilteringBuildParticipant - Executing resource filtering for SimpleApp
2016-08-12 19:57:24,382 [Worker-17] WARN  o.e.m.c.i.embedder.EclipseLogger - Using platform encoding (Cp1252 actually) to copy filtered resources, i.e. build is platform dependent!
2016-08-12 19:57:25,569 [Worker-17] WARN  o.e.m.c.i.embedder.EclipseLogger - Using platform encoding (Cp1252 actually) to copy filtered resources, i.e. build is platform dependent!
2016-08-12 19:57:25,602 [Worker-17] INFO  o.e.m.c.i.embedder.EclipseLogger - Copying 0 resource
2016-08-12 19:57:25,607 [Worker-17] WARN  o.e.m.c.i.embedder.EclipseLogger - Using platform encoding (Cp1252 actually) to copy filtered resources, i.e. build is platform dependent!
2016-08-12 19:57:25,612 [Worker-17] INFO  o.e.m.c.i.embedder.EclipseLogger - skip non existing resourceDirectory C:\Users\DavidHusen\workspace\Check\SimpleApp\src\test\resources
2016-08-12 19:57:57,189 [Worker-17] WARN  o.e.m.c.i.embedder.EclipseLogger - Using platform encoding (Cp1252 actually) to copy filtered resources, i.e. build is platform dependent!
2016-08-12 19:57:57,194 [Worker-17] INFO  o.e.m.c.i.embedder.EclipseLogger - Copying 0 resource
2016-08-12 19:57:57,201 [Worker-17] WARN  o.e.m.c.i.embedder.EclipseLogger - Using platform encoding (Cp1252 actually) to copy filtered resources, i.e. build is platform dependent!
2016-08-12 19:57:57,220 [Worker-17] INFO  o.e.m.c.i.embedder.EclipseLogger - skip non existing resourceDirectory C:\Users\DavidHusen\workspace\Check\SimpleApp\src\test\resources
2016-08-12 19:58:40,546 [Worker-16] WARN  o.e.m.c.i.embedder.EclipseLogger - Using platform encoding (Cp1252 actually) to copy filtered resources, i.e. build is platform dependent!
2016-08-12 19:58:40,569 [Worker-16] INFO  o.e.m.c.i.embedder.EclipseLogger - Copying 0 resource
2016-08-12 19:58:40,577 [Worker-16] WARN  o.e.m.c.i.embedder.EclipseLogger - Using platform encoding (Cp1252 actually) to copy filtered resources, i.e. build is platform dependent!
2016-08-12 19:58:40,589 [Worker-16] INFO  o.e.m.c.i.embedder.EclipseLogger - skip non existing resourceDirectory C:\Users\DavidHusen\workspace\Check\SimpleApp\src\test\resources
2016-08-12 19:59:05,042 [Worker-1] WARN  o.e.m.c.i.embedder.EclipseLogger - Using platform encoding (Cp1252 actually) to copy filtered resources, i.e. build is platform dependent!
2016-08-12 19:59:05,049 [Worker-1] INFO  o.e.m.c.i.embedder.EclipseLogger - Copying 0 resource
2016-08-12 19:59:05,055 [Worker-1] WARN  o.e.m.c.i.embedder.EclipseLogger - Using platform encoding (Cp1252 actually) to copy filtered resources, i.e. build is platform dependent!
2016-08-12 19:59:05,064 [Worker-1] INFO  o.e.m.c.i.embedder.EclipseLogger - skip non existing resourceDirectory C:\Users\DavidHusen\workspace\Check\SimpleApp\src\test\resources
2016-08-12 19:59:57,789 [Worker-16] WARN  o.e.m.c.i.embedder.EclipseLogger - Using platform encoding (Cp1252 actually) to copy filtered resources, i.e. build is platform dependent!
2016-08-12 19:59:57,801 [Worker-16] INFO  o.e.m.c.i.embedder.EclipseLogger - Copying 0 resource
2016-08-12 19:59:57,808 [Worker-16] WARN  o.e.m.c.i.embedder.EclipseLogger - Using platform encoding (Cp1252 actually) to copy filtered resources, i.e. build is platform dependent!
2016-08-12 19:59:57,821 [Worker-16] INFO  o.e.m.c.i.embedder.EclipseLogger - skip non existing resourceDirectory C:\Users\DavidHusen\workspace\Check\SimpleApp\src\test\resources
2016-08-12 20:00:30,215 [Worker-15] WARN  o.e.m.c.i.embedder.EclipseLogger - Using platform encoding (Cp1252 actually) to copy filtered resources, i.e. build is platform dependent!
2016-08-12 20:00:30,222 [Worker-15] INFO  o.e.m.c.i.embedder.EclipseLogger - Copying 0 resource
2016-08-12 20:00:30,227 [Worker-15] WARN  o.e.m.c.i.embedder.EclipseLogger - Using platform encoding (Cp1252 actually) to copy filtered resources, i.e. build is platform dependent!
2016-08-12 20:00:30,237 [Worker-15] INFO  o.e.m.c.i.embedder.EclipseLogger - skip non existing resourceDirectory C:\Users\DavidHusen\workspace\Check\SimpleApp\src\test\resources
2016-08-12 20:35:49,963 [Worker-33] WARN  o.e.m.c.i.embedder.EclipseLogger - Using platform encoding (Cp1252 actually) to copy filtered resources, i.e. build is platform dependent!
2016-08-12 20:35:49,989 [Worker-33] INFO  o.e.m.c.i.embedder.EclipseLogger - Copying 0 resource
2016-08-12 20:35:50,007 [Worker-33] WARN  o.e.m.c.i.embedder.EclipseLogger - Using platform encoding (Cp1252 actually) to copy filtered resources, i.e. build is platform dependent!
2016-08-12 20:35:50,016 [Worker-33] INFO  o.e.m.c.i.embedder.EclipseLogger - skip non existing resourceDirectory C:\Users\DavidHusen\workspace\Check\SimpleApp\src\test\resources
2016-08-12 20:37:04,133 [Worker-26] INFO  o.e.m.c.i.l.LifecycleMappingFactory - Using org.maven.ide.eclipse.wtp.WarLifecycleMapping lifecycle mapping for MavenProject: com.youtube:SimpleApp:0.1 @ C:\Users\DavidHusen\workspace\Check\SimpleApp\pom.xml.
2016-08-12 20:37:07,271 [Worker-26] WARN  o.e.m.c.i.embedder.EclipseLogger - Using platform encoding (Cp1252 actually) to copy filtered resources, i.e. build is platform dependent!
2016-08-12 20:37:07,293 [Worker-26] INFO  o.e.m.c.i.embedder.EclipseLogger - Copying 0 resource
2016-08-12 20:37:07,300 [Worker-26] WARN  o.e.m.c.i.embedder.EclipseLogger - Using platform encoding (Cp1252 actually) to copy filtered resources, i.e. build is platform dependent!
2016-08-12 20:37:07,310 [Worker-26] INFO  o.e.m.c.i.embedder.EclipseLogger - skip non existing resourceDirectory C:\Users\DavidHusen\workspace\Check\SimpleApp\src\test\resources
2016-08-12 20:37:07,310 [Worker-26] INFO  o.e.m.w.i.f.ResourceFilteringBuildParticipant - Changed resources require a complete clean of filtered resources of SimpleApp
2016-08-12 20:37:07,314 [Worker-26] INFO  o.e.m.w.i.f.ResourceFilteringBuildParticipant - Executing resource filtering for SimpleApp
2016-08-12 20:37:07,320 [Worker-26] WARN  o.e.m.c.i.embedder.EclipseLogger - Using platform encoding (Cp1252 actually) to copy filtered resources, i.e. build is platform dependent!
2016-08-12 20:37:08,656 [Worker-33] WARN  o.e.m.c.i.embedder.EclipseLogger - Using platform encoding (Cp1252 actually) to copy filtered resources, i.e. build is platform dependent!
2016-08-12 20:37:08,662 [Worker-33] INFO  o.e.m.c.i.embedder.EclipseLogger - Copying 0 resource
2016-08-12 20:37:08,665 [Worker-33] WARN  o.e.m.c.i.embedder.EclipseLogger - Using platform encoding (Cp1252 actually) to copy filtered resources, i.e. build is platform dependent!
2016-08-12 20:37:08,674 [Worker-33] INFO  o.e.m.c.i.embedder.EclipseLogger - skip non existing resourceDirectory C:\Users\DavidHusen\workspace\Check\SimpleApp\src\test\resources
2016-08-12 20:40:40,111 [Worker-35] WARN  o.e.m.c.i.embedder.EclipseLogger - Using platform encoding (Cp1252 actually) to copy filtered resources, i.e. build is platform dependent!
2016-08-12 20:40:40,119 [Worker-35] INFO  o.e.m.c.i.embedder.EclipseLogger - Copying 0 resource
2016-08-12 20:40:40,130 [Worker-35] WARN  o.e.m.c.i.embedder.EclipseLogger - Using platform encoding (Cp1252 actually) to copy filtered resources, i.e. build is platform dependent!
2016-08-12 20:40:40,150 [Worker-35] INFO  o.e.m.c.i.embedder.EclipseLogger - skip non existing resourceDirectory C:\Users\DavidHusen\workspace\Check\SimpleApp\src\test\resources
2016-08-12 20:40:46,384 [main] INFO  o.e.m2e.actions.ExecutePomAction - Creating new launch configuration
2016-08-12 20:40:53,751 [main] INFO  o.e.m2e.actions.ExecutePomAction - Creating new launch configuration
2016-08-12 20:40:59,248 [Worker-36] INFO  o.e.m.i.launch.MavenLaunchDelegate - C:\Users\DavidHusen\workspace\Check\SimpleApp
2016-08-12 20:40:59,256 [Worker-36] INFO  o.e.m.i.launch.MavenLaunchDelegate -  mvn  -B eclipse:clean
2016-08-12 20:41:18,150 [main] INFO  o.e.m2e.actions.ExecutePomAction - Creating new launch configuration
2016-08-12 20:41:23,541 [Worker-36] INFO  o.e.m.i.launch.MavenLaunchDelegate - C:\Users\DavidHusen\workspace\Check\SimpleApp
2016-08-12 20:41:23,552 [Worker-36] INFO  o.e.m.i.launch.MavenLaunchDelegate -  mvn  -B eclipse:eclipse
2016-08-12 20:42:12,586 [Worker-35] WARN  o.e.m.c.i.embedder.EclipseLogger - Using platform encoding (Cp1252 actually) to copy filtered resources, i.e. build is platform dependent!
2016-08-12 20:42:12,601 [Worker-35] INFO  o.e.m.c.i.embedder.EclipseLogger - Copying 0 resource
2016-08-12 20:42:12,613 [Worker-35] WARN  o.e.m.c.i.embedder.EclipseLogger - Using platform encoding (Cp1252 actually) to copy filtered resources, i.e. build is platform dependent!
2016-08-12 20:42:12,627 [Worker-35] INFO  o.e.m.c.i.embedder.EclipseLogger - skip non existing resourceDirectory C:\Users\DavidHusen\workspace\Check\SimpleApp\src\test\resources
2016-08-12 20:42:46,110 [Worker-35] WARN  o.e.m.c.i.embedder.EclipseLogger - Using platform encoding (Cp1252 actually) to copy filtered resources, i.e. build is platform dependent!
2016-08-12 20:42:46,117 [Worker-35] INFO  o.e.m.c.i.embedder.EclipseLogger - Copying 0 resource
2016-08-12 20:42:46,121 [Worker-35] WARN  o.e.m.c.i.embedder.EclipseLogger - Using platform encoding (Cp1252 actually) to copy filtered resources, i.e. build is platform dependent!
2016-08-12 20:42:46,135 [Worker-35] INFO  o.e.m.c.i.embedder.EclipseLogger - skip non existing resourceDirectory C:\Users\DavidHusen\workspace\Check\SimpleApp\src\test\resources
2016-08-12 20:51:29,788 [Worker-36] WARN  o.e.m.c.i.embedder.EclipseLogger - Using platform encoding (Cp1252 actually) to copy filtered resources, i.e. build is platform dependent!
2016-08-12 20:51:29,819 [Worker-36] INFO  o.e.m.c.i.embedder.EclipseLogger - Copying 0 resource
2016-08-12 20:51:29,830 [Worker-36] WARN  o.e.m.c.i.embedder.EclipseLogger - Using platform encoding (Cp1252 actually) to copy filtered resources, i.e. build is platform dependent!
2016-08-12 20:51:29,844 [Worker-36] INFO  o.e.m.c.i.embedder.EclipseLogger - skip non existing resourceDirectory C:\Users\DavidHusen\workspace\Check\SimpleApp\src\test\resources
2016-08-12 20:51:40,861 [Worker-42] WARN  o.e.m.c.i.embedder.EclipseLogger - Using platform encoding (Cp1252 actually) to copy filtered resources, i.e. build is platform dependent!
2016-08-12 20:51:40,867 [Worker-42] INFO  o.e.m.c.i.embedder.EclipseLogger - Copying 0 resource
2016-08-12 20:51:40,869 [Worker-42] WARN  o.e.m.c.i.embedder.EclipseLogger - Using platform encoding (Cp1252 actually) to copy filtered resources, i.e. build is platform dependent!
2016-08-12 20:51:40,891 [Worker-42] INFO  o.e.m.c.i.embedder.EclipseLogger - skip non existing resourceDirectory C:\Users\DavidHusen\workspace\Check\SimpleApp\src\test\resources
2016-08-12 21:13:13,277 [Worker-50] INFO  o.e.m.c.i.l.LifecycleMappingFactory - Using org.maven.ide.eclipse.wtp.WarLifecycleMapping lifecycle mapping for MavenProject: com.youtube:SimpleApp:0.1 @ C:\Users\DavidHusen\workspace\Check\SimpleApp\pom.xml.
2016-08-12 21:13:15,627 [Worker-50] WARN  o.e.m.c.i.embedder.EclipseLogger - Using platform encoding (Cp1252 actually) to copy filtered resources, i.e. build is platform dependent!
2016-08-12 21:13:15,643 [Worker-50] INFO  o.e.m.c.i.embedder.EclipseLogger - Copying 0 resource
2016-08-12 21:13:15,654 [Worker-50] WARN  o.e.m.c.i.embedder.EclipseLogger - Using platform encoding (Cp1252 actually) to copy filtered resources, i.e. build is platform dependent!
2016-08-12 21:13:15,660 [Worker-50] INFO  o.e.m.c.i.embedder.EclipseLogger - skip non existing resourceDirectory C:\Users\DavidHusen\workspace\Check\SimpleApp\src\test\resources
2016-08-12 21:13:15,667 [Worker-50] INFO  o.e.m.w.i.f.ResourceFilteringBuildParticipant - Changed resources require a complete clean of filtered resources of SimpleApp
2016-08-12 21:13:15,667 [Worker-50] INFO  o.e.m.w.i.f.ResourceFilteringBuildParticipant - Executing resource filtering for SimpleApp
2016-08-12 21:13:15,679 [Worker-50] WARN  o.e.m.c.i.embedder.EclipseLogger - Using platform encoding (Cp1252 actually) to copy filtered resources, i.e. build is platform dependent!
2016-08-12 21:13:16,207 [Worker-51] WARN  o.e.m.c.i.embedder.EclipseLogger - Using platform encoding (Cp1252 actually) to copy filtered resources, i.e. build is platform dependent!
2016-08-12 21:13:16,215 [Worker-51] INFO  o.e.m.c.i.embedder.EclipseLogger - Copying 0 resource
2016-08-12 21:13:16,218 [Worker-51] WARN  o.e.m.c.i.embedder.EclipseLogger - Using platform encoding (Cp1252 actually) to copy filtered resources, i.e. build is platform dependent!
2016-08-12 21:13:16,225 [Worker-51] INFO  o.e.m.c.i.embedder.EclipseLogger - skip non existing resourceDirectory C:\Users\DavidHusen\workspace\Check\SimpleApp\src\test\resources
2016-08-12 21:13:24,215 [Worker-50] INFO  o.e.m.c.i.l.LifecycleMappingFactory - Using org.maven.ide.eclipse.wtp.WarLifecycleMapping lifecycle mapping for MavenProject: com.youtube:SimpleApp:0.1 @ C:\Users\DavidHusen\workspace\Check\SimpleApp\pom.xml.
2016-08-12 21:13:25,207 [Worker-50] WARN  o.e.m.c.i.embedder.EclipseLogger - Using platform encoding (Cp1252 actually) to copy filtered resources, i.e. build is platform dependent!
2016-08-12 21:13:25,214 [Worker-50] INFO  o.e.m.c.i.embedder.EclipseLogger - Copying 0 resource
2016-08-12 21:13:25,221 [Worker-50] WARN  o.e.m.c.i.embedder.EclipseLogger - Using platform encoding (Cp1252 actually) to copy filtered resources, i.e. build is platform dependent!
2016-08-12 21:13:25,226 [Worker-50] INFO  o.e.m.c.i.embedder.EclipseLogger - skip non existing resourceDirectory C:\Users\DavidHusen\workspace\Check\SimpleApp\src\test\resources
2016-08-12 21:13:25,230 [Worker-50] INFO  o.e.m.w.i.f.ResourceFilteringBuildParticipant - Changed resources require a complete clean of filtered resources of SimpleApp
2016-08-12 21:13:25,231 [Worker-50] INFO  o.e.m.w.i.f.ResourceFilteringBuildParticipant - Executing resource filtering for SimpleApp
2016-08-12 21:13:25,240 [Worker-50] WARN  o.e.m.c.i.embedder.EclipseLogger - Using platform encoding (Cp1252 actually) to copy filtered resources, i.e. build is platform dependent!
2016-08-12 21:13:26,946 [Worker-49] WARN  o.e.m.c.i.embedder.EclipseLogger - Using platform encoding (Cp1252 actually) to copy filtered resources, i.e. build is platform dependent!
2016-08-12 21:13:26,954 [Worker-49] INFO  o.e.m.c.i.embedder.EclipseLogger - Copying 0 resource
2016-08-12 21:13:26,959 [Worker-49] WARN  o.e.m.c.i.embedder.EclipseLogger - Using platform encoding (Cp1252 actually) to copy filtered resources, i.e. build is platform dependent!
2016-08-12 21:13:26,989 [Worker-49] INFO  o.e.m.c.i.embedder.EclipseLogger - skip non existing resourceDirectory C:\Users\DavidHusen\workspace\Check\SimpleApp\src\test\resources
2016-08-12 21:13:56,867 [Worker-50] WARN  o.e.m.c.i.embedder.EclipseLogger - Using platform encoding (Cp1252 actually) to copy filtered resources, i.e. build is platform dependent!
2016-08-12 21:13:56,879 [Worker-50] INFO  o.e.m.c.i.embedder.EclipseLogger - Copying 0 resource
2016-08-12 21:13:56,886 [Worker-50] WARN  o.e.m.c.i.embedder.EclipseLogger - Using platform encoding (Cp1252 actually) to copy filtered resources, i.e. build is platform dependent!
2016-08-12 21:13:56,896 [Worker-50] INFO  o.e.m.c.i.embedder.EclipseLogger - skip non existing resourceDirectory C:\Users\DavidHusen\workspace\Check\SimpleApp\src\test\resources
2016-08-12 21:15:53,707 [Worker-50] WARN  o.e.m.c.i.embedder.EclipseLogger - Using platform encoding (Cp1252 actually) to copy filtered resources, i.e. build is platform dependent!
2016-08-12 21:15:53,714 [Worker-50] INFO  o.e.m.c.i.embedder.EclipseLogger - Copying 0 resource
2016-08-12 21:15:53,718 [Worker-50] WARN  o.e.m.c.i.embedder.EclipseLogger - Using platform encoding (Cp1252 actually) to copy filtered resources, i.e. build is platform dependent!
2016-08-12 21:15:53,728 [Worker-50] INFO  o.e.m.c.i.embedder.EclipseLogger - skip non existing resourceDirectory C:\Users\DavidHusen\workspace\Check\SimpleApp\src\test\resources
2016-08-12 21:17:58,467 [Worker-50] WARN  o.e.m.c.i.embedder.EclipseLogger - Using platform encoding (Cp1252 actually) to copy filtered resources, i.e. build is platform dependent!
2016-08-12 21:17:58,481 [Worker-50] INFO  o.e.m.c.i.embedder.EclipseLogger - Copying 0 resource
2016-08-12 21:17:58,490 [Worker-50] WARN  o.e.m.c.i.embedder.EclipseLogger - Using platform encoding (Cp1252 actually) to copy filtered resources, i.e. build is platform dependent!
2016-08-12 21:17:58,501 [Worker-50] INFO  o.e.m.c.i.embedder.EclipseLogger - skip non existing resourceDirectory C:\Users\DavidHusen\workspace\Check\SimpleApp\src\test\resources
2016-08-12 21:18:24,956 [Worker-56] WARN  o.e.m.c.i.embedder.EclipseLogger - Using platform encoding (Cp1252 actually) to copy filtered resources, i.e. build is platform dependent!
2016-08-12 21:18:24,962 [Worker-56] INFO  o.e.m.c.i.embedder.EclipseLogger - Copying 0 resource
2016-08-12 21:18:24,965 [Worker-56] WARN  o.e.m.c.i.embedder.EclipseLogger - Using platform encoding (Cp1252 actually) to copy filtered resources, i.e. build is platform dependent!
2016-08-12 21:18:24,975 [Worker-56] INFO  o.e.m.c.i.embedder.EclipseLogger - skip non existing resourceDirectory C:\Users\DavidHusen\workspace\Check\SimpleApp\src\test\resources
2016-08-12 21:18:42,310 [main] INFO  o.e.m2e.actions.ExecutePomAction - Creating new launch configuration
2016-08-12 21:18:55,759 [Worker-56] INFO  o.e.m.i.launch.MavenLaunchDelegate - C:\Users\DavidHusen\workspace\Check\SimpleApp
2016-08-12 21:18:55,766 [Worker-56] INFO  o.e.m.i.launch.MavenLaunchDelegate -  mvn  -B eclipse:clean
2016-08-12 21:19:14,746 [main] INFO  o.e.m2e.actions.ExecutePomAction - Creating new launch configuration
2016-08-12 21:19:20,759 [Worker-57] INFO  o.e.m.i.launch.MavenLaunchDelegate - C:\Users\DavidHusen\workspace\Check\SimpleApp
2016-08-12 21:19:20,769 [Worker-57] INFO  o.e.m.i.launch.MavenLaunchDelegate -  mvn  -B eclipse:eclipse
2016-08-12 21:21:46,456 [Worker-54] WARN  o.e.m.c.i.embedder.EclipseLogger - Using platform encoding (Cp1252 actually) to copy filtered resources, i.e. build is platform dependent!
2016-08-12 21:21:46,472 [Worker-54] INFO  o.e.m.c.i.embedder.EclipseLogger - Copying 0 resource
2016-08-12 21:21:46,483 [Worker-54] WARN  o.e.m.c.i.embedder.EclipseLogger - Using platform encoding (Cp1252 actually) to copy filtered resources, i.e. build is platform dependent!
2016-08-12 21:21:46,496 [Worker-54] INFO  o.e.m.c.i.embedder.EclipseLogger - skip non existing resourceDirectory C:\Users\DavidHusen\workspace\Check\SimpleApp\src\test\resources
2016-08-12 21:21:59,399 [main] INFO  o.e.m2e.actions.ExecutePomAction - Creating new launch configuration
2016-08-12 21:22:05,575 [Worker-51] INFO  o.e.m.i.launch.MavenLaunchDelegate - C:\Users\DavidHusen\workspace\Check\SimpleApp
2016-08-12 21:22:05,586 [Worker-51] INFO  o.e.m.i.launch.MavenLaunchDelegate -  mvn  -B eclipse:clean
2016-08-12 21:22:18,376 [main] INFO  o.e.m2e.actions.ExecutePomAction - Creating new launch configuration
2016-08-12 21:22:25,883 [Worker-51] INFO  o.e.m.i.launch.MavenLaunchDelegate - C:\Users\DavidHusen\workspace\Check\SimpleApp
2016-08-12 21:22:25,902 [Worker-51] INFO  o.e.m.i.launch.MavenLaunchDelegate -  mvn  -B eclipse:eclipse
2016-08-12 21:23:32,102 [Worker-54] INFO  o.e.m.i.launch.MavenLaunchDelegate - C:\Users\DavidHusen\workspace\Check\SimpleApp
2016-08-12 21:23:32,115 [Worker-54] INFO  o.e.m.i.launch.MavenLaunchDelegate -  mvn  -B clean
2016-08-12 21:24:21,007 [Worker-49] INFO  o.e.m.i.launch.MavenLaunchDelegate - C:\Users\DavidHusen\workspace\Check\SimpleApp
2016-08-12 21:24:21,020 [Worker-49] INFO  o.e.m.i.launch.MavenLaunchDelegate -  mvn  -B clean
2016-08-12 21:24:45,252 [Worker-54] INFO  o.e.m.i.launch.MavenLaunchDelegate - C:\Users\DavidHusen\workspace\Check\SimpleApp
2016-08-12 21:24:45,263 [Worker-54] INFO  o.e.m.i.launch.MavenLaunchDelegate -  mvn  -B test
2016-08-12 21:25:40,635 [main] INFO  o.e.m2e.actions.ExecutePomAction - Creating new launch configuration
2016-08-12 21:25:44,907 [Worker-58] INFO  o.e.m.i.launch.MavenLaunchDelegate - C:\Users\DavidHusen\workspace\Check\SimpleApp
2016-08-12 21:25:44,920 [Worker-58] INFO  o.e.m.i.launch.MavenLaunchDelegate -  mvn  -B clean
2016-08-12 21:25:53,173 [main] INFO  o.e.m2e.actions.ExecutePomAction - Creating new launch configuration
2016-08-12 21:25:56,858 [Worker-56] INFO  o.e.m.i.launch.MavenLaunchDelegate - C:\Users\DavidHusen\workspace\Check\SimpleApp
2016-08-12 21:25:56,875 [Worker-56] INFO  o.e.m.i.launch.MavenLaunchDelegate -  mvn  -B install
2016-08-12 22:14:04,122 [Worker-59] INFO  o.e.m.c.i.p.ProjectConfigurationManager - Collecting project info '/pom.xml' C:\Users\DavidHusen\workspace\Check\SimpleWebApp\pom.xml
2016-08-12 22:14:11,275 [Worker-59] INFO  o.e.m.c.i.l.LifecycleMappingFactory - Using org.maven.ide.eclipse.wtp.WarLifecycleMapping lifecycle mapping for MavenProject: com.youtube.in:SimpleWebApp:0.2 @ C:\Users\DavidHusen\workspace\Check\SimpleWebApp\pom.xml.
2016-08-12 22:14:14,234 [Worker-59] INFO  o.e.m.j.i.AbstractJavaProjectConfigurator - Adding source folder /SimpleWebApp/src/main/java
2016-08-12 22:14:14,248 [Worker-59] INFO  o.e.m.j.i.AbstractJavaProjectConfigurator - Adding resource folder /SimpleWebApp/src/main/resources
2016-08-12 22:14:14,261 [Worker-59] INFO  o.e.m.j.i.AbstractJavaProjectConfigurator - Adding source folder /SimpleWebApp/src/test/java
2016-08-12 22:14:15,786 [Worker-59] INFO  o.e.m.c.i.p.ProjectConfigurationManager - Imported and configured 1 project(s) in 11 sec
2016-08-12 22:14:16,711 [Worker-51] WARN  o.e.m.c.i.embedder.EclipseLogger - Using platform encoding (Cp1252 actually) to copy filtered resources, i.e. build is platform dependent!
2016-08-12 22:14:16,728 [Worker-51] INFO  o.e.m.c.i.embedder.EclipseLogger - Copying 0 resource
2016-08-12 22:14:16,743 [Worker-51] WARN  o.e.m.c.i.embedder.EclipseLogger - Using platform encoding (Cp1252 actually) to copy filtered resources, i.e. build is platform dependent!
2016-08-12 22:14:16,764 [Worker-51] INFO  o.e.m.c.i.embedder.EclipseLogger - skip non existing resourceDirectory C:\Users\DavidHusen\workspace\Check\SimpleWebApp\src\test\resources
2016-08-12 22:15:25,700 [Worker-63] INFO  o.e.m.c.i.l.LifecycleMappingFactory - Using org.maven.ide.eclipse.wtp.WarLifecycleMapping lifecycle mapping for MavenProject: com.youtube.in:SimpleWebApp:0.2 @ C:\Users\DavidHusen\workspace\Check\SimpleWebApp\pom.xml.
2016-08-12 22:15:26,871 [Worker-63] WARN  o.e.m.c.i.embedder.EclipseLogger - Using platform encoding (Cp1252 actually) to copy filtered resources, i.e. build is platform dependent!
2016-08-12 22:15:26,888 [Worker-63] INFO  o.e.m.c.i.embedder.EclipseLogger - Copying 0 resource
2016-08-12 22:15:26,900 [Worker-63] WARN  o.e.m.c.i.embedder.EclipseLogger - Using platform encoding (Cp1252 actually) to copy filtered resources, i.e. build is platform dependent!
2016-08-12 22:15:26,905 [Worker-63] INFO  o.e.m.c.i.embedder.EclipseLogger - skip non existing resourceDirectory C:\Users\DavidHusen\workspace\Check\SimpleWebApp\src\test\resources
2016-08-12 22:15:26,913 [Worker-63] INFO  o.e.m.w.i.f.ResourceFilteringBuildParticipant - Changed resources require a complete clean of filtered resources of SimpleWebApp
2016-08-12 22:15:26,913 [Worker-63] INFO  o.e.m.w.i.f.ResourceFilteringBuildParticipant - Executing resource filtering for SimpleWebApp
2016-08-12 22:15:26,919 [Worker-63] WARN  o.e.m.c.i.embedder.EclipseLogger - Using platform encoding (Cp1252 actually) to copy filtered resources, i.e. build is platform dependent!
2016-08-12 22:15:27,188 [Worker-63] WARN  o.e.m.c.i.embedder.EclipseLogger - Using platform encoding (Cp1252 actually) to copy filtered resources, i.e. build is platform dependent!
2016-08-12 22:15:27,201 [Worker-63] INFO  o.e.m.c.i.embedder.EclipseLogger - Copying 0 resource
2016-08-12 22:15:27,203 [Worker-63] WARN  o.e.m.c.i.embedder.EclipseLogger - Using platform encoding (Cp1252 actually) to copy filtered resources, i.e. build is platform dependent!
2016-08-12 22:15:27,210 [Worker-63] INFO  o.e.m.c.i.embedder.EclipseLogger - skip non existing resourceDirectory C:\Users\DavidHusen\workspace\Check\SimpleWebApp\src\test\resources
2016-08-12 22:18:11,738 [Worker-60] INFO  o.e.m.i.launch.MavenLaunchDelegate - C:\Users\DavidHusen\workspace\Check\SimpleWebApp
2016-08-12 22:18:11,744 [Worker-60] INFO  o.e.m.i.launch.MavenLaunchDelegate -  mvn  -B clean
2016-08-12 22:18:15,049 [Worker-62] WARN  o.e.m.c.i.embedder.EclipseLogger - Using platform encoding (Cp1252 actually) to copy filtered resources, i.e. build is platform dependent!
2016-08-12 22:18:15,063 [Worker-62] INFO  o.e.m.c.i.embedder.EclipseLogger - Copying 0 resource
2016-08-12 22:18:15,070 [Worker-62] WARN  o.e.m.c.i.embedder.EclipseLogger - Using platform encoding (Cp1252 actually) to copy filtered resources, i.e. build is platform dependent!
2016-08-12 22:18:15,080 [Worker-62] INFO  o.e.m.c.i.embedder.EclipseLogger - skip non existing resourceDirectory C:\Users\DavidHusen\workspace\Check\SimpleWebApp\src\test\resources
2016-08-12 22:18:15,080 [Worker-62] INFO  o.e.m.w.i.f.ResourceFilteringBuildParticipant - Changed resources require a complete clean of filtered resources of SimpleWebApp
2016-08-12 22:18:15,080 [Worker-62] INFO  o.e.m.w.i.f.ResourceFilteringBuildParticipant - Executing resource filtering for SimpleWebApp
2016-08-12 22:18:15,087 [Worker-62] WARN  o.e.m.c.i.embedder.EclipseLogger - Using platform encoding (Cp1252 actually) to copy filtered resources, i.e. build is platform dependent!
2016-08-12 22:19:19,742 [Worker-61] INFO  o.e.m.c.i.p.ProjectConfigurationManager - Collecting project info '/pom.xml' C:\Users\DavidHusen\workspace\Check\SimpleWebApp\pom.xml
2016-08-12 22:19:20,778 [Worker-61] INFO  o.e.m.c.i.l.LifecycleMappingFactory - Using org.maven.ide.eclipse.wtp.WarLifecycleMapping lifecycle mapping for MavenProject: com.youtube.in:SimpleWebApp:0.2 @ C:\Users\DavidHusen\workspace\Check\SimpleWebApp\pom.xml.
2016-08-12 22:19:21,750 [Worker-61] INFO  o.e.m.j.i.AbstractJavaProjectConfigurator - Adding source folder /SimpleWebApp/src/main/java
2016-08-12 22:19:21,751 [Worker-61] INFO  o.e.m.j.i.AbstractJavaProjectConfigurator - Adding resource folder /SimpleWebApp/src/main/resources
2016-08-12 22:19:21,757 [Worker-61] INFO  o.e.m.j.i.AbstractJavaProjectConfigurator - Adding source folder /SimpleWebApp/src/test/java
2016-08-12 22:19:23,707 [Worker-61] INFO  o.e.m.c.i.p.ProjectConfigurationManager - Imported and configured 1 project(s) in 3 sec
2016-08-12 22:19:24,171 [Worker-51] WARN  o.e.m.c.i.embedder.EclipseLogger - Using platform encoding (Cp1252 actually) to copy filtered resources, i.e. build is platform dependent!
2016-08-12 22:19:24,193 [Worker-51] INFO  o.e.m.c.i.embedder.EclipseLogger - Copying 0 resource
2016-08-12 22:19:24,209 [Worker-51] WARN  o.e.m.c.i.embedder.EclipseLogger - Using platform encoding (Cp1252 actually) to copy filtered resources, i.e. build is platform dependent!
2016-08-12 22:19:24,219 [Worker-51] INFO  o.e.m.c.i.embedder.EclipseLogger - skip non existing resourceDirectory C:\Users\DavidHusen\workspace\Check\SimpleWebApp\src\test\resources
2016-08-12 22:19:46,012 [Worker-62] INFO  o.e.m.c.i.l.LifecycleMappingFactory - Using org.maven.ide.eclipse.wtp.WarLifecycleMapping lifecycle mapping for MavenProject: com.youtube.in:SimpleWebApp:0.2 @ C:\Users\DavidHusen\workspace\Check\SimpleWebApp\pom.xml.
2016-08-12 22:19:47,340 [Worker-62] WARN  o.e.m.c.i.embedder.EclipseLogger - Using platform encoding (Cp1252 actually) to copy filtered resources, i.e. build is platform dependent!
2016-08-12 22:19:47,351 [Worker-62] INFO  o.e.m.c.i.embedder.EclipseLogger - Copying 0 resource
2016-08-12 22:19:47,358 [Worker-62] WARN  o.e.m.c.i.embedder.EclipseLogger - Using platform encoding (Cp1252 actually) to copy filtered resources, i.e. build is platform dependent!
2016-08-12 22:19:47,367 [Worker-62] INFO  o.e.m.c.i.embedder.EclipseLogger - skip non existing resourceDirectory C:\Users\DavidHusen\workspace\Check\SimpleWebApp\src\test\resources
2016-08-12 22:19:47,367 [Worker-62] INFO  o.e.m.w.i.f.ResourceFilteringBuildParticipant - Changed resources require a complete clean of filtered resources of SimpleWebApp
2016-08-12 22:19:47,372 [Worker-62] INFO  o.e.m.w.i.f.ResourceFilteringBuildParticipant - Executing resource filtering for SimpleWebApp
2016-08-12 22:19:47,377 [Worker-62] WARN  o.e.m.c.i.embedder.EclipseLogger - Using platform encoding (Cp1252 actually) to copy filtered resources, i.e. build is platform dependent!
2016-08-12 22:19:48,585 [Worker-64] WARN  o.e.m.c.i.embedder.EclipseLogger - Using platform encoding (Cp1252 actually) to copy filtered resources, i.e. build is platform dependent!
2016-08-12 22:19:48,591 [Worker-64] INFO  o.e.m.c.i.embedder.EclipseLogger - Copying 0 resource
2016-08-12 22:19:48,600 [Worker-64] WARN  o.e.m.c.i.embedder.EclipseLogger - Using platform encoding (Cp1252 actually) to copy filtered resources, i.e. build is platform dependent!
2016-08-12 22:19:48,605 [Worker-64] INFO  o.e.m.c.i.embedder.EclipseLogger - skip non existing resourceDirectory C:\Users\DavidHusen\workspace\Check\SimpleWebApp\src\test\resources
2016-08-12 22:21:17,242 [Worker-63] WARN  o.e.m.c.i.embedder.EclipseLogger - Using platform encoding (Cp1252 actually) to copy filtered resources, i.e. build is platform dependent!
2016-08-12 22:21:17,249 [Worker-63] INFO  o.e.m.c.i.embedder.EclipseLogger - Copying 0 resource
2016-08-12 22:21:17,257 [Worker-63] WARN  o.e.m.c.i.embedder.EclipseLogger - Using platform encoding (Cp1252 actually) to copy filtered resources, i.e. build is platform dependent!
2016-08-12 22:21:17,272 [Worker-63] INFO  o.e.m.c.i.embedder.EclipseLogger - skip non existing resourceDirectory C:\Users\DavidHusen\workspace\Check\SimpleWebApp\src\test\resources
2016-08-12 22:21:21,619 [Worker-63] WARN  o.e.m.c.i.embedder.EclipseLogger - Using platform encoding (Cp1252 actually) to copy filtered resources, i.e. build is platform dependent!
2016-08-12 22:21:21,629 [Worker-63] INFO  o.e.m.c.i.embedder.EclipseLogger - Copying 0 resource
2016-08-12 22:21:21,637 [Worker-63] WARN  o.e.m.c.i.embedder.EclipseLogger - Using platform encoding (Cp1252 actually) to copy filtered resources, i.e. build is platform dependent!
2016-08-12 22:21:21,649 [Worker-63] INFO  o.e.m.c.i.embedder.EclipseLogger - skip non existing resourceDirectory C:\Users\DavidHusen\workspace\Check\SimpleWebApp\src\test\resources
2016-08-12 22:22:17,657 [Worker-61] WARN  o.e.m.c.i.embedder.EclipseLogger - Using platform encoding (Cp1252 actually) to copy filtered resources, i.e. build is platform dependent!
2016-08-12 22:22:17,670 [Worker-61] INFO  o.e.m.c.i.embedder.EclipseLogger - Copying 0 resource
2016-08-12 22:22:17,684 [Worker-61] WARN  o.e.m.c.i.embedder.EclipseLogger - Using platform encoding (Cp1252 actually) to copy filtered resources, i.e. build is platform dependent!
2016-08-12 22:22:17,705 [Worker-61] INFO  o.e.m.c.i.embedder.EclipseLogger - skip non existing resourceDirectory C:\Users\DavidHusen\workspace\Check\SimpleWebApp\src\test\resources
2016-08-12 22:22:43,997 [Worker-59] WARN  o.e.m.c.i.embedder.EclipseLogger - Using platform encoding (Cp1252 actually) to copy filtered resources, i.e. build is platform dependent!
2016-08-12 22:22:44,005 [Worker-59] INFO  o.e.m.c.i.embedder.EclipseLogger - Copying 0 resource
2016-08-12 22:22:44,013 [Worker-59] WARN  o.e.m.c.i.embedder.EclipseLogger - Using platform encoding (Cp1252 actually) to copy filtered resources, i.e. build is platform dependent!
2016-08-12 22:22:44,022 [Worker-59] INFO  o.e.m.c.i.embedder.EclipseLogger - skip non existing resourceDirectory C:\Users\DavidHusen\workspace\Check\SimpleWebApp\src\test\resources
