2016-09-15 22:59:30,819 [Worker-19] INFO  o.e.m.c.i.l.LifecycleMappingFactory - Using NULL lifecycle mapping for MavenProject: com.bcv.kagami:KagamiPOC:1.0-SNAPSHOT @ C:\Users\DavidHusen\Desktop\New folder\pom.xml.
2016-09-15 22:59:45,465 [Worker-19] INFO  o.e.m.c.i.l.LifecycleMappingFactory - Using org.eclipse.m2e.jdt.JarLifecycleMapping lifecycle mapping for MavenProject: com.bcv.kagami:kagami-commons:1.0-SNAPSHOT @ C:\Users\DavidHusen\Desktop\New folder\kagami-commons\pom.xml.
2016-09-15 22:59:45,990 [Worker-19] INFO  o.e.m.c.i.l.LifecycleMappingFactory - Using org.eclipse.m2e.jdt.JarLifecycleMapping lifecycle mapping for MavenProject: com.bcv.kagami:kagami-datasource:1.0-SNAPSHOT @ C:\Users\DavidHusen\Desktop\New folder\kagami-datasource\pom.xml.
2016-09-15 22:59:46,696 [Worker-19] INFO  o.e.m.c.i.l.LifecycleMappingFactory - Using org.maven.ide.eclipse.wtp.WarLifecycleMapping lifecycle mapping for MavenProject: com.bcv.kagami:kagami-code-generator:1.0-SNAPSHOT @ C:\Users\DavidHusen\Desktop\New folder\kagami-code-generator\pom.xml.
2016-09-15 22:59:53,101 [Worker-19] INFO  o.e.m.c.i.l.LifecycleMappingFactory - Using org.eclipse.m2e.jdt.JarLifecycleMapping lifecycle mapping for MavenProject: com.bcv.kagami:kagami-ui-generator:1.0-SNAPSHOT @ C:\Users\DavidHusen\Desktop\New folder\kagami-ui-generator\pom.xml.
2016-09-15 22:59:53,518 [Worker-19] INFO  o.e.m.c.i.l.LifecycleMappingFactory - Using org.eclipse.m2e.jdt.JarLifecycleMapping lifecycle mapping for MavenProject: com.bcv.kagami:kagami-design:1.0-SNAPSHOT @ C:\Users\DavidHusen\Desktop\New folder\kagami-design\pom.xml.
2016-09-15 22:59:54,027 [Worker-19] INFO  o.e.m.c.i.l.LifecycleMappingFactory - Using org.eclipse.m2e.jdt.JarLifecycleMapping lifecycle mapping for MavenProject: com.bcv.kagami:kagami-bpm-web:1.0-SNAPSHOT @ C:\Users\DavidHusen\Desktop\New folder\kagami-bpm-web\pom.xml.
2016-09-15 22:59:55,398 [Worker-19] INFO  o.e.m.c.i.l.LifecycleMappingFactory - Using org.eclipse.m2e.jdt.JarLifecycleMapping lifecycle mapping for MavenProject: com.bcv.kagami:kagami-verb:1.0-SNAPSHOT @ C:\Users\DavidHusen\Desktop\New folder\kagami-verb\pom.xml.
2016-09-15 22:59:55,903 [Worker-19] INFO  o.e.m.c.i.l.LifecycleMappingFactory - Using org.eclipse.m2e.jdt.JarLifecycleMapping lifecycle mapping for MavenProject: com.bcv.kagami:kagami-utilities:0.0.1-SNAPSHOT @ C:\Users\DavidHusen\Desktop\New folder\kagami-utilities\pom.xml.
2016-09-15 22:59:56,355 [Worker-19] INFO  o.e.m.c.i.l.LifecycleMappingFactory - Using org.eclipse.m2e.jdt.JarLifecycleMapping lifecycle mapping for MavenProject: com.bcv.kagami:kagami-session:1.0-SNAPSHOT @ C:\Users\DavidHusen\Desktop\New folder\kagami-session\pom.xml.
2016-09-15 22:59:56,781 [Worker-19] INFO  o.e.m.c.i.l.LifecycleMappingFactory - Using org.eclipse.m2e.jdt.JarLifecycleMapping lifecycle mapping for MavenProject: com.bcv.kagami:kagami-transaction:1.0-SNAPSHOT @ C:\Users\DavidHusen\Desktop\New folder\kagami-transaction\pom.xml.
2016-09-15 22:59:57,456 [Worker-19] INFO  o.e.m.c.i.l.LifecycleMappingFactory - Using org.eclipse.m2e.jdt.JarLifecycleMapping lifecycle mapping for MavenProject: com.kagami.role:RoleManagement:0.0.1-SNAPSHOT @ C:\Users\DavidHusen\Desktop\New folder\kagami-roles\pom.xml.
2016-09-15 22:59:57,905 [Worker-19] INFO  o.e.m.c.i.l.LifecycleMappingFactory - Using org.eclipse.m2e.jdt.JarLifecycleMapping lifecycle mapping for MavenProject: com.kagami.role:RoleRuntime:1.0-SNAPSHOT @ C:\Users\DavidHusen\Desktop\New folder\kagami-roles-runtime\pom.xml.
2016-09-15 22:59:58,497 [Worker-19] INFO  o.e.m.c.i.l.LifecycleMappingFactory - Using org.eclipse.m2e.jdt.JarLifecycleMapping lifecycle mapping for MavenProject: com.kagami.user:UserRoles:0.0.1-SNAPSHOT @ C:\Users\DavidHusen\Desktop\New folder\kagami-user-roles\pom.xml.
2016-09-15 22:59:58,910 [Worker-19] INFO  o.e.m.c.i.l.LifecycleMappingFactory - Using org.maven.ide.eclipse.wtp.WarLifecycleMapping lifecycle mapping for MavenProject: org.kagami.role.web.service:RoleService:0.0.1-SNAPSHOT @ C:\Users\DavidHusen\Desktop\New folder\kagami-roles-web-service\pom.xml.
2016-09-15 22:59:59,357 [Worker-19] INFO  o.e.m.c.i.l.LifecycleMappingFactory - Using org.eclipse.m2e.jdt.JarLifecycleMapping lifecycle mapping for MavenProject: com.bcv.kagami:kagami-verb-runtime:0.0.1-SNAPSHOT @ C:\Users\DavidHusen\Desktop\New folder\kagami-verb-runtime\pom.xml.
2016-09-15 23:00:02,852 [Worker-19] INFO  o.e.m.c.i.l.LifecycleMappingFactory - Using org.eclipse.m2e.jdt.JarLifecycleMapping lifecycle mapping for MavenProject: com.bcv.kagami:kagami-drool-drl:1.0-SNAPSHOT @ C:\Users\DavidHusen\Desktop\New folder\kagami-drool-drl\pom.xml.
2016-09-15 23:00:12,832 [Worker-19] INFO  o.e.m.j.i.AbstractJavaProjectConfigurator - Adding source folder /kagami-commons/src/main/java
2016-09-15 23:00:12,833 [Worker-19] INFO  o.e.m.j.i.AbstractJavaProjectConfigurator - Adding resource folder /kagami-commons/src/main/resources
2016-09-15 23:00:12,852 [Worker-19] INFO  o.e.m.j.i.AbstractJavaProjectConfigurator - Adding source folder /kagami-commons/src/test/java
2016-09-15 23:00:12,857 [Worker-19] INFO  o.e.m.j.i.AbstractJavaProjectConfigurator - Adding resource folder /kagami-commons/src/test/resources
2016-09-15 23:00:13,546 [Worker-19] INFO  o.e.m.j.i.AbstractJavaProjectConfigurator - Adding source folder /kagami-ui-generator/src/main/java
2016-09-15 23:00:13,562 [Worker-19] INFO  o.e.m.j.i.AbstractJavaProjectConfigurator - Adding source folder /kagami-ui-generator/src/test/java
2016-09-15 23:00:13,980 [Worker-19] INFO  o.e.m.j.i.AbstractJavaProjectConfigurator - Adding source folder /kagami-design/src/main/java
2016-09-15 23:00:13,986 [Worker-19] INFO  o.e.m.j.i.AbstractJavaProjectConfigurator - Adding source folder /kagami-design/src/test/java
2016-09-15 23:00:14,355 [Worker-19] INFO  o.e.m.j.i.AbstractJavaProjectConfigurator - Adding source folder /kagami-verb/src/main/java
2016-09-15 23:00:14,366 [Worker-19] INFO  o.e.m.j.i.AbstractJavaProjectConfigurator - Adding source folder /kagami-verb/src/test/java
2016-09-15 23:00:14,747 [Worker-19] INFO  o.e.m.j.i.AbstractJavaProjectConfigurator - Adding source folder /kagami-utilities/src/main/java
2016-09-15 23:00:14,760 [Worker-19] INFO  o.e.m.j.i.AbstractJavaProjectConfigurator - Adding source folder /kagami-utilities/src/test/java
2016-09-15 23:00:15,208 [Worker-19] INFO  o.e.m.j.i.AbstractJavaProjectConfigurator - Adding source folder /RoleRuntime/src/main/java
2016-09-15 23:00:15,214 [Worker-19] INFO  o.e.m.j.i.AbstractJavaProjectConfigurator - Adding resource folder /RoleRuntime/src/main/resources
2016-09-15 23:00:15,230 [Worker-19] INFO  o.e.m.j.i.AbstractJavaProjectConfigurator - Adding source folder /RoleRuntime/src/test/java
2016-09-15 23:00:15,236 [Worker-19] INFO  o.e.m.j.i.AbstractJavaProjectConfigurator - Adding resource folder /RoleRuntime/src/test/resources
2016-09-15 23:00:15,658 [Worker-19] INFO  o.e.m.j.i.AbstractJavaProjectConfigurator - Adding source folder /kagami-session/src/main/java
2016-09-15 23:00:15,665 [Worker-19] INFO  o.e.m.j.i.AbstractJavaProjectConfigurator - Adding source folder /kagami-session/src/test/java
2016-09-15 23:00:16,071 [Worker-19] INFO  o.e.m.j.i.AbstractJavaProjectConfigurator - Adding source folder /kagami-transaction/src/main/java
2016-09-15 23:00:16,076 [Worker-19] INFO  o.e.m.j.i.AbstractJavaProjectConfigurator - Adding resource folder /kagami-transaction/src/main/resources
2016-09-15 23:00:16,093 [Worker-19] INFO  o.e.m.j.i.AbstractJavaProjectConfigurator - Adding source folder /kagami-transaction/src/test/java
2016-09-15 23:00:16,099 [Worker-19] INFO  o.e.m.j.i.AbstractJavaProjectConfigurator - Adding resource folder /kagami-transaction/src/test/resources
2016-09-15 23:00:16,538 [Worker-19] INFO  o.e.m.j.i.AbstractJavaProjectConfigurator - Adding source folder /kagami-bpm-web/src/main/java
2016-09-15 23:00:16,550 [Worker-19] INFO  o.e.m.j.i.AbstractJavaProjectConfigurator - Adding source folder /kagami-bpm-web/src/test/java
2016-09-15 23:00:16,965 [Worker-19] INFO  o.e.m.j.i.AbstractJavaProjectConfigurator - Adding source folder /kagami-datasource/src/main/java
2016-09-15 23:00:16,965 [Worker-19] INFO  o.e.m.j.i.AbstractJavaProjectConfigurator - Adding resource folder /kagami-datasource/src/main/resources
2016-09-15 23:00:16,977 [Worker-19] INFO  o.e.m.j.i.AbstractJavaProjectConfigurator - Adding source folder /kagami-datasource/src/test/java
2016-09-15 23:00:16,983 [Worker-19] INFO  o.e.m.j.i.AbstractJavaProjectConfigurator - Adding resource folder /kagami-datasource/src/test/resources
2016-09-15 23:00:19,138 [Worker-19] INFO  o.e.m.j.i.AbstractJavaProjectConfigurator - Adding source folder /kagami-drool-drl/src/main/java
2016-09-15 23:00:19,139 [Worker-19] INFO  o.e.m.j.i.AbstractJavaProjectConfigurator - Adding resource folder /kagami-drool-drl/src/main/resources
2016-09-15 23:00:19,147 [Worker-19] INFO  o.e.m.j.i.AbstractJavaProjectConfigurator - Adding source folder /kagami-drool-drl/src/test/java
2016-09-15 23:00:19,581 [Worker-19] INFO  o.e.m.j.i.AbstractJavaProjectConfigurator - Adding source folder /RoleService/src/main/java
2016-09-15 23:00:19,586 [Worker-19] INFO  o.e.m.j.i.AbstractJavaProjectConfigurator - Adding resource folder /RoleService/src/main/resources
2016-09-15 23:00:19,604 [Worker-19] INFO  o.e.m.j.i.AbstractJavaProjectConfigurator - Adding source folder /RoleService/src/test/java
2016-09-15 23:00:35,691 [Worker-19] INFO  o.e.m.j.i.AbstractJavaProjectConfigurator - Adding source folder /RoleManagement/src/main/java
2016-09-15 23:00:35,698 [Worker-19] INFO  o.e.m.j.i.AbstractJavaProjectConfigurator - Adding resource folder /RoleManagement/src/main/resources
2016-09-15 23:00:35,722 [Worker-19] INFO  o.e.m.j.i.AbstractJavaProjectConfigurator - Adding source folder /RoleManagement/src/test/java
2016-09-15 23:00:35,728 [Worker-19] INFO  o.e.m.j.i.AbstractJavaProjectConfigurator - Adding resource folder /RoleManagement/src/test/resources
2016-09-15 23:00:36,145 [Worker-19] INFO  o.e.m.j.i.AbstractJavaProjectConfigurator - Adding source folder /UserRoles/src/main/java
2016-09-15 23:00:36,151 [Worker-19] INFO  o.e.m.j.i.AbstractJavaProjectConfigurator - Adding resource folder /UserRoles/src/main/resources
2016-09-15 23:00:36,168 [Worker-19] INFO  o.e.m.j.i.AbstractJavaProjectConfigurator - Adding source folder /UserRoles/src/test/java
2016-09-15 23:00:36,168 [Worker-19] INFO  o.e.m.j.i.AbstractJavaProjectConfigurator - Adding resource folder /UserRoles/src/test/resources
2016-09-15 23:00:36,853 [Worker-19] INFO  o.e.m.j.i.AbstractJavaProjectConfigurator - Adding source folder /kagami-code-generator/src/main/java
2016-09-15 23:00:36,858 [Worker-19] INFO  o.e.m.j.i.AbstractJavaProjectConfigurator - Adding resource folder /kagami-code-generator/src/main/resources
2016-09-15 23:00:36,872 [Worker-19] INFO  o.e.m.j.i.AbstractJavaProjectConfigurator - Adding source folder /kagami-code-generator/src/test/java
2016-09-15 23:00:55,054 [Worker-19] INFO  o.e.m.j.i.AbstractJavaProjectConfigurator - Adding source folder /kagami-verb-runtime/src/main/java
2016-09-15 23:00:55,055 [Worker-19] INFO  o.e.m.j.i.AbstractJavaProjectConfigurator - Adding source folder /kagami-verb-runtime/src/test/java
2016-09-15 23:00:55,562 [Worker-19] INFO  o.e.m.c.i.p.ProjectConfigurationManager - Imported and configured 17 project(s) in 95 sec
2016-09-15 23:01:08,969 [Worker-15] INFO  o.e.m.c.i.embedder.EclipseLogger - Using 'UTF-8' encoding to copy filtered resources.
2016-09-15 23:01:08,999 [Worker-15] INFO  o.e.m.c.i.embedder.EclipseLogger - Copying 1 resource
2016-09-15 23:01:09,044 [Worker-15] INFO  o.e.m.c.i.embedder.EclipseLogger - Using 'UTF-8' encoding to copy filtered resources.
2016-09-15 23:01:09,050 [Worker-15] INFO  o.e.m.c.i.embedder.EclipseLogger - Copying 0 resource
2016-09-15 23:01:15,364 [Worker-21] INFO  o.e.m.c.i.embedder.EclipseLogger - Using 'UTF-8' encoding to copy filtered resources.
2016-09-15 23:01:15,364 [Worker-21] INFO  o.e.m.c.i.embedder.EclipseLogger - Copying 1 resource
2016-09-15 23:01:15,374 [Worker-21] INFO  o.e.m.c.i.embedder.EclipseLogger - Using 'UTF-8' encoding to copy filtered resources.
2016-09-15 23:01:15,383 [Worker-21] INFO  o.e.m.c.i.embedder.EclipseLogger - Copying 0 resource
2016-09-15 23:01:17,924 [Worker-21] INFO  o.e.m.c.i.embedder.EclipseLogger - Using 'UTF-8' encoding to copy filtered resources.
2016-09-15 23:01:17,931 [Worker-21] INFO  o.e.m.c.i.embedder.EclipseLogger - Copying 4 resources
2016-09-15 23:01:18,036 [Worker-21] INFO  o.e.m.c.i.embedder.EclipseLogger - Using 'UTF-8' encoding to copy filtered resources.
2016-09-15 23:01:18,042 [Worker-21] INFO  o.e.m.c.i.embedder.EclipseLogger - Copying 0 resource
2016-09-15 23:01:20,745 [Worker-21] INFO  o.e.m.c.i.embedder.EclipseLogger - Using 'UTF-8' encoding to copy filtered resources.
2016-09-15 23:01:20,751 [Worker-21] INFO  o.e.m.c.i.embedder.EclipseLogger - Copying 0 resource
2016-09-15 23:01:20,758 [Worker-21] INFO  o.e.m.c.i.embedder.EclipseLogger - Using 'UTF-8' encoding to copy filtered resources.
2016-09-15 23:01:20,765 [Worker-21] INFO  o.e.m.c.i.embedder.EclipseLogger - Copying 0 resource
2016-09-15 23:01:24,009 [Worker-21] INFO  o.e.m.c.i.embedder.EclipseLogger - Using 'UTF-8' encoding to copy filtered resources.
2016-09-15 23:01:24,010 [Worker-21] INFO  o.e.m.c.i.embedder.EclipseLogger - Copying 0 resource
2016-09-15 23:01:24,012 [Worker-21] INFO  o.e.m.c.i.embedder.EclipseLogger - Using 'UTF-8' encoding to copy filtered resources.
2016-09-15 23:01:24,020 [Worker-21] INFO  o.e.m.c.i.embedder.EclipseLogger - skip non existing resourceDirectory C:\Users\DavidHusen\Desktop\New folder\kagami-drool-drl\src\test\resources
2016-09-15 23:01:26,980 [Worker-21] INFO  o.e.m.c.i.embedder.EclipseLogger - Using 'UTF-8' encoding to copy filtered resources.
2016-09-15 23:01:26,986 [Worker-21] INFO  o.e.m.c.i.embedder.EclipseLogger - skip non existing resourceDirectory C:\Users\DavidHusen\Desktop\New folder\kagami-ui-generator\src\main\resources
2016-09-15 23:01:26,993 [Worker-21] INFO  o.e.m.c.i.embedder.EclipseLogger - Using 'UTF-8' encoding to copy filtered resources.
2016-09-15 23:01:26,998 [Worker-21] INFO  o.e.m.c.i.embedder.EclipseLogger - skip non existing resourceDirectory C:\Users\DavidHusen\Desktop\New folder\kagami-ui-generator\src\test\resources
2016-09-15 23:01:31,922 [Worker-21] INFO  o.e.m.c.i.embedder.EclipseLogger - Using 'UTF-8' encoding to copy filtered resources.
2016-09-15 23:01:31,922 [Worker-21] INFO  o.e.m.c.i.embedder.EclipseLogger - skip non existing resourceDirectory C:\Users\DavidHusen\Desktop\New folder\kagami-design\src\main\resources
2016-09-15 23:01:31,923 [Worker-21] INFO  o.e.m.c.i.embedder.EclipseLogger - Using 'UTF-8' encoding to copy filtered resources.
2016-09-15 23:01:31,928 [Worker-21] INFO  o.e.m.c.i.embedder.EclipseLogger - skip non existing resourceDirectory C:\Users\DavidHusen\Desktop\New folder\kagami-design\src\test\resources
2016-09-15 23:01:35,766 [Worker-21] INFO  o.e.m.c.i.embedder.EclipseLogger - Using 'UTF-8' encoding to copy filtered resources.
2016-09-15 23:01:35,772 [Worker-21] INFO  o.e.m.c.i.embedder.EclipseLogger - skip non existing resourceDirectory C:\Users\DavidHusen\Desktop\New folder\kagami-utilities\src\main\resources
2016-09-15 23:01:35,782 [Worker-21] INFO  o.e.m.c.i.embedder.EclipseLogger - Using 'UTF-8' encoding to copy filtered resources.
2016-09-15 23:01:35,789 [Worker-21] INFO  o.e.m.c.i.embedder.EclipseLogger - skip non existing resourceDirectory C:\Users\DavidHusen\Desktop\New folder\kagami-utilities\src\test\resources
2016-09-15 23:01:39,637 [Worker-21] INFO  o.e.m.c.i.embedder.EclipseLogger - Using 'UTF-8' encoding to copy filtered resources.
2016-09-15 23:01:39,637 [Worker-21] INFO  o.e.m.c.i.embedder.EclipseLogger - skip non existing resourceDirectory C:\Users\DavidHusen\Desktop\New folder\kagami-session\src\main\resources
2016-09-15 23:01:39,638 [Worker-21] INFO  o.e.m.c.i.embedder.EclipseLogger - Using 'UTF-8' encoding to copy filtered resources.
2016-09-15 23:01:39,643 [Worker-21] INFO  o.e.m.c.i.embedder.EclipseLogger - skip non existing resourceDirectory C:\Users\DavidHusen\Desktop\New folder\kagami-session\src\test\resources
2016-09-15 23:01:42,543 [Worker-21] INFO  o.e.m.c.i.embedder.EclipseLogger - Using 'UTF-8' encoding to copy filtered resources.
2016-09-15 23:01:42,551 [Worker-21] INFO  o.e.m.c.i.embedder.EclipseLogger - Copying 0 resource
2016-09-15 23:01:42,560 [Worker-21] INFO  o.e.m.c.i.embedder.EclipseLogger - Using 'UTF-8' encoding to copy filtered resources.
2016-09-15 23:01:42,568 [Worker-21] INFO  o.e.m.c.i.embedder.EclipseLogger - Copying 0 resource
2016-09-15 23:01:46,110 [Worker-21] INFO  o.e.m.c.i.embedder.EclipseLogger - Using 'UTF-8' encoding to copy filtered resources.
2016-09-15 23:01:46,110 [Worker-21] INFO  o.e.m.c.i.embedder.EclipseLogger - skip non existing resourceDirectory C:\Users\DavidHusen\Desktop\New folder\kagami-bpm-web\src\main\resources
2016-09-15 23:01:46,113 [Worker-21] INFO  o.e.m.c.i.embedder.EclipseLogger - Using 'UTF-8' encoding to copy filtered resources.
2016-09-15 23:01:46,122 [Worker-21] INFO  o.e.m.c.i.embedder.EclipseLogger - skip non existing resourceDirectory C:\Users\DavidHusen\Desktop\New folder\kagami-bpm-web\src\test\resources
2016-09-15 23:01:48,708 [Worker-21] INFO  o.e.m.c.i.embedder.EclipseLogger - Using 'UTF-8' encoding to copy filtered resources.
2016-09-15 23:01:48,730 [Worker-21] INFO  o.e.m.c.i.embedder.EclipseLogger - Copying 4 resources
2016-09-15 23:01:48,883 [Worker-21] INFO  o.e.m.c.i.embedder.EclipseLogger - Using 'UTF-8' encoding to copy filtered resources.
2016-09-15 23:01:48,891 [Worker-21] INFO  o.e.m.c.i.embedder.EclipseLogger - Copying 0 resource
2016-09-15 23:01:51,043 [Worker-21] INFO  o.e.m.c.i.embedder.EclipseLogger - Using 'UTF-8' encoding to copy filtered resources.
2016-09-15 23:01:51,048 [Worker-21] INFO  o.e.m.c.i.embedder.EclipseLogger - Copying 4 resources
2016-09-15 23:01:51,113 [Worker-21] INFO  o.e.m.c.i.embedder.EclipseLogger - Using 'UTF-8' encoding to copy filtered resources.
2016-09-15 23:01:51,126 [Worker-21] INFO  o.e.m.c.i.embedder.EclipseLogger - skip non existing resourceDirectory C:\Users\DavidHusen\Desktop\New folder\kagami-roles-web-service\src\test\resources
2016-09-15 23:01:53,984 [Worker-21] INFO  o.e.m.c.i.embedder.EclipseLogger - Using 'UTF-8' encoding to copy filtered resources.
2016-09-15 23:01:53,984 [Worker-21] INFO  o.e.m.c.i.embedder.EclipseLogger - skip non existing resourceDirectory C:\Users\DavidHusen\Desktop\New folder\kagami-verb\src\main\resources
2016-09-15 23:01:53,986 [Worker-21] INFO  o.e.m.c.i.embedder.EclipseLogger - Using 'UTF-8' encoding to copy filtered resources.
2016-09-15 23:01:53,990 [Worker-21] INFO  o.e.m.c.i.embedder.EclipseLogger - skip non existing resourceDirectory C:\Users\DavidHusen\Desktop\New folder\kagami-verb\src\test\resources
2016-09-15 23:01:58,020 [Worker-21] INFO  o.e.m.c.i.embedder.EclipseLogger - Using 'UTF-8' encoding to copy filtered resources.
2016-09-15 23:01:58,032 [Worker-21] INFO  o.e.m.c.i.embedder.EclipseLogger - Copying 502 resources
2016-09-15 23:02:09,425 [Worker-21] INFO  o.e.m.c.i.embedder.EclipseLogger - Using 'UTF-8' encoding to copy filtered resources.
2016-09-15 23:02:09,441 [Worker-21] INFO  o.e.m.c.i.embedder.EclipseLogger - skip non existing resourceDirectory C:\Users\DavidHusen\Desktop\New folder\kagami-code-generator\src\test\resources
2016-09-15 23:02:14,796 [Worker-21] INFO  o.e.m.c.i.embedder.EclipseLogger - Using 'UTF-8' encoding to copy filtered resources.
2016-09-15 23:02:14,801 [Worker-21] INFO  o.e.m.c.i.embedder.EclipseLogger - skip non existing resourceDirectory C:\Users\DavidHusen\Desktop\New folder\kagami-verb-runtime\src\main\resources
2016-09-15 23:02:14,812 [Worker-21] INFO  o.e.m.c.i.embedder.EclipseLogger - Using 'UTF-8' encoding to copy filtered resources.
2016-09-15 23:02:14,819 [Worker-21] INFO  o.e.m.c.i.embedder.EclipseLogger - skip non existing resourceDirectory C:\Users\DavidHusen\Desktop\New folder\kagami-verb-runtime\src\test\resources
2016-09-15 23:06:54,102 [Worker-26] INFO  o.e.m.c.i.embedder.EclipseLogger - Using 'UTF-8' encoding to copy filtered resources.
2016-09-15 23:06:54,125 [Worker-26] INFO  o.e.m.c.i.embedder.EclipseLogger - Copying 0 resource
2016-09-15 23:06:54,127 [Worker-26] INFO  o.e.m.c.i.embedder.EclipseLogger - Using 'UTF-8' encoding to copy filtered resources.
2016-09-15 23:06:54,133 [Worker-26] INFO  o.e.m.c.i.embedder.EclipseLogger - Copying 0 resource
2016-09-15 23:06:55,711 [Worker-26] INFO  o.e.m.c.i.embedder.EclipseLogger - Using 'UTF-8' encoding to copy filtered resources.
2016-09-15 23:06:55,721 [Worker-26] INFO  o.e.m.c.i.embedder.EclipseLogger - Copying 0 resource
2016-09-15 23:06:55,728 [Worker-26] INFO  o.e.m.c.i.embedder.EclipseLogger - Using 'UTF-8' encoding to copy filtered resources.
2016-09-15 23:06:55,734 [Worker-26] INFO  o.e.m.c.i.embedder.EclipseLogger - Copying 0 resource
2016-09-15 23:06:57,338 [Worker-26] INFO  o.e.m.c.i.embedder.EclipseLogger - Using 'UTF-8' encoding to copy filtered resources.
2016-09-15 23:06:57,338 [Worker-26] INFO  o.e.m.c.i.embedder.EclipseLogger - Copying 0 resource
2016-09-15 23:06:57,340 [Worker-26] INFO  o.e.m.c.i.embedder.EclipseLogger - Using 'UTF-8' encoding to copy filtered resources.
2016-09-15 23:06:57,346 [Worker-26] INFO  o.e.m.c.i.embedder.EclipseLogger - Copying 0 resource
2016-09-15 23:06:58,858 [Worker-26] INFO  o.e.m.c.i.embedder.EclipseLogger - Using 'UTF-8' encoding to copy filtered resources.
2016-09-15 23:06:58,863 [Worker-26] INFO  o.e.m.c.i.embedder.EclipseLogger - Copying 0 resource
2016-09-15 23:06:58,870 [Worker-26] INFO  o.e.m.c.i.embedder.EclipseLogger - Using 'UTF-8' encoding to copy filtered resources.
2016-09-15 23:06:58,878 [Worker-26] INFO  o.e.m.c.i.embedder.EclipseLogger - Copying 0 resource
2016-09-15 23:07:01,000 [Worker-26] INFO  o.e.m.c.i.embedder.EclipseLogger - Using 'UTF-8' encoding to copy filtered resources.
2016-09-15 23:07:01,000 [Worker-26] INFO  o.e.m.c.i.embedder.EclipseLogger - Copying 0 resource
2016-09-15 23:07:01,002 [Worker-26] INFO  o.e.m.c.i.embedder.EclipseLogger - Using 'UTF-8' encoding to copy filtered resources.
2016-09-15 23:07:01,007 [Worker-26] INFO  o.e.m.c.i.embedder.EclipseLogger - skip non existing resourceDirectory C:\Users\DavidHusen\Desktop\New folder\kagami-drool-drl\src\test\resources
2016-09-15 23:07:02,573 [Worker-26] INFO  o.e.m.c.i.embedder.EclipseLogger - Using 'UTF-8' encoding to copy filtered resources.
2016-09-15 23:07:02,578 [Worker-26] INFO  o.e.m.c.i.embedder.EclipseLogger - skip non existing resourceDirectory C:\Users\DavidHusen\Desktop\New folder\kagami-ui-generator\src\main\resources
2016-09-15 23:07:02,584 [Worker-26] INFO  o.e.m.c.i.embedder.EclipseLogger - Using 'UTF-8' encoding to copy filtered resources.
2016-09-15 23:07:02,589 [Worker-26] INFO  o.e.m.c.i.embedder.EclipseLogger - skip non existing resourceDirectory C:\Users\DavidHusen\Desktop\New folder\kagami-ui-generator\src\test\resources
2016-09-15 23:07:04,035 [Worker-26] INFO  o.e.m.c.i.embedder.EclipseLogger - Using 'UTF-8' encoding to copy filtered resources.
2016-09-15 23:07:04,035 [Worker-26] INFO  o.e.m.c.i.embedder.EclipseLogger - skip non existing resourceDirectory C:\Users\DavidHusen\Desktop\New folder\kagami-design\src\main\resources
2016-09-15 23:07:04,037 [Worker-26] INFO  o.e.m.c.i.embedder.EclipseLogger - Using 'UTF-8' encoding to copy filtered resources.
2016-09-15 23:07:04,042 [Worker-26] INFO  o.e.m.c.i.embedder.EclipseLogger - skip non existing resourceDirectory C:\Users\DavidHusen\Desktop\New folder\kagami-design\src\test\resources
2016-09-15 23:07:05,649 [Worker-26] INFO  o.e.m.c.i.embedder.EclipseLogger - Using 'UTF-8' encoding to copy filtered resources.
2016-09-15 23:07:05,654 [Worker-26] INFO  o.e.m.c.i.embedder.EclipseLogger - skip non existing resourceDirectory C:\Users\DavidHusen\Desktop\New folder\kagami-utilities\src\main\resources
2016-09-15 23:07:05,663 [Worker-26] INFO  o.e.m.c.i.embedder.EclipseLogger - Using 'UTF-8' encoding to copy filtered resources.
2016-09-15 23:07:05,668 [Worker-26] INFO  o.e.m.c.i.embedder.EclipseLogger - skip non existing resourceDirectory C:\Users\DavidHusen\Desktop\New folder\kagami-utilities\src\test\resources
2016-09-15 23:07:07,611 [Worker-26] INFO  o.e.m.c.i.embedder.EclipseLogger - Using 'UTF-8' encoding to copy filtered resources.
2016-09-15 23:07:07,611 [Worker-26] INFO  o.e.m.c.i.embedder.EclipseLogger - skip non existing resourceDirectory C:\Users\DavidHusen\Desktop\New folder\kagami-session\src\main\resources
2016-09-15 23:07:07,612 [Worker-26] INFO  o.e.m.c.i.embedder.EclipseLogger - Using 'UTF-8' encoding to copy filtered resources.
2016-09-15 23:07:07,617 [Worker-26] INFO  o.e.m.c.i.embedder.EclipseLogger - skip non existing resourceDirectory C:\Users\DavidHusen\Desktop\New folder\kagami-session\src\test\resources
2016-09-15 23:07:09,490 [Worker-26] INFO  o.e.m.c.i.embedder.EclipseLogger - Using 'UTF-8' encoding to copy filtered resources.
2016-09-15 23:07:09,495 [Worker-26] INFO  o.e.m.c.i.embedder.EclipseLogger - Copying 0 resource
2016-09-15 23:07:09,501 [Worker-26] INFO  o.e.m.c.i.embedder.EclipseLogger - Using 'UTF-8' encoding to copy filtered resources.
2016-09-15 23:07:09,507 [Worker-26] INFO  o.e.m.c.i.embedder.EclipseLogger - Copying 0 resource
2016-09-15 23:07:11,761 [Worker-26] INFO  o.e.m.c.i.embedder.EclipseLogger - Using 'UTF-8' encoding to copy filtered resources.
2016-09-15 23:07:11,761 [Worker-26] INFO  o.e.m.c.i.embedder.EclipseLogger - skip non existing resourceDirectory C:\Users\DavidHusen\Desktop\New folder\kagami-bpm-web\src\main\resources
2016-09-15 23:07:11,763 [Worker-26] INFO  o.e.m.c.i.embedder.EclipseLogger - Using 'UTF-8' encoding to copy filtered resources.
2016-09-15 23:07:11,768 [Worker-26] INFO  o.e.m.c.i.embedder.EclipseLogger - skip non existing resourceDirectory C:\Users\DavidHusen\Desktop\New folder\kagami-bpm-web\src\test\resources
2016-09-15 23:07:13,562 [Worker-26] INFO  o.e.m.c.i.embedder.EclipseLogger - Using 'UTF-8' encoding to copy filtered resources.
2016-09-15 23:07:13,569 [Worker-26] INFO  o.e.m.c.i.embedder.EclipseLogger - Copying 0 resource
2016-09-15 23:07:13,576 [Worker-26] INFO  o.e.m.c.i.embedder.EclipseLogger - Using 'UTF-8' encoding to copy filtered resources.
2016-09-15 23:07:13,582 [Worker-26] INFO  o.e.m.c.i.embedder.EclipseLogger - Copying 0 resource
2016-09-15 23:07:15,354 [Worker-26] INFO  o.e.m.c.i.embedder.EclipseLogger - Using 'UTF-8' encoding to copy filtered resources.
2016-09-15 23:07:15,355 [Worker-26] INFO  o.e.m.c.i.embedder.EclipseLogger - Copying 0 resource
2016-09-15 23:07:15,357 [Worker-26] INFO  o.e.m.c.i.embedder.EclipseLogger - Using 'UTF-8' encoding to copy filtered resources.
2016-09-15 23:07:15,363 [Worker-26] INFO  o.e.m.c.i.embedder.EclipseLogger - skip non existing resourceDirectory C:\Users\DavidHusen\Desktop\New folder\kagami-roles-web-service\src\test\resources
2016-09-15 23:07:17,036 [Worker-26] INFO  o.e.m.c.i.embedder.EclipseLogger - Using 'UTF-8' encoding to copy filtered resources.
2016-09-15 23:07:17,041 [Worker-26] INFO  o.e.m.c.i.embedder.EclipseLogger - skip non existing resourceDirectory C:\Users\DavidHusen\Desktop\New folder\kagami-verb\src\main\resources
2016-09-15 23:07:17,048 [Worker-26] INFO  o.e.m.c.i.embedder.EclipseLogger - Using 'UTF-8' encoding to copy filtered resources.
2016-09-15 23:07:17,053 [Worker-26] INFO  o.e.m.c.i.embedder.EclipseLogger - skip non existing resourceDirectory C:\Users\DavidHusen\Desktop\New folder\kagami-verb\src\test\resources
2016-09-15 23:07:19,647 [Worker-26] INFO  o.e.m.c.i.embedder.EclipseLogger - Using 'UTF-8' encoding to copy filtered resources.
2016-09-15 23:07:19,648 [Worker-26] INFO  o.e.m.c.i.embedder.EclipseLogger - Copying 0 resource
2016-09-15 23:07:19,649 [Worker-26] INFO  o.e.m.c.i.embedder.EclipseLogger - Using 'UTF-8' encoding to copy filtered resources.
2016-09-15 23:07:19,655 [Worker-26] INFO  o.e.m.c.i.embedder.EclipseLogger - skip non existing resourceDirectory C:\Users\DavidHusen\Desktop\New folder\kagami-code-generator\src\test\resources
2016-09-15 23:07:23,028 [Worker-26] INFO  o.e.m.c.i.embedder.EclipseLogger - Using 'UTF-8' encoding to copy filtered resources.
2016-09-15 23:07:23,036 [Worker-26] INFO  o.e.m.c.i.embedder.EclipseLogger - skip non existing resourceDirectory C:\Users\DavidHusen\Desktop\New folder\kagami-verb-runtime\src\main\resources
2016-09-15 23:07:23,051 [Worker-26] INFO  o.e.m.c.i.embedder.EclipseLogger - Using 'UTF-8' encoding to copy filtered resources.
2016-09-15 23:07:23,060 [Worker-26] INFO  o.e.m.c.i.embedder.EclipseLogger - skip non existing resourceDirectory C:\Users\DavidHusen\Desktop\New folder\kagami-verb-runtime\src\test\resources
2016-09-19 23:26:32,953 [Worker-11] INFO  o.e.m.c.i.embedder.EclipseLogger - Using 'UTF-8' encoding to copy filtered resources.
2016-09-19 23:26:33,040 [Worker-11] INFO  o.e.m.c.i.embedder.EclipseLogger - Copying 4 resources
2016-09-19 23:26:33,083 [Worker-11] INFO  o.e.m.c.i.embedder.EclipseLogger - Using 'UTF-8' encoding to copy filtered resources.
2016-09-19 23:26:33,093 [Worker-11] INFO  o.e.m.c.i.embedder.EclipseLogger - skip non existing resourceDirectory C:\Users\DavidHusen\Desktop\New folder\kagami-roles-web-service\src\test\resources
2016-09-19 23:26:43,511 [Worker-7] INFO  o.e.m.c.i.embedder.EclipseLogger - Using 'UTF-8' encoding to copy filtered resources.
2016-09-19 23:26:43,557 [Worker-7] INFO  o.e.m.c.i.embedder.EclipseLogger - Copying 0 resource
2016-09-19 23:26:43,559 [Worker-7] INFO  o.e.m.c.i.embedder.EclipseLogger - Using 'UTF-8' encoding to copy filtered resources.
2016-09-19 23:26:43,561 [Worker-7] INFO  o.e.m.c.i.embedder.EclipseLogger - Copying 0 resource
2016-09-19 23:26:48,869 [Worker-7] INFO  o.e.m.c.i.embedder.EclipseLogger - Using 'UTF-8' encoding to copy filtered resources.
2016-09-19 23:26:48,887 [Worker-7] INFO  o.e.m.c.i.embedder.EclipseLogger - skip non existing resourceDirectory C:\Users\DavidHusen\Desktop\New folder\kagami-session\src\main\resources
2016-09-19 23:26:48,889 [Worker-7] INFO  o.e.m.c.i.embedder.EclipseLogger - Using 'UTF-8' encoding to copy filtered resources.
2016-09-19 23:26:48,889 [Worker-7] INFO  o.e.m.c.i.embedder.EclipseLogger - skip non existing resourceDirectory C:\Users\DavidHusen\Desktop\New folder\kagami-session\src\test\resources
2016-09-19 23:26:52,029 [Worker-7] INFO  o.e.m.c.i.embedder.EclipseLogger - Using 'UTF-8' encoding to copy filtered resources.
2016-09-19 23:26:52,046 [Worker-7] INFO  o.e.m.c.i.embedder.EclipseLogger - Copying 0 resource
2016-09-19 23:26:52,048 [Worker-7] INFO  o.e.m.c.i.embedder.EclipseLogger - Using 'UTF-8' encoding to copy filtered resources.
2016-09-19 23:26:52,049 [Worker-7] INFO  o.e.m.c.i.embedder.EclipseLogger - Copying 0 resource
2016-09-19 23:26:55,947 [Worker-7] INFO  o.e.m.c.i.embedder.EclipseLogger - Using 'UTF-8' encoding to copy filtered resources.
2016-09-19 23:26:55,948 [Worker-7] INFO  o.e.m.c.i.embedder.EclipseLogger - skip non existing resourceDirectory C:\Users\DavidHusen\Desktop\New folder\kagami-bpm-web\src\main\resources
2016-09-19 23:26:55,950 [Worker-7] INFO  o.e.m.c.i.embedder.EclipseLogger - Using 'UTF-8' encoding to copy filtered resources.
2016-09-19 23:26:55,970 [Worker-7] INFO  o.e.m.c.i.embedder.EclipseLogger - skip non existing resourceDirectory C:\Users\DavidHusen\Desktop\New folder\kagami-bpm-web\src\test\resources
2016-09-19 23:27:11,431 [Worker-7] INFO  o.e.m.c.i.embedder.EclipseLogger - Using 'UTF-8' encoding to copy filtered resources.
2016-09-19 23:27:11,459 [Worker-7] INFO  o.e.m.c.i.embedder.EclipseLogger - Copying 502 resources
2016-09-19 23:27:13,394 [Worker-7] INFO  o.e.m.c.i.embedder.EclipseLogger - Using 'UTF-8' encoding to copy filtered resources.
2016-09-19 23:27:13,395 [Worker-7] INFO  o.e.m.c.i.embedder.EclipseLogger - skip non existing resourceDirectory C:\Users\DavidHusen\Desktop\New folder\kagami-code-generator\src\test\resources
2016-09-19 23:27:24,495 [Worker-13] INFO  o.e.m.c.i.embedder.EclipseLogger - Using 'UTF-8' encoding to copy filtered resources.
2016-09-19 23:27:24,502 [Worker-13] INFO  o.e.m.c.i.embedder.EclipseLogger - skip non existing resourceDirectory C:\Users\DavidHusen\Desktop\New folder\kagami-verb-runtime\src\main\resources
2016-09-19 23:27:24,509 [Worker-13] INFO  o.e.m.c.i.embedder.EclipseLogger - Using 'UTF-8' encoding to copy filtered resources.
2016-09-19 23:27:24,516 [Worker-13] INFO  o.e.m.c.i.embedder.EclipseLogger - skip non existing resourceDirectory C:\Users\DavidHusen\Desktop\New folder\kagami-verb-runtime\src\test\resources
2016-09-19 23:56:13,383 [Worker-26] INFO  o.e.m.c.i.embedder.EclipseLogger - Using 'UTF-8' encoding to copy filtered resources.
2016-09-19 23:56:13,496 [Worker-26] INFO  o.e.m.c.i.embedder.EclipseLogger - Copying 0 resource
2016-09-19 23:56:13,534 [Worker-26] INFO  o.e.m.c.i.embedder.EclipseLogger - Using 'UTF-8' encoding to copy filtered resources.
2016-09-19 23:56:13,534 [Worker-26] INFO  o.e.m.c.i.embedder.EclipseLogger - skip non existing resourceDirectory C:\Users\DavidHusen\Desktop\New folder\kagami-code-generator\src\test\resources
2016-09-24 19:52:30,840 [Worker-11] INFO  o.e.m.c.i.embedder.EclipseLogger - Using 'UTF-8' encoding to copy filtered resources.
2016-09-24 19:52:30,892 [Worker-11] INFO  o.e.m.c.i.embedder.EclipseLogger - Copying 4 resources
2016-09-24 19:52:30,945 [Worker-11] INFO  o.e.m.c.i.embedder.EclipseLogger - Using 'UTF-8' encoding to copy filtered resources.
2016-09-24 19:52:30,946 [Worker-11] INFO  o.e.m.c.i.embedder.EclipseLogger - skip non existing resourceDirectory C:\Users\DavidHusen\Desktop\New folder\kagami-roles-web-service\src\test\resources
2016-09-24 19:52:43,600 [Worker-11] INFO  o.e.m.c.i.embedder.EclipseLogger - Using 'UTF-8' encoding to copy filtered resources.
2016-09-24 19:52:43,623 [Worker-11] INFO  o.e.m.c.i.embedder.EclipseLogger - Copying 502 resources
2016-09-24 19:52:45,295 [Worker-11] INFO  o.e.m.c.i.embedder.EclipseLogger - Using 'UTF-8' encoding to copy filtered resources.
2016-09-24 19:52:45,295 [Worker-11] INFO  o.e.m.c.i.embedder.EclipseLogger - skip non existing resourceDirectory C:\Users\DavidHusen\Desktop\New folder\kagami-code-generator\src\test\resources
2016-09-24 20:01:53,273 [Worker-20] INFO  o.e.m.c.i.embedder.EclipseLogger - Using 'UTF-8' encoding to copy filtered resources.
2016-09-24 20:01:53,295 [Worker-20] INFO  o.e.m.c.i.embedder.EclipseLogger - Copying 0 resource
2016-09-24 20:01:53,299 [Worker-20] INFO  o.e.m.c.i.embedder.EclipseLogger - Using 'UTF-8' encoding to copy filtered resources.
2016-09-24 20:01:53,299 [Worker-20] INFO  o.e.m.c.i.embedder.EclipseLogger - skip non existing resourceDirectory C:\Users\DavidHusen\Desktop\New folder\kagami-code-generator\src\test\resources
2016-09-24 20:02:08,260 [Worker-10] INFO  o.e.m.c.i.embedder.EclipseLogger - Using 'UTF-8' encoding to copy filtered resources.
2016-09-24 20:02:08,264 [Worker-10] INFO  o.e.m.c.i.embedder.EclipseLogger - Copying 0 resource
2016-09-24 20:02:08,266 [Worker-10] INFO  o.e.m.c.i.embedder.EclipseLogger - Using 'UTF-8' encoding to copy filtered resources.
2016-09-24 20:02:08,267 [Worker-10] INFO  o.e.m.c.i.embedder.EclipseLogger - skip non existing resourceDirectory C:\Users\DavidHusen\Desktop\New folder\kagami-code-generator\src\test\resources
2016-09-24 20:02:08,551 [Worker-22] INFO  o.e.m.c.i.embedder.EclipseLogger - Using 'UTF-8' encoding to copy filtered resources.
2016-09-24 20:02:08,552 [Worker-22] INFO  o.e.m.c.i.embedder.EclipseLogger - Copying 0 resource
2016-09-24 20:02:08,554 [Worker-22] INFO  o.e.m.c.i.embedder.EclipseLogger - Using 'UTF-8' encoding to copy filtered resources.
2016-09-24 20:02:08,554 [Worker-22] INFO  o.e.m.c.i.embedder.EclipseLogger - skip non existing resourceDirectory C:\Users\DavidHusen\Desktop\New folder\kagami-code-generator\src\test\resources
2016-09-24 20:03:45,774 [Worker-13] INFO  o.e.m.c.i.embedder.EclipseLogger - Using 'UTF-8' encoding to copy filtered resources.
2016-09-24 20:03:45,778 [Worker-13] INFO  o.e.m.c.i.embedder.EclipseLogger - Copying 19 resources
2016-09-24 20:03:45,852 [Worker-13] INFO  o.e.m.c.i.embedder.EclipseLogger - Using 'UTF-8' encoding to copy filtered resources.
2016-09-24 20:03:45,852 [Worker-13] INFO  o.e.m.c.i.embedder.EclipseLogger - skip non existing resourceDirectory C:\Users\DavidHusen\Desktop\New folder\kagami-code-generator\src\test\resources
2016-09-24 20:03:46,051 [Worker-13] INFO  o.e.m.c.i.embedder.EclipseLogger - Using 'UTF-8' encoding to copy filtered resources.
2016-09-24 20:03:46,057 [Worker-13] INFO  o.e.m.c.i.embedder.EclipseLogger - Copying 0 resource
2016-09-24 20:03:46,065 [Worker-13] INFO  o.e.m.c.i.embedder.EclipseLogger - Using 'UTF-8' encoding to copy filtered resources.
2016-09-24 20:03:46,065 [Worker-13] INFO  o.e.m.c.i.embedder.EclipseLogger - skip non existing resourceDirectory C:\Users\DavidHusen\Desktop\New folder\kagami-code-generator\src\test\resources
2016-09-24 20:04:12,017 [Worker-26] INFO  o.e.m.c.i.embedder.EclipseLogger - Using 'UTF-8' encoding to copy filtered resources.
2016-09-24 20:04:12,017 [Worker-26] INFO  o.e.m.c.i.embedder.EclipseLogger - Copying 1 resource
2016-09-24 20:04:12,019 [Worker-26] INFO  o.e.m.c.i.embedder.EclipseLogger - Using 'UTF-8' encoding to copy filtered resources.
2016-09-24 20:04:12,019 [Worker-26] INFO  o.e.m.c.i.embedder.EclipseLogger - Copying 0 resource
2016-09-24 20:04:15,521 [Worker-25] INFO  o.e.m.c.i.embedder.EclipseLogger - Using 'UTF-8' encoding to copy filtered resources.
2016-09-24 20:04:15,527 [Worker-25] INFO  o.e.m.c.i.embedder.EclipseLogger - skip non existing resourceDirectory C:\Users\DavidHusen\Desktop\New folder\kagami-design\src\main\resources
2016-09-24 20:04:15,534 [Worker-25] INFO  o.e.m.c.i.embedder.EclipseLogger - Using 'UTF-8' encoding to copy filtered resources.
2016-09-24 20:04:15,534 [Worker-25] INFO  o.e.m.c.i.embedder.EclipseLogger - skip non existing resourceDirectory C:\Users\DavidHusen\Desktop\New folder\kagami-design\src\test\resources
2016-09-24 20:04:16,037 [Worker-13] INFO  o.e.m.c.i.embedder.EclipseLogger - Using 'UTF-8' encoding to copy filtered resources.
2016-09-24 20:04:16,092 [Worker-13] INFO  o.e.m.c.i.embedder.EclipseLogger - Copying 521 resources
2016-09-24 20:04:16,179 [Worker-13] INFO  o.e.m.c.i.embedder.EclipseLogger - Using 'UTF-8' encoding to copy filtered resources.
2016-09-24 20:04:16,179 [Worker-13] INFO  o.e.m.c.i.embedder.EclipseLogger - skip non existing resourceDirectory C:\Users\DavidHusen\Desktop\New folder\kagami-code-generator\src\test\resources
2016-09-24 20:53:53,193 [Worker-30] INFO  o.e.m.c.i.embedder.EclipseLogger - Using 'UTF-8' encoding to copy filtered resources.
2016-09-24 20:53:53,194 [Worker-30] INFO  o.e.m.c.i.embedder.EclipseLogger - Copying 0 resource
2016-09-24 20:53:53,335 [Worker-30] INFO  o.e.m.c.i.embedder.EclipseLogger - Using 'UTF-8' encoding to copy filtered resources.
2016-09-24 20:53:53,335 [Worker-30] INFO  o.e.m.c.i.embedder.EclipseLogger - skip non existing resourceDirectory C:\Users\DavidHusen\Desktop\New folder\kagami-code-generator\src\test\resources
2016-09-24 20:54:29,416 [Worker-34] INFO  o.e.m.c.i.embedder.EclipseLogger - Using 'UTF-8' encoding to copy filtered resources.
2016-09-24 20:54:29,423 [Worker-34] INFO  o.e.m.c.i.embedder.EclipseLogger - Copying 1 resource
2016-09-24 20:54:29,433 [Worker-34] INFO  o.e.m.c.i.embedder.EclipseLogger - Using 'UTF-8' encoding to copy filtered resources.
2016-09-24 20:54:29,434 [Worker-34] INFO  o.e.m.c.i.embedder.EclipseLogger - skip non existing resourceDirectory C:\Users\DavidHusen\Desktop\New folder\kagami-code-generator\src\test\resources
2016-09-24 20:54:29,628 [Worker-28] INFO  o.e.m.c.i.embedder.EclipseLogger - Using 'UTF-8' encoding to copy filtered resources.
2016-09-24 20:54:29,629 [Worker-28] INFO  o.e.m.c.i.embedder.EclipseLogger - Copying 0 resource
2016-09-24 20:54:29,637 [Worker-28] INFO  o.e.m.c.i.embedder.EclipseLogger - Using 'UTF-8' encoding to copy filtered resources.
2016-09-24 20:54:29,638 [Worker-28] INFO  o.e.m.c.i.embedder.EclipseLogger - skip non existing resourceDirectory C:\Users\DavidHusen\Desktop\New folder\kagami-code-generator\src\test\resources
2016-09-24 20:54:48,340 [Worker-33] INFO  o.e.m.c.i.embedder.EclipseLogger - Using 'UTF-8' encoding to copy filtered resources.
2016-09-24 20:54:48,341 [Worker-33] INFO  o.e.m.c.i.embedder.EclipseLogger - Copying 1 resource
2016-09-24 20:54:48,346 [Worker-33] INFO  o.e.m.c.i.embedder.EclipseLogger - Using 'UTF-8' encoding to copy filtered resources.
2016-09-24 20:54:48,346 [Worker-33] INFO  o.e.m.c.i.embedder.EclipseLogger - skip non existing resourceDirectory C:\Users\DavidHusen\Desktop\New folder\kagami-code-generator\src\test\resources
2016-09-24 20:54:49,475 [Worker-35] INFO  o.e.m.c.i.embedder.EclipseLogger - Using 'UTF-8' encoding to copy filtered resources.
2016-09-24 20:54:49,490 [Worker-35] INFO  o.e.m.c.i.embedder.EclipseLogger - Copying 0 resource
2016-09-24 20:54:49,501 [Worker-35] INFO  o.e.m.c.i.embedder.EclipseLogger - Using 'UTF-8' encoding to copy filtered resources.
2016-09-24 20:54:49,502 [Worker-35] INFO  o.e.m.c.i.embedder.EclipseLogger - skip non existing resourceDirectory C:\Users\DavidHusen\Desktop\New folder\kagami-code-generator\src\test\resources
2016-09-24 20:55:23,494 [Worker-34] INFO  o.e.m.c.i.embedder.EclipseLogger - Using 'UTF-8' encoding to copy filtered resources.
2016-09-24 20:55:23,494 [Worker-34] INFO  o.e.m.c.i.embedder.EclipseLogger - Copying 1 resource
2016-09-24 20:55:23,499 [Worker-34] INFO  o.e.m.c.i.embedder.EclipseLogger - Using 'UTF-8' encoding to copy filtered resources.
2016-09-24 20:55:23,500 [Worker-34] INFO  o.e.m.c.i.embedder.EclipseLogger - skip non existing resourceDirectory C:\Users\DavidHusen\Desktop\New folder\kagami-code-generator\src\test\resources
2016-09-24 20:55:24,611 [Worker-30] INFO  o.e.m.c.i.embedder.EclipseLogger - Using 'UTF-8' encoding to copy filtered resources.
2016-09-24 20:55:24,620 [Worker-30] INFO  o.e.m.c.i.embedder.EclipseLogger - Copying 0 resource
2016-09-24 20:55:24,631 [Worker-30] INFO  o.e.m.c.i.embedder.EclipseLogger - Using 'UTF-8' encoding to copy filtered resources.
2016-09-24 20:55:24,632 [Worker-30] INFO  o.e.m.c.i.embedder.EclipseLogger - skip non existing resourceDirectory C:\Users\DavidHusen\Desktop\New folder\kagami-code-generator\src\test\resources
2016-09-24 22:01:07,135 [Worker-15] INFO  o.e.m.c.i.embedder.EclipseLogger - Using 'UTF-8' encoding to copy filtered resources.
2016-09-24 22:01:07,149 [Worker-15] INFO  o.e.m.c.i.embedder.EclipseLogger - Copying 4 resources
2016-09-24 22:01:07,174 [Worker-15] INFO  o.e.m.c.i.embedder.EclipseLogger - Using 'UTF-8' encoding to copy filtered resources.
2016-09-24 22:01:07,174 [Worker-15] INFO  o.e.m.c.i.embedder.EclipseLogger - skip non existing resourceDirectory C:\Users\DavidHusen\Desktop\New folder\kagami-roles-web-service\src\test\resources
2016-09-24 22:01:11,819 [Worker-15] INFO  o.e.m.c.i.embedder.EclipseLogger - Using 'UTF-8' encoding to copy filtered resources.
2016-09-24 22:01:11,830 [Worker-15] INFO  o.e.m.c.i.embedder.EclipseLogger - Copying 507 resources
2016-09-24 22:01:12,230 [Worker-15] INFO  o.e.m.c.i.embedder.EclipseLogger - Using 'UTF-8' encoding to copy filtered resources.
2016-09-24 22:01:12,231 [Worker-15] INFO  o.e.m.c.i.embedder.EclipseLogger - skip non existing resourceDirectory C:\Users\DavidHusen\Desktop\New folder\kagami-code-generator\src\test\resources
2016-09-24 22:01:15,288 [Worker-10] INFO  o.e.m.c.i.embedder.EclipseLogger - Using 'UTF-8' encoding to copy filtered resources.
2016-09-24 22:01:15,294 [Worker-10] INFO  o.e.m.c.i.embedder.EclipseLogger - Copying 0 resource
2016-09-24 22:01:15,296 [Worker-10] INFO  o.e.m.c.i.embedder.EclipseLogger - Using 'UTF-8' encoding to copy filtered resources.
2016-09-24 22:01:15,296 [Worker-10] INFO  o.e.m.c.i.embedder.EclipseLogger - skip non existing resourceDirectory C:\Users\DavidHusen\Desktop\New folder\kagami-code-generator\src\test\resources
2016-09-24 22:01:19,207 [Worker-10] INFO  o.e.m.c.i.embedder.EclipseLogger - Using 'UTF-8' encoding to copy filtered resources.
2016-09-24 22:01:19,207 [Worker-10] INFO  o.e.m.c.i.embedder.EclipseLogger - skip non existing resourceDirectory C:\Users\DavidHusen\Desktop\New folder\kagami-verb-runtime\src\main\resources
2016-09-24 22:01:19,210 [Worker-10] INFO  o.e.m.c.i.embedder.EclipseLogger - Using 'UTF-8' encoding to copy filtered resources.
2016-09-24 22:01:19,218 [Worker-10] INFO  o.e.m.c.i.embedder.EclipseLogger - skip non existing resourceDirectory C:\Users\DavidHusen\Desktop\New folder\kagami-verb-runtime\src\test\resources
2016-09-24 22:24:38,132 [Worker-15] INFO  o.e.m.c.i.embedder.EclipseLogger - Using 'UTF-8' encoding to copy filtered resources.
2016-09-24 22:24:38,193 [Worker-15] INFO  o.e.m.c.i.embedder.EclipseLogger - Copying 4 resources
2016-09-24 22:24:38,207 [Worker-15] INFO  o.e.m.c.i.embedder.EclipseLogger - Using 'UTF-8' encoding to copy filtered resources.
2016-09-24 22:24:38,207 [Worker-15] INFO  o.e.m.c.i.embedder.EclipseLogger - skip non existing resourceDirectory C:\Users\DavidHusen\Desktop\New folder\kagami-roles-web-service\src\test\resources
2016-09-24 22:24:44,140 [Worker-15] INFO  o.e.m.c.i.embedder.EclipseLogger - Using 'UTF-8' encoding to copy filtered resources.
2016-09-24 22:24:44,164 [Worker-15] INFO  o.e.m.c.i.embedder.EclipseLogger - Copying 507 resources
2016-09-24 22:24:44,254 [Worker-15] INFO  o.e.m.c.i.embedder.EclipseLogger - Using 'UTF-8' encoding to copy filtered resources.
2016-09-24 22:24:44,254 [Worker-15] INFO  o.e.m.c.i.embedder.EclipseLogger - skip non existing resourceDirectory C:\Users\DavidHusen\Desktop\New folder\kagami-code-generator\src\test\resources
2016-09-24 22:24:47,349 [Worker-7] INFO  o.e.m.c.i.embedder.EclipseLogger - Using 'UTF-8' encoding to copy filtered resources.
2016-09-24 22:24:47,353 [Worker-7] INFO  o.e.m.c.i.embedder.EclipseLogger - Copying 0 resource
2016-09-24 22:24:47,355 [Worker-7] INFO  o.e.m.c.i.embedder.EclipseLogger - Using 'UTF-8' encoding to copy filtered resources.
2016-09-24 22:24:47,355 [Worker-7] INFO  o.e.m.c.i.embedder.EclipseLogger - skip non existing resourceDirectory C:\Users\DavidHusen\Desktop\New folder\kagami-roles-web-service\src\test\resources
2016-09-24 22:24:47,560 [Worker-3] INFO  o.e.m.c.i.embedder.EclipseLogger - Using 'UTF-8' encoding to copy filtered resources.
2016-09-24 22:24:47,561 [Worker-3] INFO  o.e.m.c.i.embedder.EclipseLogger - Copying 0 resource
2016-09-24 22:24:47,563 [Worker-3] INFO  o.e.m.c.i.embedder.EclipseLogger - Using 'UTF-8' encoding to copy filtered resources.
2016-09-24 22:24:47,563 [Worker-3] INFO  o.e.m.c.i.embedder.EclipseLogger - skip non existing resourceDirectory C:\Users\DavidHusen\Desktop\New folder\kagami-roles-web-service\src\test\resources
2016-09-24 22:24:47,602 [Worker-3] INFO  o.e.m.c.i.embedder.EclipseLogger - Using 'UTF-8' encoding to copy filtered resources.
2016-09-24 22:24:47,603 [Worker-3] INFO  o.e.m.c.i.embedder.EclipseLogger - Copying 0 resource
2016-09-24 22:24:47,605 [Worker-3] INFO  o.e.m.c.i.embedder.EclipseLogger - Using 'UTF-8' encoding to copy filtered resources.
2016-09-24 22:24:47,605 [Worker-3] INFO  o.e.m.c.i.embedder.EclipseLogger - skip non existing resourceDirectory C:\Users\DavidHusen\Desktop\New folder\kagami-code-generator\src\test\resources
2016-09-24 23:15:29,961 [Worker-28] INFO  o.e.m.c.i.embedder.EclipseLogger - Using 'UTF-8' encoding to copy filtered resources.
2016-09-24 23:15:29,961 [Worker-28] INFO  o.e.m.c.i.embedder.EclipseLogger - Copying 0 resource
2016-09-24 23:15:29,964 [Worker-28] INFO  o.e.m.c.i.embedder.EclipseLogger - Using 'UTF-8' encoding to copy filtered resources.
2016-09-24 23:15:29,964 [Worker-28] INFO  o.e.m.c.i.embedder.EclipseLogger - skip non existing resourceDirectory C:\Users\DavidHusen\Desktop\New folder\kagami-code-generator\src\test\resources
2016-09-24 23:26:04,391 [Worker-32] INFO  o.e.m.c.i.embedder.EclipseLogger - Using 'UTF-8' encoding to copy filtered resources.
2016-09-24 23:26:04,391 [Worker-32] INFO  o.e.m.c.i.embedder.EclipseLogger - Copying 0 resource
2016-09-24 23:26:04,399 [Worker-32] INFO  o.e.m.c.i.embedder.EclipseLogger - Using 'UTF-8' encoding to copy filtered resources.
2016-09-24 23:26:04,405 [Worker-32] INFO  o.e.m.c.i.embedder.EclipseLogger - skip non existing resourceDirectory C:\Users\DavidHusen\Desktop\New folder\kagami-code-generator\src\test\resources
2016-09-25 13:39:05,874 [Worker-2] INFO  o.e.m.c.i.embedder.EclipseLogger - Using 'UTF-8' encoding to copy filtered resources.
2016-09-25 13:39:06,010 [Worker-2] INFO  o.e.m.c.i.embedder.EclipseLogger - Copying 1 resource
2016-09-25 13:39:06,178 [Worker-2] INFO  o.e.m.c.i.embedder.EclipseLogger - Using 'UTF-8' encoding to copy filtered resources.
2016-09-25 13:39:06,181 [Worker-2] INFO  o.e.m.c.i.embedder.EclipseLogger - Copying 0 resource
2016-09-25 13:39:19,449 [Worker-19] INFO  o.e.m.c.i.embedder.EclipseLogger - Using 'UTF-8' encoding to copy filtered resources.
2016-09-25 13:39:19,450 [Worker-19] INFO  o.e.m.c.i.embedder.EclipseLogger - Copying 0 resource
2016-09-25 13:39:19,453 [Worker-19] INFO  o.e.m.c.i.embedder.EclipseLogger - Using 'UTF-8' encoding to copy filtered resources.
2016-09-25 13:39:19,453 [Worker-19] INFO  o.e.m.c.i.embedder.EclipseLogger - Copying 0 resource
2016-09-25 13:39:23,415 [Worker-2] INFO  o.e.m.c.i.embedder.EclipseLogger - Using 'UTF-8' encoding to copy filtered resources.
2016-09-25 13:39:23,416 [Worker-2] INFO  o.e.m.c.i.embedder.EclipseLogger - skip non existing resourceDirectory C:\Users\DavidHusen\Desktop\New folder\kagami-bpm-web\src\main\resources
2016-09-25 13:39:23,418 [Worker-2] INFO  o.e.m.c.i.embedder.EclipseLogger - Using 'UTF-8' encoding to copy filtered resources.
2016-09-25 13:39:23,419 [Worker-2] INFO  o.e.m.c.i.embedder.EclipseLogger - skip non existing resourceDirectory C:\Users\DavidHusen\Desktop\New folder\kagami-bpm-web\src\test\resources
2016-09-25 13:39:28,566 [Worker-2] INFO  o.e.m.c.i.embedder.EclipseLogger - Using 'UTF-8' encoding to copy filtered resources.
2016-09-25 13:39:28,568 [Worker-2] INFO  o.e.m.c.i.embedder.EclipseLogger - Copying 4 resources
2016-09-25 13:39:28,582 [Worker-2] INFO  o.e.m.c.i.embedder.EclipseLogger - Using 'UTF-8' encoding to copy filtered resources.
2016-09-25 13:39:28,583 [Worker-2] INFO  o.e.m.c.i.embedder.EclipseLogger - skip non existing resourceDirectory C:\Users\DavidHusen\Desktop\New folder\kagami-roles-web-service\src\test\resources
2016-09-25 13:39:34,291 [Worker-2] INFO  o.e.m.c.i.embedder.EclipseLogger - Using 'UTF-8' encoding to copy filtered resources.
2016-09-25 13:39:34,291 [Worker-2] INFO  o.e.m.c.i.embedder.EclipseLogger - skip non existing resourceDirectory C:\Users\DavidHusen\Desktop\New folder\kagami-verb\src\main\resources
2016-09-25 13:39:34,293 [Worker-2] INFO  o.e.m.c.i.embedder.EclipseLogger - Using 'UTF-8' encoding to copy filtered resources.
2016-09-25 13:39:34,293 [Worker-2] INFO  o.e.m.c.i.embedder.EclipseLogger - skip non existing resourceDirectory C:\Users\DavidHusen\Desktop\New folder\kagami-verb\src\test\resources
2016-09-25 13:39:44,243 [Worker-3] INFO  o.e.m.c.i.embedder.EclipseLogger - Using 'UTF-8' encoding to copy filtered resources.
2016-09-25 13:39:44,259 [Worker-3] INFO  o.e.m.c.i.embedder.EclipseLogger - Copying 507 resources
2016-09-25 13:39:45,337 [Worker-3] INFO  o.e.m.c.i.embedder.EclipseLogger - Using 'UTF-8' encoding to copy filtered resources.
2016-09-25 13:39:45,337 [Worker-3] INFO  o.e.m.c.i.embedder.EclipseLogger - skip non existing resourceDirectory C:\Users\DavidHusen\Desktop\New folder\kagami-code-generator\src\test\resources
2016-09-25 13:40:00,096 [Worker-3] INFO  o.e.m.c.i.embedder.EclipseLogger - Using 'UTF-8' encoding to copy filtered resources.
2016-09-25 13:40:00,102 [Worker-3] INFO  o.e.m.c.i.embedder.EclipseLogger - skip non existing resourceDirectory C:\Users\DavidHusen\Desktop\New folder\kagami-verb-runtime\src\main\resources
2016-09-25 13:40:00,110 [Worker-3] INFO  o.e.m.c.i.embedder.EclipseLogger - Using 'UTF-8' encoding to copy filtered resources.
2016-09-25 13:40:00,110 [Worker-3] INFO  o.e.m.c.i.embedder.EclipseLogger - skip non existing resourceDirectory C:\Users\DavidHusen\Desktop\New folder\kagami-verb-runtime\src\test\resources
2016-09-25 13:43:04,833 [Worker-7] INFO  o.e.m.c.i.embedder.EclipseLogger - Using 'UTF-8' encoding to copy filtered resources.
2016-09-25 13:43:04,846 [Worker-7] INFO  o.e.m.c.i.embedder.EclipseLogger - Copying 1 resource
2016-09-25 13:43:04,854 [Worker-7] INFO  o.e.m.c.i.embedder.EclipseLogger - Using 'UTF-8' encoding to copy filtered resources.
2016-09-25 13:43:04,855 [Worker-7] INFO  o.e.m.c.i.embedder.EclipseLogger - Copying 0 resource
2016-09-25 13:43:07,455 [Worker-7] INFO  o.e.m.c.i.embedder.EclipseLogger - Using 'UTF-8' encoding to copy filtered resources.
2016-09-25 13:43:07,456 [Worker-7] INFO  o.e.m.c.i.embedder.EclipseLogger - Copying 1 resource
2016-09-25 13:43:07,458 [Worker-7] INFO  o.e.m.c.i.embedder.EclipseLogger - Using 'UTF-8' encoding to copy filtered resources.
2016-09-25 13:43:07,460 [Worker-7] INFO  o.e.m.c.i.embedder.EclipseLogger - Copying 0 resource
2016-09-25 13:43:10,851 [Worker-17] INFO  o.e.m.c.i.embedder.EclipseLogger - Using 'UTF-8' encoding to copy filtered resources.
2016-09-25 13:43:10,852 [Worker-17] INFO  o.e.m.c.i.embedder.EclipseLogger - Copying 4 resources
2016-09-25 13:43:10,855 [Worker-17] INFO  o.e.m.c.i.embedder.EclipseLogger - Using 'UTF-8' encoding to copy filtered resources.
2016-09-25 13:43:10,857 [Worker-17] INFO  o.e.m.c.i.embedder.EclipseLogger - Copying 0 resource
2016-09-25 13:43:12,778 [Worker-17] INFO  o.e.m.c.i.embedder.EclipseLogger - Using 'UTF-8' encoding to copy filtered resources.
2016-09-25 13:43:12,779 [Worker-17] INFO  o.e.m.c.i.embedder.EclipseLogger - Copying 0 resource
2016-09-25 13:43:12,781 [Worker-17] INFO  o.e.m.c.i.embedder.EclipseLogger - Using 'UTF-8' encoding to copy filtered resources.
2016-09-25 13:43:12,782 [Worker-17] INFO  o.e.m.c.i.embedder.EclipseLogger - Copying 0 resource
2016-09-25 13:43:15,465 [Worker-17] INFO  o.e.m.c.i.embedder.EclipseLogger - Using 'UTF-8' encoding to copy filtered resources.
2016-09-25 13:43:15,466 [Worker-17] INFO  o.e.m.c.i.embedder.EclipseLogger - Copying 0 resource
2016-09-25 13:43:15,468 [Worker-17] INFO  o.e.m.c.i.embedder.EclipseLogger - Using 'UTF-8' encoding to copy filtered resources.
2016-09-25 13:43:15,468 [Worker-17] INFO  o.e.m.c.i.embedder.EclipseLogger - skip non existing resourceDirectory C:\Users\DavidHusen\Desktop\New folder\kagami-drool-drl\src\test\resources
2016-09-25 13:43:17,293 [Worker-11] INFO  o.e.m.c.i.embedder.EclipseLogger - Using 'UTF-8' encoding to copy filtered resources.
2016-09-25 13:43:17,300 [Worker-11] INFO  o.e.m.c.i.embedder.EclipseLogger - skip non existing resourceDirectory C:\Users\DavidHusen\Desktop\New folder\kagami-ui-generator\src\main\resources
2016-09-25 13:43:17,310 [Worker-11] INFO  o.e.m.c.i.embedder.EclipseLogger - Using 'UTF-8' encoding to copy filtered resources.
2016-09-25 13:43:17,310 [Worker-11] INFO  o.e.m.c.i.embedder.EclipseLogger - skip non existing resourceDirectory C:\Users\DavidHusen\Desktop\New folder\kagami-ui-generator\src\test\resources
2016-09-25 13:43:19,454 [Worker-7] INFO  o.e.m.c.i.embedder.EclipseLogger - Using 'UTF-8' encoding to copy filtered resources.
2016-09-25 13:43:19,454 [Worker-7] INFO  o.e.m.c.i.embedder.EclipseLogger - skip non existing resourceDirectory C:\Users\DavidHusen\Desktop\New folder\kagami-design\src\main\resources
2016-09-25 13:43:19,455 [Worker-7] INFO  o.e.m.c.i.embedder.EclipseLogger - Using 'UTF-8' encoding to copy filtered resources.
2016-09-25 13:43:19,455 [Worker-7] INFO  o.e.m.c.i.embedder.EclipseLogger - skip non existing resourceDirectory C:\Users\DavidHusen\Desktop\New folder\kagami-design\src\test\resources
2016-09-25 13:43:21,294 [Worker-7] INFO  o.e.m.c.i.embedder.EclipseLogger - Using 'UTF-8' encoding to copy filtered resources.
2016-09-25 13:43:21,301 [Worker-7] INFO  o.e.m.c.i.embedder.EclipseLogger - skip non existing resourceDirectory C:\Users\DavidHusen\Desktop\New folder\kagami-utilities\src\main\resources
2016-09-25 13:43:21,317 [Worker-7] INFO  o.e.m.c.i.embedder.EclipseLogger - Using 'UTF-8' encoding to copy filtered resources.
2016-09-25 13:43:21,318 [Worker-7] INFO  o.e.m.c.i.embedder.EclipseLogger - skip non existing resourceDirectory C:\Users\DavidHusen\Desktop\New folder\kagami-utilities\src\test\resources
2016-09-25 13:43:23,491 [Worker-10] INFO  o.e.m.c.i.embedder.EclipseLogger - Using 'UTF-8' encoding to copy filtered resources.
2016-09-25 13:43:23,491 [Worker-10] INFO  o.e.m.c.i.embedder.EclipseLogger - skip non existing resourceDirectory C:\Users\DavidHusen\Desktop\New folder\kagami-session\src\main\resources
2016-09-25 13:43:23,493 [Worker-10] INFO  o.e.m.c.i.embedder.EclipseLogger - Using 'UTF-8' encoding to copy filtered resources.
2016-09-25 13:43:23,494 [Worker-10] INFO  o.e.m.c.i.embedder.EclipseLogger - skip non existing resourceDirectory C:\Users\DavidHusen\Desktop\New folder\kagami-session\src\test\resources
2016-09-25 13:43:28,804 [Worker-10] INFO  o.e.m.c.i.embedder.EclipseLogger - Using 'UTF-8' encoding to copy filtered resources.
2016-09-25 13:43:28,810 [Worker-10] INFO  o.e.m.c.i.embedder.EclipseLogger - Copying 0 resource
2016-09-25 13:43:28,818 [Worker-10] INFO  o.e.m.c.i.embedder.EclipseLogger - Using 'UTF-8' encoding to copy filtered resources.
2016-09-25 13:43:28,818 [Worker-10] INFO  o.e.m.c.i.embedder.EclipseLogger - Copying 0 resource
2016-09-25 13:43:30,803 [Worker-10] INFO  o.e.m.c.i.embedder.EclipseLogger - Using 'UTF-8' encoding to copy filtered resources.
2016-09-25 13:43:30,803 [Worker-10] INFO  o.e.m.c.i.embedder.EclipseLogger - skip non existing resourceDirectory C:\Users\DavidHusen\Desktop\New folder\kagami-bpm-web\src\main\resources
2016-09-25 13:43:30,804 [Worker-10] INFO  o.e.m.c.i.embedder.EclipseLogger - Using 'UTF-8' encoding to copy filtered resources.
2016-09-25 13:43:30,804 [Worker-10] INFO  o.e.m.c.i.embedder.EclipseLogger - skip non existing resourceDirectory C:\Users\DavidHusen\Desktop\New folder\kagami-bpm-web\src\test\resources
2016-09-25 13:43:32,935 [Worker-10] INFO  o.e.m.c.i.embedder.EclipseLogger - Using 'UTF-8' encoding to copy filtered resources.
2016-09-25 13:43:32,945 [Worker-10] INFO  o.e.m.c.i.embedder.EclipseLogger - Copying 4 resources
2016-09-25 13:43:32,957 [Worker-10] INFO  o.e.m.c.i.embedder.EclipseLogger - Using 'UTF-8' encoding to copy filtered resources.
2016-09-25 13:43:32,959 [Worker-10] INFO  o.e.m.c.i.embedder.EclipseLogger - Copying 0 resource
2016-09-25 13:43:35,425 [Worker-19] INFO  o.e.m.c.i.embedder.EclipseLogger - Using 'UTF-8' encoding to copy filtered resources.
2016-09-25 13:43:35,426 [Worker-19] INFO  o.e.m.c.i.embedder.EclipseLogger - Copying 4 resources
2016-09-25 13:43:35,430 [Worker-19] INFO  o.e.m.c.i.embedder.EclipseLogger - Using 'UTF-8' encoding to copy filtered resources.
2016-09-25 13:43:35,430 [Worker-19] INFO  o.e.m.c.i.embedder.EclipseLogger - skip non existing resourceDirectory C:\Users\DavidHusen\Desktop\New folder\kagami-roles-web-service\src\test\resources
2016-09-25 13:43:38,004 [Worker-19] INFO  o.e.m.c.i.embedder.EclipseLogger - Using 'UTF-8' encoding to copy filtered resources.
2016-09-25 13:43:38,010 [Worker-19] INFO  o.e.m.c.i.embedder.EclipseLogger - skip non existing resourceDirectory C:\Users\DavidHusen\Desktop\New folder\kagami-verb\src\main\resources
2016-09-25 13:43:38,019 [Worker-19] INFO  o.e.m.c.i.embedder.EclipseLogger - Using 'UTF-8' encoding to copy filtered resources.
2016-09-25 13:43:38,019 [Worker-19] INFO  o.e.m.c.i.embedder.EclipseLogger - skip non existing resourceDirectory C:\Users\DavidHusen\Desktop\New folder\kagami-verb\src\test\resources
2016-09-25 13:43:38,621 [Worker-6] INFO  o.e.m.c.i.embedder.EclipseLogger - Using 'UTF-8' encoding to copy filtered resources.
2016-09-25 13:43:38,633 [Worker-6] INFO  o.e.m.c.i.embedder.EclipseLogger - Copying 0 resource
2016-09-25 13:43:38,635 [Worker-6] INFO  o.e.m.c.i.embedder.EclipseLogger - Using 'UTF-8' encoding to copy filtered resources.
2016-09-25 13:43:38,635 [Worker-6] INFO  o.e.m.c.i.embedder.EclipseLogger - skip non existing resourceDirectory C:\Users\DavidHusen\Desktop\New folder\kagami-roles-web-service\src\test\resources
2016-09-25 13:43:38,921 [Worker-6] INFO  o.e.m.c.i.embedder.EclipseLogger - Using 'UTF-8' encoding to copy filtered resources.
2016-09-25 13:43:38,922 [Worker-6] INFO  o.e.m.c.i.embedder.EclipseLogger - Copying 0 resource
2016-09-25 13:43:38,929 [Worker-6] INFO  o.e.m.c.i.embedder.EclipseLogger - Using 'UTF-8' encoding to copy filtered resources.
2016-09-25 13:43:38,930 [Worker-6] INFO  o.e.m.c.i.embedder.EclipseLogger - skip non existing resourceDirectory C:\Users\DavidHusen\Desktop\New folder\kagami-roles-web-service\src\test\resources
2016-09-25 13:43:41,491 [Worker-6] INFO  o.e.m.c.i.embedder.EclipseLogger - Using 'UTF-8' encoding to copy filtered resources.
2016-09-25 13:43:41,499 [Worker-6] INFO  o.e.m.c.i.embedder.EclipseLogger - Copying 507 resources
2016-09-25 13:43:41,585 [Worker-6] INFO  o.e.m.c.i.embedder.EclipseLogger - Using 'UTF-8' encoding to copy filtered resources.
2016-09-25 13:43:41,586 [Worker-6] INFO  o.e.m.c.i.embedder.EclipseLogger - skip non existing resourceDirectory C:\Users\DavidHusen\Desktop\New folder\kagami-code-generator\src\test\resources
2016-09-25 13:43:43,727 [Worker-6] INFO  o.e.m.c.i.embedder.EclipseLogger - Using 'UTF-8' encoding to copy filtered resources.
2016-09-25 13:43:43,733 [Worker-6] INFO  o.e.m.c.i.embedder.EclipseLogger - Copying 0 resource
2016-09-25 13:43:43,741 [Worker-6] INFO  o.e.m.c.i.embedder.EclipseLogger - Using 'UTF-8' encoding to copy filtered resources.
2016-09-25 13:43:43,741 [Worker-6] INFO  o.e.m.c.i.embedder.EclipseLogger - skip non existing resourceDirectory C:\Users\DavidHusen\Desktop\New folder\kagami-code-generator\src\test\resources
2016-09-25 13:43:46,641 [Worker-6] INFO  o.e.m.c.i.embedder.EclipseLogger - Using 'UTF-8' encoding to copy filtered resources.
2016-09-25 13:43:46,642 [Worker-6] INFO  o.e.m.c.i.embedder.EclipseLogger - skip non existing resourceDirectory C:\Users\DavidHusen\Desktop\New folder\kagami-verb-runtime\src\main\resources
2016-09-25 13:43:46,643 [Worker-6] INFO  o.e.m.c.i.embedder.EclipseLogger - Using 'UTF-8' encoding to copy filtered resources.
2016-09-25 13:43:46,643 [Worker-6] INFO  o.e.m.c.i.embedder.EclipseLogger - skip non existing resourceDirectory C:\Users\DavidHusen\Desktop\New folder\kagami-verb-runtime\src\test\resources
2016-09-25 14:02:11,655 [Worker-10] INFO  o.e.m.c.i.e.AbstractTransferListenerAdapter - Downloading https://repo.maven.apache.org/maven2/org/hibernate/hibernate-entitymanager/5.1.0.Final/hibernate-entitymanager-5.1.0.Final-sources.jar
2016-09-25 14:02:17,710 [Worker-10] INFO  o.e.m.c.i.e.AbstractTransferListenerAdapter - Downloaded https://repo.maven.apache.org/maven2/org/hibernate/hibernate-entitymanager/5.1.0.Final/hibernate-entitymanager-5.1.0.Final-sources.jar
2016-09-25 14:02:18,748 [Worker-10] INFO  o.e.m.j.internal.DownloadSourcesJob - Downloaded sources for org.hibernate:hibernate-entitymanager:5.1.0.Final
2016-09-25 14:02:20,934 [Worker-28] INFO  o.e.m.c.i.embedder.EclipseLogger - Using 'UTF-8' encoding to copy filtered resources.
2016-09-25 14:02:20,940 [Worker-28] INFO  o.e.m.c.i.embedder.EclipseLogger - Copying 0 resource
2016-09-25 14:02:20,948 [Worker-28] INFO  o.e.m.c.i.embedder.EclipseLogger - Using 'UTF-8' encoding to copy filtered resources.
2016-09-25 14:02:20,953 [Worker-28] INFO  o.e.m.c.i.embedder.EclipseLogger - skip non existing resourceDirectory C:\Users\DavidHusen\Desktop\New folder\kagami-code-generator\src\test\resources
2016-10-02 21:49:18,028 [Worker-2] INFO  o.e.m.c.i.embedder.EclipseLogger - Using 'UTF-8' encoding to copy filtered resources.
2016-10-02 21:49:18,082 [Worker-2] INFO  o.e.m.c.i.embedder.EclipseLogger - Copying 4 resources
2016-10-02 21:49:18,145 [Worker-2] INFO  o.e.m.c.i.embedder.EclipseLogger - Using 'UTF-8' encoding to copy filtered resources.
2016-10-02 21:49:18,147 [Worker-2] INFO  o.e.m.c.i.embedder.EclipseLogger - skip non existing resourceDirectory C:\Users\DavidHusen\Desktop\New folder\kagami-roles-web-service\src\test\resources
2016-10-02 21:49:33,096 [Worker-16] INFO  o.e.m.c.i.embedder.EclipseLogger - Using 'UTF-8' encoding to copy filtered resources.
2016-10-02 21:49:33,125 [Worker-16] INFO  o.e.m.c.i.embedder.EclipseLogger - Copying 507 resources
2016-10-02 21:49:34,828 [Worker-16] INFO  o.e.m.c.i.embedder.EclipseLogger - Using 'UTF-8' encoding to copy filtered resources.
2016-10-02 21:49:34,828 [Worker-16] INFO  o.e.m.c.i.embedder.EclipseLogger - skip non existing resourceDirectory C:\Users\DavidHusen\Desktop\New folder\kagami-code-generator\src\test\resources
2016-10-02 21:52:01,002 [Worker-0] INFO  o.e.m.c.i.embedder.EclipseLogger - Using 'UTF-8' encoding to copy filtered resources.
2016-10-02 21:52:01,003 [Worker-0] INFO  o.e.m.c.i.embedder.EclipseLogger - Copying 1 resource
2016-10-02 21:52:01,005 [Worker-0] INFO  o.e.m.c.i.embedder.EclipseLogger - Using 'UTF-8' encoding to copy filtered resources.
2016-10-02 21:52:01,006 [Worker-0] INFO  o.e.m.c.i.embedder.EclipseLogger - Copying 0 resource
