2016-09-25 14:13:24,216 [Worker-13] INFO  o.e.m.c.i.l.LifecycleMappingFactory - Using NULL lifecycle mapping for MavenProject: com.bcv.kagami:KagamiPOC:1.0-SNAPSHOT @ C:\Users\DavidHusen\Desktop\$$Kagami$$\New folder\pom.xml.
2016-09-25 14:13:48,140 [Worker-13] INFO  o.e.m.c.i.l.LifecycleMappingFactory - Using org.eclipse.m2e.jdt.JarLifecycleMapping lifecycle mapping for MavenProject: com.bcv.kagami:kagami-commons:1.0-SNAPSHOT @ C:\Users\DavidHusen\Desktop\$$Kagami$$\New folder\kagami-commons\pom.xml.
2016-09-25 14:13:48,667 [Worker-13] INFO  o.e.m.c.i.l.LifecycleMappingFactory - Using org.eclipse.m2e.jdt.JarLifecycleMapping lifecycle mapping for MavenProject: com.bcv.kagami:kagami-datasource:1.0-SNAPSHOT @ C:\Users\DavidHusen\Desktop\$$Kagami$$\New folder\kagami-datasource\pom.xml.
2016-09-25 14:13:49,943 [Worker-13] INFO  o.e.m.c.i.l.LifecycleMappingFactory - Using org.maven.ide.eclipse.wtp.WarLifecycleMapping lifecycle mapping for MavenProject: com.bcv.kagami:kagami-code-generator:1.0-SNAPSHOT @ C:\Users\DavidHusen\Desktop\$$Kagami$$\New folder\kagami-code-generator\pom.xml.
2016-09-25 14:13:57,261 [Worker-13] INFO  o.e.m.c.i.l.LifecycleMappingFactory - Using org.eclipse.m2e.jdt.JarLifecycleMapping lifecycle mapping for MavenProject: com.bcv.kagami:kagami-ui-generator:1.0-SNAPSHOT @ C:\Users\DavidHusen\Desktop\$$Kagami$$\New folder\kagami-ui-generator\pom.xml.
2016-09-25 14:13:57,791 [Worker-13] INFO  o.e.m.c.i.l.LifecycleMappingFactory - Using org.eclipse.m2e.jdt.JarLifecycleMapping lifecycle mapping for MavenProject: com.bcv.kagami:kagami-design:1.0-SNAPSHOT @ C:\Users\DavidHusen\Desktop\$$Kagami$$\New folder\kagami-design\pom.xml.
2016-09-25 14:13:58,330 [Worker-13] INFO  o.e.m.c.i.l.LifecycleMappingFactory - Using org.eclipse.m2e.jdt.JarLifecycleMapping lifecycle mapping for MavenProject: com.bcv.kagami:kagami-bpm-web:1.0-SNAPSHOT @ C:\Users\DavidHusen\Desktop\$$Kagami$$\New folder\kagami-bpm-web\pom.xml.
2016-09-25 14:14:00,181 [Worker-13] INFO  o.e.m.c.i.l.LifecycleMappingFactory - Using org.eclipse.m2e.jdt.JarLifecycleMapping lifecycle mapping for MavenProject: com.bcv.kagami:kagami-verb:1.0-SNAPSHOT @ C:\Users\DavidHusen\Desktop\$$Kagami$$\New folder\kagami-verb\pom.xml.
2016-09-25 14:14:00,836 [Worker-13] INFO  o.e.m.c.i.l.LifecycleMappingFactory - Using org.eclipse.m2e.jdt.JarLifecycleMapping lifecycle mapping for MavenProject: com.bcv.kagami:kagami-utilities:0.0.1-SNAPSHOT @ C:\Users\DavidHusen\Desktop\$$Kagami$$\New folder\kagami-utilities\pom.xml.
2016-09-25 14:14:01,430 [Worker-13] INFO  o.e.m.c.i.l.LifecycleMappingFactory - Using org.eclipse.m2e.jdt.JarLifecycleMapping lifecycle mapping for MavenProject: com.bcv.kagami:kagami-session:1.0-SNAPSHOT @ C:\Users\DavidHusen\Desktop\$$Kagami$$\New folder\kagami-session\pom.xml.
2016-09-25 14:14:01,991 [Worker-13] INFO  o.e.m.c.i.l.LifecycleMappingFactory - Using org.eclipse.m2e.jdt.JarLifecycleMapping lifecycle mapping for MavenProject: com.bcv.kagami:kagami-transaction:1.0-SNAPSHOT @ C:\Users\DavidHusen\Desktop\$$Kagami$$\New folder\kagami-transaction\pom.xml.
2016-09-25 14:14:02,466 [Worker-13] INFO  o.e.m.c.i.l.LifecycleMappingFactory - Using org.eclipse.m2e.jdt.JarLifecycleMapping lifecycle mapping for MavenProject: com.kagami.role:RoleManagement:0.0.1-SNAPSHOT @ C:\Users\DavidHusen\Desktop\$$Kagami$$\New folder\kagami-roles\pom.xml.
2016-09-25 14:14:02,937 [Worker-13] INFO  o.e.m.c.i.l.LifecycleMappingFactory - Using org.eclipse.m2e.jdt.JarLifecycleMapping lifecycle mapping for MavenProject: com.kagami.role:RoleRuntime:1.0-SNAPSHOT @ C:\Users\DavidHusen\Desktop\$$Kagami$$\New folder\kagami-roles-runtime\pom.xml.
2016-09-25 14:14:03,396 [Worker-13] INFO  o.e.m.c.i.l.LifecycleMappingFactory - Using org.eclipse.m2e.jdt.JarLifecycleMapping lifecycle mapping for MavenProject: com.kagami.user:UserRoles:0.0.1-SNAPSHOT @ C:\Users\DavidHusen\Desktop\$$Kagami$$\New folder\kagami-user-roles\pom.xml.
2016-09-25 14:14:04,045 [Worker-13] INFO  o.e.m.c.i.l.LifecycleMappingFactory - Using org.maven.ide.eclipse.wtp.WarLifecycleMapping lifecycle mapping for MavenProject: org.kagami.role.web.service:RoleService:0.0.1-SNAPSHOT @ C:\Users\DavidHusen\Desktop\$$Kagami$$\New folder\kagami-roles-web-service\pom.xml.
2016-09-25 14:14:04,658 [Worker-13] INFO  o.e.m.c.i.l.LifecycleMappingFactory - Using org.eclipse.m2e.jdt.JarLifecycleMapping lifecycle mapping for MavenProject: com.bcv.kagami:kagami-verb-runtime:0.0.1-SNAPSHOT @ C:\Users\DavidHusen\Desktop\$$Kagami$$\New folder\kagami-verb-runtime\pom.xml.
2016-09-25 14:14:10,440 [Worker-13] INFO  o.e.m.c.i.l.LifecycleMappingFactory - Using org.eclipse.m2e.jdt.JarLifecycleMapping lifecycle mapping for MavenProject: com.bcv.kagami:kagami-drool-drl:1.0-SNAPSHOT @ C:\Users\DavidHusen\Desktop\$$Kagami$$\New folder\kagami-drool-drl\pom.xml.
2016-09-25 14:14:24,691 [Worker-13] INFO  o.e.m.j.i.AbstractJavaProjectConfigurator - Adding source folder /kagami-commons/src/main/java
2016-09-25 14:14:24,692 [Worker-13] INFO  o.e.m.j.i.AbstractJavaProjectConfigurator - Adding resource folder /kagami-commons/src/main/resources
2016-09-25 14:14:24,713 [Worker-13] INFO  o.e.m.j.i.AbstractJavaProjectConfigurator - Adding source folder /kagami-commons/src/test/java
2016-09-25 14:14:24,718 [Worker-13] INFO  o.e.m.j.i.AbstractJavaProjectConfigurator - Adding resource folder /kagami-commons/src/test/resources
2016-09-25 14:14:27,274 [Worker-13] INFO  o.e.m.j.i.AbstractJavaProjectConfigurator - Adding source folder /kagami-ui-generator/src/main/java
2016-09-25 14:14:27,293 [Worker-13] INFO  o.e.m.j.i.AbstractJavaProjectConfigurator - Adding source folder /kagami-ui-generator/src/test/java
2016-09-25 14:14:27,724 [Worker-13] INFO  o.e.m.j.i.AbstractJavaProjectConfigurator - Adding source folder /kagami-design/src/main/java
2016-09-25 14:14:27,731 [Worker-13] INFO  o.e.m.j.i.AbstractJavaProjectConfigurator - Adding source folder /kagami-design/src/test/java
2016-09-25 14:14:28,135 [Worker-13] INFO  o.e.m.j.i.AbstractJavaProjectConfigurator - Adding source folder /kagami-verb/src/main/java
2016-09-25 14:14:28,149 [Worker-13] INFO  o.e.m.j.i.AbstractJavaProjectConfigurator - Adding source folder /kagami-verb/src/test/java
2016-09-25 14:14:28,604 [Worker-13] INFO  o.e.m.j.i.AbstractJavaProjectConfigurator - Adding source folder /kagami-utilities/src/main/java
2016-09-25 14:14:28,618 [Worker-13] INFO  o.e.m.j.i.AbstractJavaProjectConfigurator - Adding source folder /kagami-utilities/src/test/java
2016-09-25 14:14:29,122 [Worker-13] INFO  o.e.m.j.i.AbstractJavaProjectConfigurator - Adding source folder /RoleRuntime/src/main/java
2016-09-25 14:14:29,128 [Worker-13] INFO  o.e.m.j.i.AbstractJavaProjectConfigurator - Adding resource folder /RoleRuntime/src/main/resources
2016-09-25 14:14:29,156 [Worker-13] INFO  o.e.m.j.i.AbstractJavaProjectConfigurator - Adding source folder /RoleRuntime/src/test/java
2016-09-25 14:14:29,169 [Worker-13] INFO  o.e.m.j.i.AbstractJavaProjectConfigurator - Adding resource folder /RoleRuntime/src/test/resources
2016-09-25 14:14:29,759 [Worker-13] INFO  o.e.m.j.i.AbstractJavaProjectConfigurator - Adding source folder /kagami-session/src/main/java
2016-09-25 14:14:29,777 [Worker-13] INFO  o.e.m.j.i.AbstractJavaProjectConfigurator - Adding source folder /kagami-session/src/test/java
2016-09-25 14:14:30,513 [Worker-13] INFO  o.e.m.j.i.AbstractJavaProjectConfigurator - Adding source folder /kagami-transaction/src/main/java
2016-09-25 14:14:30,518 [Worker-13] INFO  o.e.m.j.i.AbstractJavaProjectConfigurator - Adding resource folder /kagami-transaction/src/main/resources
2016-09-25 14:14:30,538 [Worker-13] INFO  o.e.m.j.i.AbstractJavaProjectConfigurator - Adding source folder /kagami-transaction/src/test/java
2016-09-25 14:14:30,543 [Worker-13] INFO  o.e.m.j.i.AbstractJavaProjectConfigurator - Adding resource folder /kagami-transaction/src/test/resources
2016-09-25 14:14:31,054 [Worker-13] INFO  o.e.m.j.i.AbstractJavaProjectConfigurator - Adding source folder /kagami-bpm-web/src/main/java
2016-09-25 14:14:31,067 [Worker-13] INFO  o.e.m.j.i.AbstractJavaProjectConfigurator - Adding source folder /kagami-bpm-web/src/test/java
2016-09-25 14:14:31,956 [Worker-13] INFO  o.e.m.j.i.AbstractJavaProjectConfigurator - Adding source folder /kagami-datasource/src/main/java
2016-09-25 14:14:31,957 [Worker-13] INFO  o.e.m.j.i.AbstractJavaProjectConfigurator - Adding resource folder /kagami-datasource/src/main/resources
2016-09-25 14:14:31,971 [Worker-13] INFO  o.e.m.j.i.AbstractJavaProjectConfigurator - Adding source folder /kagami-datasource/src/test/java
2016-09-25 14:14:31,980 [Worker-13] INFO  o.e.m.j.i.AbstractJavaProjectConfigurator - Adding resource folder /kagami-datasource/src/test/resources
2016-09-25 14:14:32,620 [Worker-13] INFO  o.e.m.j.i.AbstractJavaProjectConfigurator - Adding source folder /kagami-drool-drl/src/main/java
2016-09-25 14:14:32,634 [Worker-13] INFO  o.e.m.j.i.AbstractJavaProjectConfigurator - Adding resource folder /kagami-drool-drl/src/main/resources
2016-09-25 14:14:32,650 [Worker-13] INFO  o.e.m.j.i.AbstractJavaProjectConfigurator - Adding source folder /kagami-drool-drl/src/test/java
2016-09-25 14:14:33,342 [Worker-13] INFO  o.e.m.j.i.AbstractJavaProjectConfigurator - Adding source folder /RoleService/src/main/java
2016-09-25 14:14:33,343 [Worker-13] INFO  o.e.m.j.i.AbstractJavaProjectConfigurator - Adding resource folder /RoleService/src/main/resources
2016-09-25 14:14:33,356 [Worker-13] INFO  o.e.m.j.i.AbstractJavaProjectConfigurator - Adding source folder /RoleService/src/test/java
2016-09-25 14:14:50,315 [Worker-13] INFO  o.e.m.j.i.AbstractJavaProjectConfigurator - Adding source folder /RoleManagement/src/main/java
2016-09-25 14:14:50,321 [Worker-13] INFO  o.e.m.j.i.AbstractJavaProjectConfigurator - Adding resource folder /RoleManagement/src/main/resources
2016-09-25 14:14:50,345 [Worker-13] INFO  o.e.m.j.i.AbstractJavaProjectConfigurator - Adding source folder /RoleManagement/src/test/java
2016-09-25 14:14:50,351 [Worker-13] INFO  o.e.m.j.i.AbstractJavaProjectConfigurator - Adding resource folder /RoleManagement/src/test/resources
2016-09-25 14:14:50,900 [Worker-13] INFO  o.e.m.j.i.AbstractJavaProjectConfigurator - Adding source folder /UserRoles/src/main/java
2016-09-25 14:14:50,906 [Worker-13] INFO  o.e.m.j.i.AbstractJavaProjectConfigurator - Adding resource folder /UserRoles/src/main/resources
2016-09-25 14:14:50,920 [Worker-13] INFO  o.e.m.j.i.AbstractJavaProjectConfigurator - Adding source folder /UserRoles/src/test/java
2016-09-25 14:14:50,921 [Worker-13] INFO  o.e.m.j.i.AbstractJavaProjectConfigurator - Adding resource folder /UserRoles/src/test/resources
2016-09-25 14:14:51,365 [Worker-13] INFO  o.e.m.j.i.AbstractJavaProjectConfigurator - Adding source folder /kagami-code-generator/src/main/java
2016-09-25 14:14:51,372 [Worker-13] INFO  o.e.m.j.i.AbstractJavaProjectConfigurator - Adding resource folder /kagami-code-generator/src/main/resources
2016-09-25 14:14:51,389 [Worker-13] INFO  o.e.m.j.i.AbstractJavaProjectConfigurator - Adding source folder /kagami-code-generator/src/test/java
2016-09-25 14:15:04,117 [Worker-13] INFO  o.e.m.j.i.AbstractJavaProjectConfigurator - Adding source folder /kagami-verb-runtime/src/main/java
2016-09-25 14:15:04,118 [Worker-13] INFO  o.e.m.j.i.AbstractJavaProjectConfigurator - Adding source folder /kagami-verb-runtime/src/test/java
2016-09-25 14:15:04,661 [Worker-13] INFO  o.e.m.c.i.p.ProjectConfigurationManager - Imported and configured 17 project(s) in 107 sec
2016-09-25 14:15:22,943 [Worker-8] INFO  o.e.m.c.i.embedder.EclipseLogger - Using 'UTF-8' encoding to copy filtered resources.
2016-09-25 14:15:22,960 [Worker-8] INFO  o.e.m.c.i.embedder.EclipseLogger - Copying 1 resource
2016-09-25 14:15:23,004 [Worker-8] INFO  o.e.m.c.i.embedder.EclipseLogger - Using 'UTF-8' encoding to copy filtered resources.
2016-09-25 14:15:23,013 [Worker-8] INFO  o.e.m.c.i.embedder.EclipseLogger - Copying 0 resource
2016-09-25 14:15:29,769 [Worker-6] INFO  o.e.m.c.i.embedder.EclipseLogger - Using 'UTF-8' encoding to copy filtered resources.
2016-09-25 14:15:29,771 [Worker-6] INFO  o.e.m.c.i.embedder.EclipseLogger - Copying 1 resource
2016-09-25 14:15:29,779 [Worker-6] INFO  o.e.m.c.i.embedder.EclipseLogger - Using 'UTF-8' encoding to copy filtered resources.
2016-09-25 14:15:29,785 [Worker-6] INFO  o.e.m.c.i.embedder.EclipseLogger - Copying 0 resource
2016-09-25 14:15:31,963 [Worker-6] INFO  o.e.m.c.i.embedder.EclipseLogger - Using 'UTF-8' encoding to copy filtered resources.
2016-09-25 14:15:31,969 [Worker-6] INFO  o.e.m.c.i.embedder.EclipseLogger - Copying 4 resources
2016-09-25 14:15:32,120 [Worker-6] INFO  o.e.m.c.i.embedder.EclipseLogger - Using 'UTF-8' encoding to copy filtered resources.
2016-09-25 14:15:32,136 [Worker-6] INFO  o.e.m.c.i.embedder.EclipseLogger - Copying 0 resource
2016-09-25 14:15:34,289 [Worker-6] INFO  o.e.m.c.i.embedder.EclipseLogger - Using 'UTF-8' encoding to copy filtered resources.
2016-09-25 14:15:34,295 [Worker-6] INFO  o.e.m.c.i.embedder.EclipseLogger - Copying 0 resource
2016-09-25 14:15:34,304 [Worker-6] INFO  o.e.m.c.i.embedder.EclipseLogger - Using 'UTF-8' encoding to copy filtered resources.
2016-09-25 14:15:34,310 [Worker-6] INFO  o.e.m.c.i.embedder.EclipseLogger - Copying 0 resource
2016-09-25 14:15:37,985 [Worker-6] INFO  o.e.m.c.i.embedder.EclipseLogger - Using 'UTF-8' encoding to copy filtered resources.
2016-09-25 14:15:37,986 [Worker-6] INFO  o.e.m.c.i.embedder.EclipseLogger - Copying 0 resource
2016-09-25 14:15:37,989 [Worker-6] INFO  o.e.m.c.i.embedder.EclipseLogger - Using 'UTF-8' encoding to copy filtered resources.
2016-09-25 14:15:37,997 [Worker-6] INFO  o.e.m.c.i.embedder.EclipseLogger - skip non existing resourceDirectory C:\Users\DavidHusen\Desktop\$$Kagami$$\New folder\kagami-drool-drl\src\test\resources
2016-09-25 14:15:41,798 [Worker-6] INFO  o.e.m.c.i.embedder.EclipseLogger - Using 'UTF-8' encoding to copy filtered resources.
2016-09-25 14:15:41,809 [Worker-6] INFO  o.e.m.c.i.embedder.EclipseLogger - skip non existing resourceDirectory C:\Users\DavidHusen\Desktop\$$Kagami$$\New folder\kagami-ui-generator\src\main\resources
2016-09-25 14:15:41,819 [Worker-6] INFO  o.e.m.c.i.embedder.EclipseLogger - Using 'UTF-8' encoding to copy filtered resources.
2016-09-25 14:15:41,825 [Worker-6] INFO  o.e.m.c.i.embedder.EclipseLogger - skip non existing resourceDirectory C:\Users\DavidHusen\Desktop\$$Kagami$$\New folder\kagami-ui-generator\src\test\resources
2016-09-25 14:15:45,139 [Worker-6] INFO  o.e.m.c.i.embedder.EclipseLogger - Using 'UTF-8' encoding to copy filtered resources.
2016-09-25 14:15:45,139 [Worker-6] INFO  o.e.m.c.i.embedder.EclipseLogger - skip non existing resourceDirectory C:\Users\DavidHusen\Desktop\$$Kagami$$\New folder\kagami-design\src\main\resources
2016-09-25 14:15:45,141 [Worker-6] INFO  o.e.m.c.i.embedder.EclipseLogger - Using 'UTF-8' encoding to copy filtered resources.
2016-09-25 14:15:45,147 [Worker-6] INFO  o.e.m.c.i.embedder.EclipseLogger - skip non existing resourceDirectory C:\Users\DavidHusen\Desktop\$$Kagami$$\New folder\kagami-design\src\test\resources
2016-09-25 14:15:48,955 [Worker-6] INFO  o.e.m.c.i.embedder.EclipseLogger - Using 'UTF-8' encoding to copy filtered resources.
2016-09-25 14:15:48,960 [Worker-6] INFO  o.e.m.c.i.embedder.EclipseLogger - skip non existing resourceDirectory C:\Users\DavidHusen\Desktop\$$Kagami$$\New folder\kagami-utilities\src\main\resources
2016-09-25 14:15:48,970 [Worker-6] INFO  o.e.m.c.i.embedder.EclipseLogger - Using 'UTF-8' encoding to copy filtered resources.
2016-09-25 14:15:48,976 [Worker-6] INFO  o.e.m.c.i.embedder.EclipseLogger - skip non existing resourceDirectory C:\Users\DavidHusen\Desktop\$$Kagami$$\New folder\kagami-utilities\src\test\resources
2016-09-25 14:15:52,223 [Worker-6] INFO  o.e.m.c.i.embedder.EclipseLogger - Using 'UTF-8' encoding to copy filtered resources.
2016-09-25 14:15:52,224 [Worker-6] INFO  o.e.m.c.i.embedder.EclipseLogger - skip non existing resourceDirectory C:\Users\DavidHusen\Desktop\$$Kagami$$\New folder\kagami-session\src\main\resources
2016-09-25 14:15:52,225 [Worker-6] INFO  o.e.m.c.i.embedder.EclipseLogger - Using 'UTF-8' encoding to copy filtered resources.
2016-09-25 14:15:52,231 [Worker-6] INFO  o.e.m.c.i.embedder.EclipseLogger - skip non existing resourceDirectory C:\Users\DavidHusen\Desktop\$$Kagami$$\New folder\kagami-session\src\test\resources
2016-09-25 14:15:54,790 [Worker-6] INFO  o.e.m.c.i.embedder.EclipseLogger - Using 'UTF-8' encoding to copy filtered resources.
2016-09-25 14:15:54,796 [Worker-6] INFO  o.e.m.c.i.embedder.EclipseLogger - Copying 0 resource
2016-09-25 14:15:54,802 [Worker-6] INFO  o.e.m.c.i.embedder.EclipseLogger - Using 'UTF-8' encoding to copy filtered resources.
2016-09-25 14:15:54,809 [Worker-6] INFO  o.e.m.c.i.embedder.EclipseLogger - Copying 0 resource
2016-09-25 14:15:57,863 [Worker-6] INFO  o.e.m.c.i.embedder.EclipseLogger - Using 'UTF-8' encoding to copy filtered resources.
2016-09-25 14:15:57,864 [Worker-6] INFO  o.e.m.c.i.embedder.EclipseLogger - skip non existing resourceDirectory C:\Users\DavidHusen\Desktop\$$Kagami$$\New folder\kagami-bpm-web\src\main\resources
2016-09-25 14:15:57,865 [Worker-6] INFO  o.e.m.c.i.embedder.EclipseLogger - Using 'UTF-8' encoding to copy filtered resources.
2016-09-25 14:15:57,871 [Worker-6] INFO  o.e.m.c.i.embedder.EclipseLogger - skip non existing resourceDirectory C:\Users\DavidHusen\Desktop\$$Kagami$$\New folder\kagami-bpm-web\src\test\resources
2016-09-25 14:16:00,081 [Worker-6] INFO  o.e.m.c.i.embedder.EclipseLogger - Using 'UTF-8' encoding to copy filtered resources.
2016-09-25 14:16:00,088 [Worker-6] INFO  o.e.m.c.i.embedder.EclipseLogger - Copying 4 resources
2016-09-25 14:16:00,267 [Worker-6] INFO  o.e.m.c.i.embedder.EclipseLogger - Using 'UTF-8' encoding to copy filtered resources.
2016-09-25 14:16:00,274 [Worker-6] INFO  o.e.m.c.i.embedder.EclipseLogger - Copying 0 resource
2016-09-25 14:16:02,942 [Worker-6] INFO  o.e.m.c.i.embedder.EclipseLogger - Using 'UTF-8' encoding to copy filtered resources.
2016-09-25 14:16:02,948 [Worker-6] INFO  o.e.m.c.i.embedder.EclipseLogger - Copying 4 resources
2016-09-25 14:16:03,093 [Worker-6] INFO  o.e.m.c.i.embedder.EclipseLogger - Using 'UTF-8' encoding to copy filtered resources.
2016-09-25 14:16:03,101 [Worker-6] INFO  o.e.m.c.i.embedder.EclipseLogger - skip non existing resourceDirectory C:\Users\DavidHusen\Desktop\$$Kagami$$\New folder\kagami-roles-web-service\src\test\resources
2016-09-25 14:16:06,162 [Worker-6] INFO  o.e.m.c.i.embedder.EclipseLogger - Using 'UTF-8' encoding to copy filtered resources.
2016-09-25 14:16:06,168 [Worker-6] INFO  o.e.m.c.i.embedder.EclipseLogger - skip non existing resourceDirectory C:\Users\DavidHusen\Desktop\$$Kagami$$\New folder\kagami-verb\src\main\resources
2016-09-25 14:16:06,176 [Worker-6] INFO  o.e.m.c.i.embedder.EclipseLogger - Using 'UTF-8' encoding to copy filtered resources.
2016-09-25 14:16:06,182 [Worker-6] INFO  o.e.m.c.i.embedder.EclipseLogger - skip non existing resourceDirectory C:\Users\DavidHusen\Desktop\$$Kagami$$\New folder\kagami-verb\src\test\resources
2016-09-25 14:16:10,245 [Worker-6] INFO  o.e.m.c.i.embedder.EclipseLogger - Using 'UTF-8' encoding to copy filtered resources.
2016-09-25 14:16:10,250 [Worker-6] INFO  o.e.m.c.i.embedder.EclipseLogger - Copying 502 resources
2016-09-25 14:16:16,663 [Worker-6] INFO  o.e.m.c.i.embedder.EclipseLogger - Using 'UTF-8' encoding to copy filtered resources.
2016-09-25 14:16:16,669 [Worker-6] INFO  o.e.m.c.i.embedder.EclipseLogger - skip non existing resourceDirectory C:\Users\DavidHusen\Desktop\$$Kagami$$\New folder\kagami-code-generator\src\test\resources
2016-09-25 14:16:41,789 [Worker-6] INFO  o.e.m.c.i.embedder.EclipseLogger - Using 'UTF-8' encoding to copy filtered resources.
2016-09-25 14:16:41,891 [Worker-6] INFO  o.e.m.c.i.embedder.EclipseLogger - skip non existing resourceDirectory C:\Users\DavidHusen\Desktop\$$Kagami$$\New folder\kagami-verb-runtime\src\main\resources
2016-09-25 14:16:41,900 [Worker-6] INFO  o.e.m.c.i.embedder.EclipseLogger - Using 'UTF-8' encoding to copy filtered resources.
2016-09-25 14:16:41,905 [Worker-6] INFO  o.e.m.c.i.embedder.EclipseLogger - skip non existing resourceDirectory C:\Users\DavidHusen\Desktop\$$Kagami$$\New folder\kagami-verb-runtime\src\test\resources
2016-09-25 14:23:18,822 [Worker-9] INFO  o.e.m.c.i.embedder.EclipseLogger - Using 'UTF-8' encoding to copy filtered resources.
2016-09-25 14:23:18,879 [Worker-9] INFO  o.e.m.c.i.embedder.EclipseLogger - Copying 0 resource
2016-09-25 14:23:18,899 [Worker-9] INFO  o.e.m.c.i.embedder.EclipseLogger - Using 'UTF-8' encoding to copy filtered resources.
2016-09-25 14:23:19,038 [Worker-9] INFO  o.e.m.c.i.embedder.EclipseLogger - Copying 0 resource
2016-09-25 14:23:21,670 [Worker-9] INFO  o.e.m.c.i.embedder.EclipseLogger - Using 'UTF-8' encoding to copy filtered resources.
2016-09-25 14:23:21,670 [Worker-9] INFO  o.e.m.c.i.embedder.EclipseLogger - Copying 0 resource
2016-09-25 14:23:21,672 [Worker-9] INFO  o.e.m.c.i.embedder.EclipseLogger - Using 'UTF-8' encoding to copy filtered resources.
2016-09-25 14:23:21,681 [Worker-9] INFO  o.e.m.c.i.embedder.EclipseLogger - Copying 0 resource
2016-09-25 14:23:23,554 [Worker-9] INFO  o.e.m.c.i.embedder.EclipseLogger - Using 'UTF-8' encoding to copy filtered resources.
2016-09-25 14:23:23,574 [Worker-9] INFO  o.e.m.c.i.embedder.EclipseLogger - Copying 0 resource
2016-09-25 14:23:23,587 [Worker-9] INFO  o.e.m.c.i.embedder.EclipseLogger - Using 'UTF-8' encoding to copy filtered resources.
2016-09-25 14:23:23,597 [Worker-9] INFO  o.e.m.c.i.embedder.EclipseLogger - Copying 0 resource
2016-09-25 14:23:25,621 [Worker-9] INFO  o.e.m.c.i.embedder.EclipseLogger - Using 'UTF-8' encoding to copy filtered resources.
2016-09-25 14:23:25,621 [Worker-9] INFO  o.e.m.c.i.embedder.EclipseLogger - Copying 0 resource
2016-09-25 14:23:25,623 [Worker-9] INFO  o.e.m.c.i.embedder.EclipseLogger - Using 'UTF-8' encoding to copy filtered resources.
2016-09-25 14:23:25,629 [Worker-9] INFO  o.e.m.c.i.embedder.EclipseLogger - Copying 0 resource
2016-09-25 14:23:27,981 [Worker-9] INFO  o.e.m.c.i.embedder.EclipseLogger - Using 'UTF-8' encoding to copy filtered resources.
2016-09-25 14:23:27,988 [Worker-9] INFO  o.e.m.c.i.embedder.EclipseLogger - Copying 0 resource
2016-09-25 14:23:27,994 [Worker-9] INFO  o.e.m.c.i.embedder.EclipseLogger - Using 'UTF-8' encoding to copy filtered resources.
2016-09-25 14:23:28,000 [Worker-9] INFO  o.e.m.c.i.embedder.EclipseLogger - skip non existing resourceDirectory C:\Users\DavidHusen\Desktop\$$Kagami$$\New folder\kagami-drool-drl\src\test\resources
2016-09-25 14:23:29,712 [Worker-9] INFO  o.e.m.c.i.embedder.EclipseLogger - Using 'UTF-8' encoding to copy filtered resources.
2016-09-25 14:23:29,713 [Worker-9] INFO  o.e.m.c.i.embedder.EclipseLogger - skip non existing resourceDirectory C:\Users\DavidHusen\Desktop\$$Kagami$$\New folder\kagami-ui-generator\src\main\resources
2016-09-25 14:23:29,716 [Worker-9] INFO  o.e.m.c.i.embedder.EclipseLogger - Using 'UTF-8' encoding to copy filtered resources.
2016-09-25 14:23:29,723 [Worker-9] INFO  o.e.m.c.i.embedder.EclipseLogger - skip non existing resourceDirectory C:\Users\DavidHusen\Desktop\$$Kagami$$\New folder\kagami-ui-generator\src\test\resources
2016-09-25 14:23:31,334 [Worker-9] INFO  o.e.m.c.i.embedder.EclipseLogger - Using 'UTF-8' encoding to copy filtered resources.
2016-09-25 14:23:31,340 [Worker-9] INFO  o.e.m.c.i.embedder.EclipseLogger - skip non existing resourceDirectory C:\Users\DavidHusen\Desktop\$$Kagami$$\New folder\kagami-design\src\main\resources
2016-09-25 14:23:31,348 [Worker-9] INFO  o.e.m.c.i.embedder.EclipseLogger - Using 'UTF-8' encoding to copy filtered resources.
2016-09-25 14:23:31,354 [Worker-9] INFO  o.e.m.c.i.embedder.EclipseLogger - skip non existing resourceDirectory C:\Users\DavidHusen\Desktop\$$Kagami$$\New folder\kagami-design\src\test\resources
2016-09-25 14:23:33,160 [Worker-9] INFO  o.e.m.c.i.embedder.EclipseLogger - Using 'UTF-8' encoding to copy filtered resources.
2016-09-25 14:23:33,161 [Worker-9] INFO  o.e.m.c.i.embedder.EclipseLogger - skip non existing resourceDirectory C:\Users\DavidHusen\Desktop\$$Kagami$$\New folder\kagami-utilities\src\main\resources
2016-09-25 14:23:33,162 [Worker-9] INFO  o.e.m.c.i.embedder.EclipseLogger - Using 'UTF-8' encoding to copy filtered resources.
2016-09-25 14:23:33,168 [Worker-9] INFO  o.e.m.c.i.embedder.EclipseLogger - skip non existing resourceDirectory C:\Users\DavidHusen\Desktop\$$Kagami$$\New folder\kagami-utilities\src\test\resources
2016-09-25 14:23:35,175 [Worker-9] INFO  o.e.m.c.i.embedder.EclipseLogger - Using 'UTF-8' encoding to copy filtered resources.
2016-09-25 14:23:35,183 [Worker-9] INFO  o.e.m.c.i.embedder.EclipseLogger - skip non existing resourceDirectory C:\Users\DavidHusen\Desktop\$$Kagami$$\New folder\kagami-session\src\main\resources
2016-09-25 14:23:35,192 [Worker-9] INFO  o.e.m.c.i.embedder.EclipseLogger - Using 'UTF-8' encoding to copy filtered resources.
2016-09-25 14:23:35,197 [Worker-9] INFO  o.e.m.c.i.embedder.EclipseLogger - skip non existing resourceDirectory C:\Users\DavidHusen\Desktop\$$Kagami$$\New folder\kagami-session\src\test\resources
2016-09-25 14:23:37,576 [Worker-9] INFO  o.e.m.c.i.embedder.EclipseLogger - Using 'UTF-8' encoding to copy filtered resources.
2016-09-25 14:23:37,577 [Worker-9] INFO  o.e.m.c.i.embedder.EclipseLogger - Copying 0 resource
2016-09-25 14:23:37,579 [Worker-9] INFO  o.e.m.c.i.embedder.EclipseLogger - Using 'UTF-8' encoding to copy filtered resources.
2016-09-25 14:23:37,586 [Worker-9] INFO  o.e.m.c.i.embedder.EclipseLogger - Copying 0 resource
2016-09-25 14:23:39,691 [Worker-9] INFO  o.e.m.c.i.embedder.EclipseLogger - Using 'UTF-8' encoding to copy filtered resources.
2016-09-25 14:23:39,699 [Worker-9] INFO  o.e.m.c.i.embedder.EclipseLogger - skip non existing resourceDirectory C:\Users\DavidHusen\Desktop\$$Kagami$$\New folder\kagami-bpm-web\src\main\resources
2016-09-25 14:23:39,708 [Worker-9] INFO  o.e.m.c.i.embedder.EclipseLogger - Using 'UTF-8' encoding to copy filtered resources.
2016-09-25 14:23:39,714 [Worker-9] INFO  o.e.m.c.i.embedder.EclipseLogger - skip non existing resourceDirectory C:\Users\DavidHusen\Desktop\$$Kagami$$\New folder\kagami-bpm-web\src\test\resources
2016-09-25 14:23:41,826 [Worker-9] INFO  o.e.m.c.i.embedder.EclipseLogger - Using 'UTF-8' encoding to copy filtered resources.
2016-09-25 14:23:41,827 [Worker-9] INFO  o.e.m.c.i.embedder.EclipseLogger - Copying 0 resource
2016-09-25 14:23:41,828 [Worker-9] INFO  o.e.m.c.i.embedder.EclipseLogger - Using 'UTF-8' encoding to copy filtered resources.
2016-09-25 14:23:41,834 [Worker-9] INFO  o.e.m.c.i.embedder.EclipseLogger - Copying 0 resource
2016-09-25 14:23:43,781 [Worker-9] INFO  o.e.m.c.i.embedder.EclipseLogger - Using 'UTF-8' encoding to copy filtered resources.
2016-09-25 14:23:43,790 [Worker-9] INFO  o.e.m.c.i.embedder.EclipseLogger - Copying 0 resource
2016-09-25 14:23:43,798 [Worker-9] INFO  o.e.m.c.i.embedder.EclipseLogger - Using 'UTF-8' encoding to copy filtered resources.
2016-09-25 14:23:43,804 [Worker-9] INFO  o.e.m.c.i.embedder.EclipseLogger - skip non existing resourceDirectory C:\Users\DavidHusen\Desktop\$$Kagami$$\New folder\kagami-roles-web-service\src\test\resources
2016-09-25 14:23:45,552 [Worker-9] INFO  o.e.m.c.i.embedder.EclipseLogger - Using 'UTF-8' encoding to copy filtered resources.
2016-09-25 14:23:45,552 [Worker-9] INFO  o.e.m.c.i.embedder.EclipseLogger - skip non existing resourceDirectory C:\Users\DavidHusen\Desktop\$$Kagami$$\New folder\kagami-verb\src\main\resources
2016-09-25 14:23:45,554 [Worker-9] INFO  o.e.m.c.i.embedder.EclipseLogger - Using 'UTF-8' encoding to copy filtered resources.
2016-09-25 14:23:45,563 [Worker-9] INFO  o.e.m.c.i.embedder.EclipseLogger - skip non existing resourceDirectory C:\Users\DavidHusen\Desktop\$$Kagami$$\New folder\kagami-verb\src\test\resources
2016-09-25 14:23:48,850 [Worker-9] INFO  o.e.m.c.i.embedder.EclipseLogger - Using 'UTF-8' encoding to copy filtered resources.
2016-09-25 14:23:48,859 [Worker-9] INFO  o.e.m.c.i.embedder.EclipseLogger - Copying 0 resource
2016-09-25 14:23:48,872 [Worker-9] INFO  o.e.m.c.i.embedder.EclipseLogger - Using 'UTF-8' encoding to copy filtered resources.
2016-09-25 14:23:48,878 [Worker-9] INFO  o.e.m.c.i.embedder.EclipseLogger - skip non existing resourceDirectory C:\Users\DavidHusen\Desktop\$$Kagami$$\New folder\kagami-code-generator\src\test\resources
2016-09-25 14:23:53,797 [Worker-9] INFO  o.e.m.c.i.embedder.EclipseLogger - Using 'UTF-8' encoding to copy filtered resources.
2016-09-25 14:23:53,797 [Worker-9] INFO  o.e.m.c.i.embedder.EclipseLogger - skip non existing resourceDirectory C:\Users\DavidHusen\Desktop\$$Kagami$$\New folder\kagami-verb-runtime\src\main\resources
2016-09-25 14:23:53,799 [Worker-9] INFO  o.e.m.c.i.embedder.EclipseLogger - Using 'UTF-8' encoding to copy filtered resources.
2016-09-25 14:23:53,807 [Worker-9] INFO  o.e.m.c.i.embedder.EclipseLogger - skip non existing resourceDirectory C:\Users\DavidHusen\Desktop\$$Kagami$$\New folder\kagami-verb-runtime\src\test\resources
2016-09-25 14:27:44,885 [Worker-9] INFO  o.e.m.c.i.embedder.EclipseLogger - Using 'UTF-8' encoding to copy filtered resources.
2016-09-25 14:27:44,891 [Worker-9] INFO  o.e.m.c.i.embedder.EclipseLogger - Copying 0 resource
2016-09-25 14:27:44,899 [Worker-9] INFO  o.e.m.c.i.embedder.EclipseLogger - Using 'UTF-8' encoding to copy filtered resources.
2016-09-25 14:27:44,907 [Worker-9] INFO  o.e.m.c.i.embedder.EclipseLogger - Copying 0 resource
2016-09-25 14:27:47,135 [Worker-9] INFO  o.e.m.c.i.embedder.EclipseLogger - Using 'UTF-8' encoding to copy filtered resources.
2016-09-25 14:27:47,135 [Worker-9] INFO  o.e.m.c.i.embedder.EclipseLogger - skip non existing resourceDirectory C:\Users\DavidHusen\Desktop\$$Kagami$$\New folder\kagami-session\src\main\resources
2016-09-25 14:27:47,137 [Worker-9] INFO  o.e.m.c.i.embedder.EclipseLogger - Using 'UTF-8' encoding to copy filtered resources.
2016-09-25 14:27:47,152 [Worker-9] INFO  o.e.m.c.i.embedder.EclipseLogger - skip non existing resourceDirectory C:\Users\DavidHusen\Desktop\$$Kagami$$\New folder\kagami-session\src\test\resources
2016-09-25 14:27:50,446 [Worker-9] INFO  o.e.m.c.i.embedder.EclipseLogger - Using 'UTF-8' encoding to copy filtered resources.
2016-09-25 14:27:50,470 [Worker-9] INFO  o.e.m.c.i.embedder.EclipseLogger - Copying 0 resource
2016-09-25 14:27:50,478 [Worker-9] INFO  o.e.m.c.i.embedder.EclipseLogger - Using 'UTF-8' encoding to copy filtered resources.
2016-09-25 14:27:50,486 [Worker-9] INFO  o.e.m.c.i.embedder.EclipseLogger - Copying 0 resource
2016-09-25 14:27:56,941 [Worker-0] INFO  o.e.m.c.i.embedder.EclipseLogger - Using 'UTF-8' encoding to copy filtered resources.
2016-09-25 14:27:56,941 [Worker-0] INFO  o.e.m.c.i.embedder.EclipseLogger - skip non existing resourceDirectory C:\Users\DavidHusen\Desktop\$$Kagami$$\New folder\kagami-bpm-web\src\main\resources
2016-09-25 14:27:56,944 [Worker-0] INFO  o.e.m.c.i.embedder.EclipseLogger - Using 'UTF-8' encoding to copy filtered resources.
2016-09-25 14:27:56,951 [Worker-0] INFO  o.e.m.c.i.embedder.EclipseLogger - skip non existing resourceDirectory C:\Users\DavidHusen\Desktop\$$Kagami$$\New folder\kagami-bpm-web\src\test\resources
2016-09-25 14:28:02,275 [Worker-18] INFO  o.e.m.c.i.embedder.EclipseLogger - Using 'UTF-8' encoding to copy filtered resources.
2016-09-25 14:28:02,285 [Worker-18] INFO  o.e.m.c.i.embedder.EclipseLogger - Copying 5 resources
2016-09-25 14:28:02,308 [Worker-18] INFO  o.e.m.c.i.embedder.EclipseLogger - Using 'UTF-8' encoding to copy filtered resources.
2016-09-25 14:28:02,313 [Worker-18] INFO  o.e.m.c.i.embedder.EclipseLogger - skip non existing resourceDirectory C:\Users\DavidHusen\Desktop\$$Kagami$$\New folder\kagami-code-generator\src\test\resources
2016-09-25 14:28:13,660 [Worker-19] INFO  o.e.m.c.i.embedder.EclipseLogger - Using 'UTF-8' encoding to copy filtered resources.
2016-09-25 14:28:14,075 [Worker-19] INFO  o.e.m.c.i.embedder.EclipseLogger - Copying 507 resources
2016-09-25 14:28:14,470 [Worker-19] INFO  o.e.m.c.i.embedder.EclipseLogger - Using 'UTF-8' encoding to copy filtered resources.
2016-09-25 14:28:14,475 [Worker-19] INFO  o.e.m.c.i.embedder.EclipseLogger - skip non existing resourceDirectory C:\Users\DavidHusen\Desktop\$$Kagami$$\New folder\kagami-code-generator\src\test\resources
2016-09-25 15:59:56,674 [Worker-31] INFO  o.e.m.c.i.e.AbstractTransferListenerAdapter - Downloading https://repo.maven.apache.org/maven2/org/hibernate/hibernate-core/5.0.3.Final/hibernate-core-5.0.3.Final-sources.jar
2016-09-25 16:03:08,859 [Worker-31] INFO  o.e.m.c.i.e.AbstractTransferListenerAdapter - Downloaded https://repo.maven.apache.org/maven2/org/hibernate/hibernate-core/5.0.3.Final/hibernate-core-5.0.3.Final-sources.jar
2016-09-25 16:03:09,161 [Worker-31] INFO  o.e.m.j.internal.DownloadSourcesJob - Downloaded sources for org.hibernate:hibernate-core:5.0.3.Final
2016-09-25 16:04:52,946 [Worker-1] INFO  o.e.m.c.i.embedder.EclipseLogger - Using 'UTF-8' encoding to copy filtered resources.
2016-09-25 16:04:53,019 [Worker-1] INFO  o.e.m.c.i.embedder.EclipseLogger - Copying 1 resource
2016-09-25 16:04:53,038 [Worker-1] INFO  o.e.m.c.i.embedder.EclipseLogger - Using 'UTF-8' encoding to copy filtered resources.
2016-09-25 16:04:53,039 [Worker-1] INFO  o.e.m.c.i.embedder.EclipseLogger - Copying 0 resource
2016-09-25 16:05:02,637 [Worker-17] INFO  o.e.m.c.i.embedder.EclipseLogger - Using 'UTF-8' encoding to copy filtered resources.
2016-09-25 16:05:02,639 [Worker-17] INFO  o.e.m.c.i.embedder.EclipseLogger - Copying 4 resources
2016-09-25 16:05:02,643 [Worker-17] INFO  o.e.m.c.i.embedder.EclipseLogger - Using 'UTF-8' encoding to copy filtered resources.
2016-09-25 16:05:02,643 [Worker-17] INFO  o.e.m.c.i.embedder.EclipseLogger - skip non existing resourceDirectory C:\Users\DavidHusen\Desktop\$$Kagami$$\New folder\kagami-roles-web-service\src\test\resources
2016-09-25 16:05:08,058 [Worker-17] INFO  o.e.m.c.i.embedder.EclipseLogger - Using 'UTF-8' encoding to copy filtered resources.
2016-09-25 16:05:08,058 [Worker-17] INFO  o.e.m.c.i.embedder.EclipseLogger - skip non existing resourceDirectory C:\Users\DavidHusen\Desktop\$$Kagami$$\New folder\kagami-verb\src\main\resources
2016-09-25 16:05:08,060 [Worker-17] INFO  o.e.m.c.i.embedder.EclipseLogger - Using 'UTF-8' encoding to copy filtered resources.
2016-09-25 16:05:08,061 [Worker-17] INFO  o.e.m.c.i.embedder.EclipseLogger - skip non existing resourceDirectory C:\Users\DavidHusen\Desktop\$$Kagami$$\New folder\kagami-verb\src\test\resources
2016-09-25 16:05:14,247 [Worker-17] INFO  o.e.m.c.i.embedder.EclipseLogger - Using 'UTF-8' encoding to copy filtered resources.
2016-09-25 16:05:14,255 [Worker-17] INFO  o.e.m.c.i.embedder.EclipseLogger - Copying 507 resources
2016-09-25 16:05:14,682 [Worker-17] INFO  o.e.m.c.i.embedder.EclipseLogger - Using 'UTF-8' encoding to copy filtered resources.
2016-09-25 16:05:14,683 [Worker-17] INFO  o.e.m.c.i.embedder.EclipseLogger - skip non existing resourceDirectory C:\Users\DavidHusen\Desktop\$$Kagami$$\New folder\kagami-code-generator\src\test\resources
2016-09-25 16:05:21,267 [Worker-17] INFO  o.e.m.c.i.embedder.EclipseLogger - Using 'UTF-8' encoding to copy filtered resources.
2016-09-25 16:05:21,267 [Worker-17] INFO  o.e.m.c.i.embedder.EclipseLogger - skip non existing resourceDirectory C:\Users\DavidHusen\Desktop\$$Kagami$$\New folder\kagami-verb-runtime\src\main\resources
2016-09-25 16:05:21,268 [Worker-17] INFO  o.e.m.c.i.embedder.EclipseLogger - Using 'UTF-8' encoding to copy filtered resources.
2016-09-25 16:05:21,268 [Worker-17] INFO  o.e.m.c.i.embedder.EclipseLogger - skip non existing resourceDirectory C:\Users\DavidHusen\Desktop\$$Kagami$$\New folder\kagami-verb-runtime\src\test\resources
2016-09-25 23:15:23,717 [Worker-0] INFO  o.e.m.c.i.embedder.EclipseLogger - Using 'UTF-8' encoding to copy filtered resources.
2016-09-25 23:15:23,793 [Worker-0] INFO  o.e.m.c.i.embedder.EclipseLogger - Copying 4 resources
2016-09-25 23:15:23,824 [Worker-0] INFO  o.e.m.c.i.embedder.EclipseLogger - Using 'UTF-8' encoding to copy filtered resources.
2016-09-25 23:15:23,824 [Worker-0] INFO  o.e.m.c.i.embedder.EclipseLogger - skip non existing resourceDirectory C:\Users\DavidHusen\Desktop\$$Kagami$$\New folder\kagami-roles-web-service\src\test\resources
2016-09-25 23:15:38,718 [Worker-1] INFO  o.e.m.c.i.embedder.EclipseLogger - Using 'UTF-8' encoding to copy filtered resources.
2016-09-25 23:15:38,732 [Worker-1] INFO  o.e.m.c.i.embedder.EclipseLogger - Copying 507 resources
2016-09-25 23:15:39,551 [Worker-1] INFO  o.e.m.c.i.embedder.EclipseLogger - Using 'UTF-8' encoding to copy filtered resources.
2016-09-25 23:15:39,551 [Worker-1] INFO  o.e.m.c.i.embedder.EclipseLogger - skip non existing resourceDirectory C:\Users\DavidHusen\Desktop\$$Kagami$$\New folder\kagami-code-generator\src\test\resources
