2016-08-11 06:30:16,470 [Worker-3] INFO  o.e.m.c.i.p.ProjectConfigurationManager - Collecting project info '/pom.xml' C:\Users\DavidHusen\workspace\Mars\SimpleWenbApp\pom.xml
2016-08-11 06:30:24,296 [Worker-3] INFO  o.e.m.c.i.e.AbstractTransferListenerAdapter - Downloading https://repo.maven.apache.org/maven2/org/apache/maven/maven-plugin-api/2.0.9/maven-plugin-api-2.0.9.jar
2016-08-11 06:30:24,607 [Worker-3] INFO  o.e.m.c.i.e.AbstractTransferListenerAdapter - Downloaded https://repo.maven.apache.org/maven2/org/apache/maven/maven-plugin-api/2.0.9/maven-plugin-api-2.0.9.jar
2016-08-11 06:30:24,832 [Worker-3] INFO  o.e.m.c.i.e.AbstractTransferListenerAdapter - Downloading https://repo.maven.apache.org/maven2/org/apache/maven/maven-artifact/2.0.9/maven-artifact-2.0.9.jar
2016-08-11 06:30:25,805 [Worker-3] INFO  o.e.m.c.i.e.AbstractTransferListenerAdapter - Downloaded https://repo.maven.apache.org/maven2/org/apache/maven/maven-artifact/2.0.9/maven-artifact-2.0.9.jar
2016-08-11 06:30:26,060 [Worker-3] INFO  o.e.m.c.i.e.AbstractTransferListenerAdapter - Downloading https://repo.maven.apache.org/maven2/org/apache/maven/maven-core/2.0.9/maven-core-2.0.9.jar
2016-08-11 06:30:26,977 [Worker-3] INFO  o.e.m.c.i.e.AbstractTransferListenerAdapter - Downloaded https://repo.maven.apache.org/maven2/org/apache/maven/maven-core/2.0.9/maven-core-2.0.9.jar
2016-08-11 06:30:27,219 [Worker-3] INFO  o.e.m.c.i.e.AbstractTransferListenerAdapter - Downloading https://repo.maven.apache.org/maven2/org/apache/maven/maven-settings/2.0.9/maven-settings-2.0.9.jar
2016-08-11 06:30:28,080 [Worker-3] INFO  o.e.m.c.i.e.AbstractTransferListenerAdapter - Downloaded https://repo.maven.apache.org/maven2/org/apache/maven/maven-settings/2.0.9/maven-settings-2.0.9.jar
2016-08-11 06:30:28,315 [Worker-3] INFO  o.e.m.c.i.e.AbstractTransferListenerAdapter - Downloading https://repo.maven.apache.org/maven2/org/apache/maven/maven-plugin-parameter-documenter/2.0.9/maven-plugin-parameter-documenter-2.0.9.jar
2016-08-11 06:30:28,608 [Worker-3] INFO  o.e.m.c.i.e.AbstractTransferListenerAdapter - Downloaded https://repo.maven.apache.org/maven2/org/apache/maven/maven-plugin-parameter-documenter/2.0.9/maven-plugin-parameter-documenter-2.0.9.jar
2016-08-11 06:30:28,840 [Worker-3] INFO  o.e.m.c.i.e.AbstractTransferListenerAdapter - Downloading https://repo.maven.apache.org/maven2/org/apache/maven/maven-profile/2.0.9/maven-profile-2.0.9.jar
2016-08-11 06:30:29,220 [Worker-3] INFO  o.e.m.c.i.e.AbstractTransferListenerAdapter - Downloaded https://repo.maven.apache.org/maven2/org/apache/maven/maven-profile/2.0.9/maven-profile-2.0.9.jar
2016-08-11 06:30:29,465 [Worker-3] INFO  o.e.m.c.i.e.AbstractTransferListenerAdapter - Downloading https://repo.maven.apache.org/maven2/org/apache/maven/maven-model/2.0.9/maven-model-2.0.9.jar
2016-08-11 06:30:30,145 [Worker-3] INFO  o.e.m.c.i.e.AbstractTransferListenerAdapter - Downloaded https://repo.maven.apache.org/maven2/org/apache/maven/maven-model/2.0.9/maven-model-2.0.9.jar
2016-08-11 06:30:30,381 [Worker-3] INFO  o.e.m.c.i.e.AbstractTransferListenerAdapter - Downloading https://repo.maven.apache.org/maven2/org/apache/maven/maven-repository-metadata/2.0.9/maven-repository-metadata-2.0.9.jar
2016-08-11 06:30:30,675 [Worker-3] INFO  o.e.m.c.i.e.AbstractTransferListenerAdapter - Downloaded https://repo.maven.apache.org/maven2/org/apache/maven/maven-repository-metadata/2.0.9/maven-repository-metadata-2.0.9.jar
2016-08-11 06:30:30,923 [Worker-3] INFO  o.e.m.c.i.e.AbstractTransferListenerAdapter - Downloading https://repo.maven.apache.org/maven2/org/apache/maven/maven-error-diagnostics/2.0.9/maven-error-diagnostics-2.0.9.jar
2016-08-11 06:30:31,225 [Worker-3] INFO  o.e.m.c.i.e.AbstractTransferListenerAdapter - Downloaded https://repo.maven.apache.org/maven2/org/apache/maven/maven-error-diagnostics/2.0.9/maven-error-diagnostics-2.0.9.jar
2016-08-11 06:30:31,462 [Worker-3] INFO  o.e.m.c.i.e.AbstractTransferListenerAdapter - Downloading https://repo.maven.apache.org/maven2/org/apache/maven/maven-project/2.0.9/maven-project-2.0.9.jar
2016-08-11 06:30:32,382 [Worker-3] INFO  o.e.m.c.i.e.AbstractTransferListenerAdapter - Downloaded https://repo.maven.apache.org/maven2/org/apache/maven/maven-project/2.0.9/maven-project-2.0.9.jar
2016-08-11 06:30:32,628 [Worker-3] INFO  o.e.m.c.i.e.AbstractTransferListenerAdapter - Downloading https://repo.maven.apache.org/maven2/org/apache/maven/maven-plugin-registry/2.0.9/maven-plugin-registry-2.0.9.jar
2016-08-11 06:30:32,983 [Worker-3] INFO  o.e.m.c.i.e.AbstractTransferListenerAdapter - Downloaded https://repo.maven.apache.org/maven2/org/apache/maven/maven-plugin-registry/2.0.9/maven-plugin-registry-2.0.9.jar
2016-08-11 06:30:33,226 [Worker-3] INFO  o.e.m.c.i.e.AbstractTransferListenerAdapter - Downloading https://repo.maven.apache.org/maven2/org/apache/maven/maven-plugin-descriptor/2.0.9/maven-plugin-descriptor-2.0.9.jar
2016-08-11 06:30:33,820 [Worker-3] INFO  o.e.m.c.i.e.AbstractTransferListenerAdapter - Downloaded https://repo.maven.apache.org/maven2/org/apache/maven/maven-plugin-descriptor/2.0.9/maven-plugin-descriptor-2.0.9.jar
2016-08-11 06:30:34,078 [Worker-3] INFO  o.e.m.c.i.e.AbstractTransferListenerAdapter - Downloading https://repo.maven.apache.org/maven2/org/apache/maven/maven-artifact-manager/2.0.9/maven-artifact-manager-2.0.9.jar
2016-08-11 06:30:34,766 [Worker-3] INFO  o.e.m.c.i.e.AbstractTransferListenerAdapter - Downloaded https://repo.maven.apache.org/maven2/org/apache/maven/maven-artifact-manager/2.0.9/maven-artifact-manager-2.0.9.jar
2016-08-11 06:30:35,027 [Worker-3] INFO  o.e.m.c.i.e.AbstractTransferListenerAdapter - Downloading https://repo.maven.apache.org/maven2/org/apache/maven/maven-monitor/2.0.9/maven-monitor-2.0.9.jar
2016-08-11 06:30:35,407 [Worker-3] INFO  o.e.m.c.i.e.AbstractTransferListenerAdapter - Downloaded https://repo.maven.apache.org/maven2/org/apache/maven/maven-monitor/2.0.9/maven-monitor-2.0.9.jar
2016-08-11 06:30:35,685 [Worker-3] INFO  o.e.m.c.i.e.AbstractTransferListenerAdapter - Downloading https://repo.maven.apache.org/maven2/org/apache/maven/maven-toolchain/1.0/maven-toolchain-1.0.jar
2016-08-11 06:30:36,152 [Worker-3] INFO  o.e.m.c.i.e.AbstractTransferListenerAdapter - Downloaded https://repo.maven.apache.org/maven2/org/apache/maven/maven-toolchain/1.0/maven-toolchain-1.0.jar
2016-08-11 06:30:36,453 [Worker-3] INFO  o.e.m.c.i.e.AbstractTransferListenerAdapter - Downloading https://repo.maven.apache.org/maven2/org/codehaus/plexus/plexus-container-default/1.5.5/plexus-container-default-1.5.5.jar
2016-08-11 06:30:38,421 [Worker-3] INFO  o.e.m.c.i.e.AbstractTransferListenerAdapter - Downloaded https://repo.maven.apache.org/maven2/org/codehaus/plexus/plexus-container-default/1.5.5/plexus-container-default-1.5.5.jar
2016-08-11 06:30:38,667 [Worker-3] INFO  o.e.m.c.i.e.AbstractTransferListenerAdapter - Downloading https://repo.maven.apache.org/maven2/org/codehaus/plexus/plexus-classworlds/2.2.2/plexus-classworlds-2.2.2.jar
2016-08-11 06:30:39,314 [Worker-3] INFO  o.e.m.c.i.e.AbstractTransferListenerAdapter - Downloaded https://repo.maven.apache.org/maven2/org/codehaus/plexus/plexus-classworlds/2.2.2/plexus-classworlds-2.2.2.jar
2016-08-11 06:30:42,222 [Worker-3] INFO  o.e.m.c.i.l.LifecycleMappingFactory - Using org.maven.ide.eclipse.wtp.WarLifecycleMapping lifecycle mapping for MavenProject: com.web.app:SimpleWenbApp:0.0.1-SNAPSHOT @ C:\Users\DavidHusen\workspace\Mars\SimpleWenbApp\pom.xml.
2016-08-11 06:30:43,774 [Worker-3] INFO  o.e.m.c.i.e.AbstractTransferListenerAdapter - Downloading https://repo.maven.apache.org/maven2/org/apache/maven/maven-plugin-api/2.0.6/maven-plugin-api-2.0.6.jar
2016-08-11 06:30:44,081 [Worker-3] INFO  o.e.m.c.i.e.AbstractTransferListenerAdapter - Downloaded https://repo.maven.apache.org/maven2/org/apache/maven/maven-plugin-api/2.0.6/maven-plugin-api-2.0.6.jar
2016-08-11 06:30:44,319 [Worker-3] INFO  o.e.m.c.i.e.AbstractTransferListenerAdapter - Downloading https://repo.maven.apache.org/maven2/org/apache/maven/maven-artifact/2.0.6/maven-artifact-2.0.6.jar
2016-08-11 06:30:45,101 [Worker-3] INFO  o.e.m.c.i.e.AbstractTransferListenerAdapter - Downloaded https://repo.maven.apache.org/maven2/org/apache/maven/maven-artifact/2.0.6/maven-artifact-2.0.6.jar
2016-08-11 06:30:45,351 [Worker-3] INFO  o.e.m.c.i.e.AbstractTransferListenerAdapter - Downloading https://repo.maven.apache.org/maven2/org/apache/maven/maven-model/2.0.6/maven-model-2.0.6.jar
2016-08-11 06:30:46,040 [Worker-3] INFO  o.e.m.c.i.e.AbstractTransferListenerAdapter - Downloaded https://repo.maven.apache.org/maven2/org/apache/maven/maven-model/2.0.6/maven-model-2.0.6.jar
2016-08-11 06:30:46,294 [Worker-3] INFO  o.e.m.c.i.e.AbstractTransferListenerAdapter - Downloading https://repo.maven.apache.org/maven2/org/apache/maven/maven-project/2.0.6/maven-project-2.0.6.jar
2016-08-11 06:30:47,195 [Worker-3] INFO  o.e.m.c.i.e.AbstractTransferListenerAdapter - Downloaded https://repo.maven.apache.org/maven2/org/apache/maven/maven-project/2.0.6/maven-project-2.0.6.jar
2016-08-11 06:30:47,438 [Worker-3] INFO  o.e.m.c.i.e.AbstractTransferListenerAdapter - Downloading https://repo.maven.apache.org/maven2/org/apache/maven/maven-profile/2.0.6/maven-profile-2.0.6.jar
2016-08-11 06:30:48,014 [Worker-3] INFO  o.e.m.c.i.e.AbstractTransferListenerAdapter - Downloaded https://repo.maven.apache.org/maven2/org/apache/maven/maven-profile/2.0.6/maven-profile-2.0.6.jar
2016-08-11 06:30:48,267 [Worker-3] INFO  o.e.m.c.i.e.AbstractTransferListenerAdapter - Downloading https://repo.maven.apache.org/maven2/org/apache/maven/maven-artifact-manager/2.0.6/maven-artifact-manager-2.0.6.jar
2016-08-11 06:30:48,738 [Worker-3] INFO  o.e.m.c.i.e.AbstractTransferListenerAdapter - Downloaded https://repo.maven.apache.org/maven2/org/apache/maven/maven-artifact-manager/2.0.6/maven-artifact-manager-2.0.6.jar
2016-08-11 06:30:48,979 [Worker-3] INFO  o.e.m.c.i.e.AbstractTransferListenerAdapter - Downloading https://repo.maven.apache.org/maven2/org/apache/maven/maven-plugin-registry/2.0.6/maven-plugin-registry-2.0.6.jar
2016-08-11 06:30:49,329 [Worker-3] INFO  o.e.m.c.i.e.AbstractTransferListenerAdapter - Downloaded https://repo.maven.apache.org/maven2/org/apache/maven/maven-plugin-registry/2.0.6/maven-plugin-registry-2.0.6.jar
2016-08-11 06:30:49,567 [Worker-3] INFO  o.e.m.c.i.e.AbstractTransferListenerAdapter - Downloading https://repo.maven.apache.org/maven2/org/apache/maven/maven-core/2.0.6/maven-core-2.0.6.jar
2016-08-11 06:30:50,996 [Worker-3] INFO  o.e.m.c.i.e.AbstractTransferListenerAdapter - Downloaded https://repo.maven.apache.org/maven2/org/apache/maven/maven-core/2.0.6/maven-core-2.0.6.jar
2016-08-11 06:30:51,237 [Worker-3] INFO  o.e.m.c.i.e.AbstractTransferListenerAdapter - Downloading https://repo.maven.apache.org/maven2/org/apache/maven/maven-plugin-parameter-documenter/2.0.6/maven-plugin-parameter-documenter-2.0.6.jar
2016-08-11 06:30:51,772 [Worker-3] INFO  o.e.m.c.i.e.AbstractTransferListenerAdapter - Downloaded https://repo.maven.apache.org/maven2/org/apache/maven/maven-plugin-parameter-documenter/2.0.6/maven-plugin-parameter-documenter-2.0.6.jar
2016-08-11 06:30:52,012 [Worker-3] INFO  o.e.m.c.i.e.AbstractTransferListenerAdapter - Downloading https://repo.maven.apache.org/maven2/org/apache/maven/maven-repository-metadata/2.0.6/maven-repository-metadata-2.0.6.jar
2016-08-11 06:30:52,782 [Worker-3] INFO  o.e.m.c.i.e.AbstractTransferListenerAdapter - Downloaded https://repo.maven.apache.org/maven2/org/apache/maven/maven-repository-metadata/2.0.6/maven-repository-metadata-2.0.6.jar
2016-08-11 06:30:53,014 [Worker-3] INFO  o.e.m.c.i.e.AbstractTransferListenerAdapter - Downloading https://repo.maven.apache.org/maven2/org/apache/maven/maven-error-diagnostics/2.0.6/maven-error-diagnostics-2.0.6.jar
2016-08-11 06:30:53,372 [Worker-3] INFO  o.e.m.c.i.e.AbstractTransferListenerAdapter - Downloaded https://repo.maven.apache.org/maven2/org/apache/maven/maven-error-diagnostics/2.0.6/maven-error-diagnostics-2.0.6.jar
2016-08-11 06:30:53,604 [Worker-3] INFO  o.e.m.c.i.e.AbstractTransferListenerAdapter - Downloading https://repo.maven.apache.org/maven2/org/apache/maven/maven-plugin-descriptor/2.0.6/maven-plugin-descriptor-2.0.6.jar
2016-08-11 06:30:54,180 [Worker-3] INFO  o.e.m.c.i.e.AbstractTransferListenerAdapter - Downloaded https://repo.maven.apache.org/maven2/org/apache/maven/maven-plugin-descriptor/2.0.6/maven-plugin-descriptor-2.0.6.jar
2016-08-11 06:30:54,407 [Worker-3] INFO  o.e.m.c.i.e.AbstractTransferListenerAdapter - Downloading https://repo.maven.apache.org/maven2/classworlds/classworlds/1.1/classworlds-1.1.jar
2016-08-11 06:30:54,997 [Worker-3] INFO  o.e.m.c.i.e.AbstractTransferListenerAdapter - Downloaded https://repo.maven.apache.org/maven2/classworlds/classworlds/1.1/classworlds-1.1.jar
2016-08-11 06:30:55,272 [Worker-3] INFO  o.e.m.c.i.e.AbstractTransferListenerAdapter - Downloading https://repo.maven.apache.org/maven2/org/apache/maven/maven-settings/2.0.6/maven-settings-2.0.6.jar
2016-08-11 06:30:56,245 [Worker-3] INFO  o.e.m.c.i.e.AbstractTransferListenerAdapter - Downloaded https://repo.maven.apache.org/maven2/org/apache/maven/maven-settings/2.0.6/maven-settings-2.0.6.jar
2016-08-11 06:30:56,476 [Worker-3] INFO  o.e.m.c.i.e.AbstractTransferListenerAdapter - Downloading https://repo.maven.apache.org/maven2/org/apache/maven/maven-monitor/2.0.6/maven-monitor-2.0.6.jar
2016-08-11 06:30:56,753 [Worker-3] INFO  o.e.m.c.i.e.AbstractTransferListenerAdapter - Downloaded https://repo.maven.apache.org/maven2/org/apache/maven/maven-monitor/2.0.6/maven-monitor-2.0.6.jar
2016-08-11 06:30:56,987 [Worker-3] INFO  o.e.m.c.i.e.AbstractTransferListenerAdapter - Downloading https://repo.maven.apache.org/maven2/org/codehaus/plexus/plexus-container-default/1.0-alpha-9-stable-1/plexus-container-default-1.0-alpha-9-stable-1.jar
2016-08-11 06:30:58,844 [Worker-3] INFO  o.e.m.c.i.e.AbstractTransferListenerAdapter - Downloaded https://repo.maven.apache.org/maven2/org/codehaus/plexus/plexus-container-default/1.0-alpha-9-stable-1/plexus-container-default-1.0-alpha-9-stable-1.jar
2016-08-11 06:31:02,760 [Worker-3] INFO  o.e.m.j.i.AbstractJavaProjectConfigurator - Adding source folder /SimpleWenbApp/src/main/java
2016-08-11 06:31:02,766 [Worker-3] INFO  o.e.m.j.i.AbstractJavaProjectConfigurator - Adding resource folder /SimpleWenbApp/src/main/resources
2016-08-11 06:31:02,770 [Worker-3] INFO  o.e.m.j.i.AbstractJavaProjectConfigurator - Adding source folder /SimpleWenbApp/src/test/java
2016-08-11 06:31:08,021 [Worker-3] INFO  o.e.m.c.i.p.ProjectConfigurationManager - Imported and configured 1 project(s) in 51 sec
2016-08-11 06:31:09,498 [Worker-6] WARN  o.e.m.c.i.embedder.EclipseLogger - Using platform encoding (Cp1252 actually) to copy filtered resources, i.e. build is platform dependent!
2016-08-11 06:31:09,516 [Worker-6] INFO  o.e.m.c.i.embedder.EclipseLogger - Copying 0 resource
2016-08-11 06:31:09,524 [Worker-6] WARN  o.e.m.c.i.embedder.EclipseLogger - Using platform encoding (Cp1252 actually) to copy filtered resources, i.e. build is platform dependent!
2016-08-11 06:31:09,529 [Worker-6] INFO  o.e.m.c.i.embedder.EclipseLogger - skip non existing resourceDirectory C:\Users\DavidHusen\workspace\Mars\SimpleWenbApp\src\test\resources
2016-08-11 06:33:36,083 [Worker-3] WARN  o.e.m.c.i.embedder.EclipseLogger - Using platform encoding (Cp1252 actually) to copy filtered resources, i.e. build is platform dependent!
2016-08-11 06:33:36,119 [Worker-3] INFO  o.e.m.c.i.embedder.EclipseLogger - Copying 0 resource
2016-08-11 06:33:36,121 [Worker-3] WARN  o.e.m.c.i.embedder.EclipseLogger - Using platform encoding (Cp1252 actually) to copy filtered resources, i.e. build is platform dependent!
2016-08-11 06:33:36,128 [Worker-3] INFO  o.e.m.c.i.embedder.EclipseLogger - skip non existing resourceDirectory C:\Users\DavidHusen\workspace\Mars\SimpleWenbApp\src\test\resources
2016-08-11 06:34:05,909 [Worker-0] WARN  o.e.m.c.i.embedder.EclipseLogger - Using platform encoding (Cp1252 actually) to copy filtered resources, i.e. build is platform dependent!
2016-08-11 06:34:05,924 [Worker-0] INFO  o.e.m.c.i.embedder.EclipseLogger - Copying 0 resource
2016-08-11 06:34:05,932 [Worker-0] WARN  o.e.m.c.i.embedder.EclipseLogger - Using platform encoding (Cp1252 actually) to copy filtered resources, i.e. build is platform dependent!
2016-08-11 06:34:05,937 [Worker-0] INFO  o.e.m.c.i.embedder.EclipseLogger - skip non existing resourceDirectory C:\Users\DavidHusen\workspace\Mars\SimpleWenbApp\src\test\resources
2016-08-11 06:36:26,394 [Worker-3] INFO  o.e.m.c.i.l.LifecycleMappingFactory - Using org.maven.ide.eclipse.wtp.WarLifecycleMapping lifecycle mapping for MavenProject: com.web.app:SimpleWenbApp:0.0.1-SNAPSHOT @ C:\Users\DavidHusen\workspace\Mars\SimpleWenbApp\pom.xml.
2016-08-11 06:36:27,819 [Worker-3] WARN  o.e.m.c.i.embedder.EclipseLogger - Using platform encoding (Cp1252 actually) to copy filtered resources, i.e. build is platform dependent!
2016-08-11 06:36:27,834 [Worker-3] INFO  o.e.m.c.i.embedder.EclipseLogger - Copying 0 resource
2016-08-11 06:36:27,836 [Worker-3] WARN  o.e.m.c.i.embedder.EclipseLogger - Using platform encoding (Cp1252 actually) to copy filtered resources, i.e. build is platform dependent!
2016-08-11 06:36:27,845 [Worker-3] INFO  o.e.m.c.i.embedder.EclipseLogger - skip non existing resourceDirectory C:\Users\DavidHusen\workspace\Mars\SimpleWenbApp\src\test\resources
2016-08-11 06:36:27,850 [Worker-3] INFO  o.e.m.w.i.f.ResourceFilteringBuildParticipant - Changed resources require a complete clean of filtered resources of SimpleWenbApp
2016-08-11 06:36:27,855 [Worker-3] INFO  o.e.m.w.i.f.ResourceFilteringBuildParticipant - Executing resource filtering for SimpleWenbApp
2016-08-11 06:36:27,861 [Worker-3] WARN  o.e.m.c.i.embedder.EclipseLogger - Using platform encoding (Cp1252 actually) to copy filtered resources, i.e. build is platform dependent!
2016-08-11 06:36:29,019 [Worker-1] WARN  o.e.m.c.i.embedder.EclipseLogger - Using platform encoding (Cp1252 actually) to copy filtered resources, i.e. build is platform dependent!
2016-08-11 06:36:29,025 [Worker-1] INFO  o.e.m.c.i.embedder.EclipseLogger - Copying 0 resource
2016-08-11 06:36:29,027 [Worker-1] WARN  o.e.m.c.i.embedder.EclipseLogger - Using platform encoding (Cp1252 actually) to copy filtered resources, i.e. build is platform dependent!
2016-08-11 06:36:29,032 [Worker-1] INFO  o.e.m.c.i.embedder.EclipseLogger - skip non existing resourceDirectory C:\Users\DavidHusen\workspace\Mars\SimpleWenbApp\src\test\resources
2016-08-11 06:37:00,677 [Worker-2] WARN  o.e.m.c.i.embedder.EclipseLogger - Using platform encoding (Cp1252 actually) to copy filtered resources, i.e. build is platform dependent!
2016-08-11 06:37:00,684 [Worker-2] INFO  o.e.m.c.i.embedder.EclipseLogger - Copying 0 resource
2016-08-11 06:37:00,693 [Worker-2] WARN  o.e.m.c.i.embedder.EclipseLogger - Using platform encoding (Cp1252 actually) to copy filtered resources, i.e. build is platform dependent!
2016-08-11 06:37:00,705 [Worker-2] INFO  o.e.m.c.i.embedder.EclipseLogger - skip non existing resourceDirectory C:\Users\DavidHusen\workspace\Mars\SimpleWenbApp\src\test\resources
2016-08-11 06:38:14,473 [Worker-8] WARN  o.e.m.c.i.embedder.EclipseLogger - Using platform encoding (Cp1252 actually) to copy filtered resources, i.e. build is platform dependent!
2016-08-11 06:38:14,495 [Worker-8] INFO  o.e.m.c.i.embedder.EclipseLogger - Copying 1 resource
2016-08-11 06:38:14,528 [Worker-8] WARN  o.e.m.c.i.embedder.EclipseLogger - Using platform encoding (Cp1252 actually) to copy filtered resources, i.e. build is platform dependent!
2016-08-11 06:38:14,537 [Worker-8] INFO  o.e.m.c.i.embedder.EclipseLogger - skip non existing resourceDirectory C:\Users\DavidHusen\workspace\Mars\SimpleWenbApp\src\test\resources
2016-08-11 06:38:15,639 [Worker-9] WARN  o.e.m.c.i.embedder.EclipseLogger - Using platform encoding (Cp1252 actually) to copy filtered resources, i.e. build is platform dependent!
2016-08-11 06:38:15,656 [Worker-9] INFO  o.e.m.c.i.embedder.EclipseLogger - Copying 0 resource
2016-08-11 06:38:15,661 [Worker-9] WARN  o.e.m.c.i.embedder.EclipseLogger - Using platform encoding (Cp1252 actually) to copy filtered resources, i.e. build is platform dependent!
2016-08-11 06:38:15,667 [Worker-9] INFO  o.e.m.c.i.embedder.EclipseLogger - skip non existing resourceDirectory C:\Users\DavidHusen\workspace\Mars\SimpleWenbApp\src\test\resources
2016-08-11 06:38:26,791 [Worker-8] WARN  o.e.m.c.i.embedder.EclipseLogger - Using platform encoding (Cp1252 actually) to copy filtered resources, i.e. build is platform dependent!
2016-08-11 06:38:26,824 [Worker-8] INFO  o.e.m.c.i.embedder.EclipseLogger - Copying 0 resource
2016-08-11 06:38:26,829 [Worker-8] WARN  o.e.m.c.i.embedder.EclipseLogger - Using platform encoding (Cp1252 actually) to copy filtered resources, i.e. build is platform dependent!
2016-08-11 06:38:26,841 [Worker-8] INFO  o.e.m.c.i.embedder.EclipseLogger - skip non existing resourceDirectory C:\Users\DavidHusen\workspace\Mars\SimpleWenbApp\src\test\resources
2016-08-11 06:39:30,093 [Worker-10] WARN  o.e.m.c.i.embedder.EclipseLogger - Using platform encoding (Cp1252 actually) to copy filtered resources, i.e. build is platform dependent!
2016-08-11 06:39:30,124 [Worker-10] INFO  o.e.m.c.i.embedder.EclipseLogger - Copying 1 resource
2016-08-11 06:39:30,139 [Worker-10] WARN  o.e.m.c.i.embedder.EclipseLogger - Using platform encoding (Cp1252 actually) to copy filtered resources, i.e. build is platform dependent!
2016-08-11 06:39:30,144 [Worker-10] INFO  o.e.m.c.i.embedder.EclipseLogger - skip non existing resourceDirectory C:\Users\DavidHusen\workspace\Mars\SimpleWenbApp\src\test\resources
2016-08-11 06:42:05,719 [Worker-10] WARN  o.e.m.c.i.embedder.EclipseLogger - Using platform encoding (Cp1252 actually) to copy filtered resources, i.e. build is platform dependent!
2016-08-11 06:42:05,737 [Worker-10] INFO  o.e.m.c.i.embedder.EclipseLogger - Copying 1 resource
2016-08-11 06:42:05,743 [Worker-10] WARN  o.e.m.c.i.embedder.EclipseLogger - Using platform encoding (Cp1252 actually) to copy filtered resources, i.e. build is platform dependent!
2016-08-11 06:42:05,748 [Worker-10] INFO  o.e.m.c.i.embedder.EclipseLogger - skip non existing resourceDirectory C:\Users\DavidHusen\workspace\Mars\SimpleWenbApp\src\test\resources
2016-08-11 06:42:24,557 [Worker-4] WARN  o.e.m.c.i.embedder.EclipseLogger - Using platform encoding (Cp1252 actually) to copy filtered resources, i.e. build is platform dependent!
2016-08-11 06:42:24,629 [Worker-4] INFO  o.e.m.c.i.embedder.EclipseLogger - Copying 1 resource
2016-08-11 06:42:24,640 [Worker-4] WARN  o.e.m.c.i.embedder.EclipseLogger - Using platform encoding (Cp1252 actually) to copy filtered resources, i.e. build is platform dependent!
2016-08-11 06:42:24,646 [Worker-4] INFO  o.e.m.c.i.embedder.EclipseLogger - skip non existing resourceDirectory C:\Users\DavidHusen\workspace\Mars\SimpleWenbApp\src\test\resources
2016-08-11 06:45:13,638 [Worker-16] WARN  o.e.m.c.i.embedder.EclipseLogger - Using platform encoding (Cp1252 actually) to copy filtered resources, i.e. build is platform dependent!
2016-08-11 06:45:13,643 [Worker-16] INFO  o.e.m.c.i.embedder.EclipseLogger - Copying 0 resource
2016-08-11 06:45:13,646 [Worker-16] WARN  o.e.m.c.i.embedder.EclipseLogger - Using platform encoding (Cp1252 actually) to copy filtered resources, i.e. build is platform dependent!
2016-08-11 06:45:13,652 [Worker-16] INFO  o.e.m.c.i.embedder.EclipseLogger - skip non existing resourceDirectory C:\Users\DavidHusen\workspace\Mars\SimpleWenbApp\src\test\resources
2016-08-11 06:45:34,999 [Worker-19] WARN  o.e.m.c.i.embedder.EclipseLogger - Using platform encoding (Cp1252 actually) to copy filtered resources, i.e. build is platform dependent!
2016-08-11 06:45:35,014 [Worker-19] INFO  o.e.m.c.i.embedder.EclipseLogger - Copying 1 resource
2016-08-11 06:45:35,028 [Worker-19] WARN  o.e.m.c.i.embedder.EclipseLogger - Using platform encoding (Cp1252 actually) to copy filtered resources, i.e. build is platform dependent!
2016-08-11 06:45:35,035 [Worker-19] INFO  o.e.m.c.i.embedder.EclipseLogger - skip non existing resourceDirectory C:\Users\DavidHusen\workspace\Mars\SimpleWenbApp\src\test\resources
2016-08-11 06:45:58,501 [Worker-8] INFO  o.e.m.i.launch.MavenLaunchDelegate - C:\Users\DavidHusen\workspace\Mars\SimpleWenbApp
2016-08-11 06:45:58,501 [Worker-8] INFO  o.e.m.i.launch.MavenLaunchDelegate -  mvn  -B clean
2016-08-11 06:46:01,179 [Worker-16] WARN  o.e.m.c.i.embedder.EclipseLogger - Using platform encoding (Cp1252 actually) to copy filtered resources, i.e. build is platform dependent!
2016-08-11 06:46:01,323 [Worker-16] INFO  o.e.m.c.i.embedder.EclipseLogger - Copying 1 resource
2016-08-11 06:46:01,334 [Worker-16] WARN  o.e.m.c.i.embedder.EclipseLogger - Using platform encoding (Cp1252 actually) to copy filtered resources, i.e. build is platform dependent!
2016-08-11 06:46:01,343 [Worker-16] INFO  o.e.m.c.i.embedder.EclipseLogger - skip non existing resourceDirectory C:\Users\DavidHusen\workspace\Mars\SimpleWenbApp\src\test\resources
2016-08-11 06:46:01,347 [Worker-16] INFO  o.e.m.w.i.f.ResourceFilteringBuildParticipant - Changed resources require a complete clean of filtered resources of SimpleWenbApp
2016-08-11 06:46:01,347 [Worker-16] INFO  o.e.m.w.i.f.ResourceFilteringBuildParticipant - Executing resource filtering for SimpleWenbApp
2016-08-11 06:46:01,365 [Worker-16] WARN  o.e.m.c.i.embedder.EclipseLogger - Using platform encoding (Cp1252 actually) to copy filtered resources, i.e. build is platform dependent!
2016-08-11 06:46:11,243 [Worker-18] INFO  o.e.m.i.launch.MavenLaunchDelegate - C:\Users\DavidHusen\workspace\Mars\SimpleWenbApp
2016-08-11 06:46:11,244 [Worker-18] INFO  o.e.m.i.launch.MavenLaunchDelegate -  mvn  -B install
2016-08-11 06:46:21,048 [Worker-19] WARN  o.e.m.c.i.embedder.EclipseLogger - Using platform encoding (Cp1252 actually) to copy filtered resources, i.e. build is platform dependent!
2016-08-11 06:46:21,059 [Worker-19] INFO  o.e.m.c.i.embedder.EclipseLogger - Copying 0 resource
2016-08-11 06:46:21,061 [Worker-19] WARN  o.e.m.c.i.embedder.EclipseLogger - Using platform encoding (Cp1252 actually) to copy filtered resources, i.e. build is platform dependent!
2016-08-11 06:46:21,070 [Worker-19] INFO  o.e.m.c.i.embedder.EclipseLogger - skip non existing resourceDirectory C:\Users\DavidHusen\workspace\Mars\SimpleWenbApp\src\test\resources
2016-08-11 06:47:18,940 [Worker-10] WARN  o.e.m.c.i.embedder.EclipseLogger - Using platform encoding (Cp1252 actually) to copy filtered resources, i.e. build is platform dependent!
2016-08-11 06:47:18,952 [Worker-10] INFO  o.e.m.c.i.embedder.EclipseLogger - Copying 0 resource
2016-08-11 06:47:18,961 [Worker-10] WARN  o.e.m.c.i.embedder.EclipseLogger - Using platform encoding (Cp1252 actually) to copy filtered resources, i.e. build is platform dependent!
2016-08-11 06:47:18,971 [Worker-10] INFO  o.e.m.c.i.embedder.EclipseLogger - skip non existing resourceDirectory C:\Users\DavidHusen\workspace\Mars\SimpleWenbApp\src\test\resources
2016-08-11 06:47:58,712 [main] INFO  o.e.m2e.actions.ExecutePomAction - Creating new launch configuration
2016-08-11 06:48:08,145 [Worker-12] INFO  o.e.m.i.launch.MavenLaunchDelegate - C:\Users\DavidHusen\workspace\Mars\SimpleWenbApp
2016-08-11 06:48:08,153 [Worker-12] INFO  o.e.m.i.launch.MavenLaunchDelegate -  mvn  -B compile
2016-08-11 06:48:17,557 [main] INFO  o.e.m2e.actions.ExecutePomAction - Creating new launch configuration
2016-08-11 06:48:23,268 [Worker-10] INFO  o.e.m.i.launch.MavenLaunchDelegate - C:\Users\DavidHusen\workspace\Mars\SimpleWenbApp
2016-08-11 06:48:23,276 [Worker-10] INFO  o.e.m.i.launch.MavenLaunchDelegate -  mvn  -B test
2016-08-11 07:21:09,853 [Worker-27] WARN  o.e.m.c.i.embedder.EclipseLogger - Using platform encoding (Cp1252 actually) to copy filtered resources, i.e. build is platform dependent!
2016-08-11 07:21:09,867 [Worker-27] INFO  o.e.m.c.i.embedder.EclipseLogger - Copying 0 resource
2016-08-11 07:21:09,879 [Worker-27] WARN  o.e.m.c.i.embedder.EclipseLogger - Using platform encoding (Cp1252 actually) to copy filtered resources, i.e. build is platform dependent!
2016-08-11 07:21:09,895 [Worker-27] INFO  o.e.m.c.i.embedder.EclipseLogger - skip non existing resourceDirectory C:\Users\DavidHusen\workspace\Mars\SimpleWenbApp\src\test\resources
2016-08-11 07:23:11,856 [Worker-30] WARN  o.e.m.c.i.embedder.EclipseLogger - Using platform encoding (Cp1252 actually) to copy filtered resources, i.e. build is platform dependent!
2016-08-11 07:23:11,864 [Worker-30] INFO  o.e.m.c.i.embedder.EclipseLogger - Copying 0 resource
2016-08-11 07:23:11,869 [Worker-30] WARN  o.e.m.c.i.embedder.EclipseLogger - Using platform encoding (Cp1252 actually) to copy filtered resources, i.e. build is platform dependent!
2016-08-11 07:23:11,892 [Worker-30] INFO  o.e.m.c.i.embedder.EclipseLogger - skip non existing resourceDirectory C:\Users\DavidHusen\workspace\Mars\SimpleWenbApp\src\test\resources
2016-08-11 07:24:51,243 [Worker-28] INFO  o.e.m.i.launch.MavenLaunchDelegate - C:\Users\DavidHusen\workspace\Mars\SimpleWenbApp
2016-08-11 07:24:51,253 [Worker-28] INFO  o.e.m.i.launch.MavenLaunchDelegate -  mvn  -B clean
2016-08-11 07:24:54,004 [Worker-28] WARN  o.e.m.c.i.embedder.EclipseLogger - Using platform encoding (Cp1252 actually) to copy filtered resources, i.e. build is platform dependent!
2016-08-11 07:24:54,022 [Worker-28] INFO  o.e.m.c.i.embedder.EclipseLogger - Copying 0 resource
2016-08-11 07:24:54,034 [Worker-28] WARN  o.e.m.c.i.embedder.EclipseLogger - Using platform encoding (Cp1252 actually) to copy filtered resources, i.e. build is platform dependent!
2016-08-11 07:24:54,047 [Worker-28] INFO  o.e.m.c.i.embedder.EclipseLogger - skip non existing resourceDirectory C:\Users\DavidHusen\workspace\Mars\SimpleWenbApp\src\test\resources
2016-08-11 07:24:54,047 [Worker-28] INFO  o.e.m.w.i.f.ResourceFilteringBuildParticipant - Changed resources require a complete clean of filtered resources of SimpleWenbApp
2016-08-11 07:24:54,055 [Worker-28] INFO  o.e.m.w.i.f.ResourceFilteringBuildParticipant - Executing resource filtering for SimpleWenbApp
2016-08-11 07:24:54,062 [Worker-28] WARN  o.e.m.c.i.embedder.EclipseLogger - Using platform encoding (Cp1252 actually) to copy filtered resources, i.e. build is platform dependent!
2016-08-11 07:25:34,627 [Worker-33] WARN  o.e.m.c.i.embedder.EclipseLogger - Using platform encoding (Cp1252 actually) to copy filtered resources, i.e. build is platform dependent!
2016-08-11 07:25:34,635 [Worker-33] INFO  o.e.m.c.i.embedder.EclipseLogger - Copying 0 resource
2016-08-11 07:25:34,645 [Worker-33] WARN  o.e.m.c.i.embedder.EclipseLogger - Using platform encoding (Cp1252 actually) to copy filtered resources, i.e. build is platform dependent!
2016-08-11 07:25:34,651 [Worker-33] INFO  o.e.m.c.i.embedder.EclipseLogger - skip non existing resourceDirectory C:\Users\DavidHusen\workspace\Mars\SimpleWenbApp\src\test\resources
2016-08-11 07:27:07,831 [Worker-30] WARN  o.e.m.c.i.embedder.EclipseLogger - Using platform encoding (Cp1252 actually) to copy filtered resources, i.e. build is platform dependent!
2016-08-11 07:27:07,837 [Worker-30] INFO  o.e.m.c.i.embedder.EclipseLogger - Copying 0 resource
2016-08-11 07:27:07,845 [Worker-30] WARN  o.e.m.c.i.embedder.EclipseLogger - Using platform encoding (Cp1252 actually) to copy filtered resources, i.e. build is platform dependent!
2016-08-11 07:27:07,855 [Worker-30] INFO  o.e.m.c.i.embedder.EclipseLogger - skip non existing resourceDirectory C:\Users\DavidHusen\workspace\Mars\SimpleWenbApp\src\test\resources
2016-08-11 07:27:57,137 [Worker-28] INFO  o.e.m.i.launch.MavenLaunchDelegate - C:\Users\DavidHusen\workspace\Mars\SimpleWenbApp
2016-08-11 07:27:57,137 [Worker-28] INFO  o.e.m.i.launch.MavenLaunchDelegate -  mvn  -B clean
2016-08-11 07:27:59,396 [Worker-34] WARN  o.e.m.c.i.embedder.EclipseLogger - Using platform encoding (Cp1252 actually) to copy filtered resources, i.e. build is platform dependent!
2016-08-11 07:27:59,411 [Worker-34] INFO  o.e.m.c.i.embedder.EclipseLogger - Copying 0 resource
2016-08-11 07:27:59,421 [Worker-34] WARN  o.e.m.c.i.embedder.EclipseLogger - Using platform encoding (Cp1252 actually) to copy filtered resources, i.e. build is platform dependent!
2016-08-11 07:27:59,429 [Worker-34] INFO  o.e.m.c.i.embedder.EclipseLogger - skip non existing resourceDirectory C:\Users\DavidHusen\workspace\Mars\SimpleWenbApp\src\test\resources
2016-08-11 07:27:59,437 [Worker-34] INFO  o.e.m.w.i.f.ResourceFilteringBuildParticipant - Changed resources require a complete clean of filtered resources of SimpleWenbApp
2016-08-11 07:27:59,437 [Worker-34] INFO  o.e.m.w.i.f.ResourceFilteringBuildParticipant - Executing resource filtering for SimpleWenbApp
2016-08-11 07:27:59,447 [Worker-34] WARN  o.e.m.c.i.embedder.EclipseLogger - Using platform encoding (Cp1252 actually) to copy filtered resources, i.e. build is platform dependent!
2016-08-11 07:29:12,502 [Worker-30] WARN  o.e.m.c.i.embedder.EclipseLogger - Using platform encoding (Cp1252 actually) to copy filtered resources, i.e. build is platform dependent!
2016-08-11 07:29:12,516 [Worker-30] INFO  o.e.m.c.i.embedder.EclipseLogger - Copying 0 resource
2016-08-11 07:29:12,524 [Worker-30] WARN  o.e.m.c.i.embedder.EclipseLogger - Using platform encoding (Cp1252 actually) to copy filtered resources, i.e. build is platform dependent!
2016-08-11 07:29:12,534 [Worker-30] INFO  o.e.m.c.i.embedder.EclipseLogger - skip non existing resourceDirectory C:\Users\DavidHusen\workspace\Mars\SimpleWenbApp\src\test\resources
2016-08-11 07:29:56,321 [Worker-28] WARN  o.e.m.c.i.embedder.EclipseLogger - Using platform encoding (Cp1252 actually) to copy filtered resources, i.e. build is platform dependent!
2016-08-11 07:29:56,340 [Worker-28] INFO  o.e.m.c.i.embedder.EclipseLogger - Copying 0 resource
2016-08-11 07:29:56,351 [Worker-28] WARN  o.e.m.c.i.embedder.EclipseLogger - Using platform encoding (Cp1252 actually) to copy filtered resources, i.e. build is platform dependent!
2016-08-11 07:29:56,369 [Worker-28] INFO  o.e.m.c.i.embedder.EclipseLogger - skip non existing resourceDirectory C:\Users\DavidHusen\workspace\Mars\SimpleWenbApp\src\test\resources
2016-08-11 07:30:59,444 [Worker-36] WARN  o.e.m.c.i.embedder.EclipseLogger - Using platform encoding (Cp1252 actually) to copy filtered resources, i.e. build is platform dependent!
2016-08-11 07:30:59,461 [Worker-36] INFO  o.e.m.c.i.embedder.EclipseLogger - Copying 0 resource
2016-08-11 07:30:59,470 [Worker-36] WARN  o.e.m.c.i.embedder.EclipseLogger - Using platform encoding (Cp1252 actually) to copy filtered resources, i.e. build is platform dependent!
2016-08-11 07:30:59,485 [Worker-36] INFO  o.e.m.c.i.embedder.EclipseLogger - skip non existing resourceDirectory C:\Users\DavidHusen\workspace\Mars\SimpleWenbApp\src\test\resources
2016-08-11 07:31:12,953 [Worker-37] WARN  o.e.m.c.i.embedder.EclipseLogger - Using platform encoding (Cp1252 actually) to copy filtered resources, i.e. build is platform dependent!
2016-08-11 07:31:12,964 [Worker-37] INFO  o.e.m.c.i.embedder.EclipseLogger - Copying 0 resource
2016-08-11 07:31:12,974 [Worker-37] WARN  o.e.m.c.i.embedder.EclipseLogger - Using platform encoding (Cp1252 actually) to copy filtered resources, i.e. build is platform dependent!
2016-08-11 07:31:12,986 [Worker-37] INFO  o.e.m.c.i.embedder.EclipseLogger - skip non existing resourceDirectory C:\Users\DavidHusen\workspace\Mars\SimpleWenbApp\src\test\resources
2016-08-11 07:31:26,211 [Worker-34] WARN  o.e.m.c.i.embedder.EclipseLogger - Using platform encoding (Cp1252 actually) to copy filtered resources, i.e. build is platform dependent!
2016-08-11 07:31:26,229 [Worker-34] INFO  o.e.m.c.i.embedder.EclipseLogger - Copying 0 resource
2016-08-11 07:31:26,239 [Worker-34] WARN  o.e.m.c.i.embedder.EclipseLogger - Using platform encoding (Cp1252 actually) to copy filtered resources, i.e. build is platform dependent!
2016-08-11 07:31:26,254 [Worker-34] INFO  o.e.m.c.i.embedder.EclipseLogger - skip non existing resourceDirectory C:\Users\DavidHusen\workspace\Mars\SimpleWenbApp\src\test\resources
2016-08-11 07:31:40,700 [Worker-31] WARN  o.e.m.c.i.embedder.EclipseLogger - Using platform encoding (Cp1252 actually) to copy filtered resources, i.e. build is platform dependent!
2016-08-11 07:31:40,716 [Worker-31] INFO  o.e.m.c.i.embedder.EclipseLogger - Copying 0 resource
2016-08-11 07:31:40,726 [Worker-31] WARN  o.e.m.c.i.embedder.EclipseLogger - Using platform encoding (Cp1252 actually) to copy filtered resources, i.e. build is platform dependent!
2016-08-11 07:31:40,735 [Worker-31] INFO  o.e.m.c.i.embedder.EclipseLogger - skip non existing resourceDirectory C:\Users\DavidHusen\workspace\Mars\SimpleWenbApp\src\test\resources
2016-08-11 07:32:50,723 [Worker-15] WARN  o.e.m.c.i.embedder.EclipseLogger - Using platform encoding (Cp1252 actually) to copy filtered resources, i.e. build is platform dependent!
2016-08-11 07:32:50,737 [Worker-15] INFO  o.e.m.c.i.embedder.EclipseLogger - Copying 0 resource
2016-08-11 07:32:50,746 [Worker-15] WARN  o.e.m.c.i.embedder.EclipseLogger - Using platform encoding (Cp1252 actually) to copy filtered resources, i.e. build is platform dependent!
2016-08-11 07:32:50,755 [Worker-15] INFO  o.e.m.c.i.embedder.EclipseLogger - skip non existing resourceDirectory C:\Users\DavidHusen\workspace\Mars\SimpleWenbApp\src\test\resources
2016-08-11 20:36:23,351 [Worker-0] WARN  o.e.m.c.i.embedder.EclipseLogger - Using platform encoding (Cp1252 actually) to copy filtered resources, i.e. build is platform dependent!
2016-08-11 20:36:23,390 [Worker-0] INFO  o.e.m.c.i.embedder.EclipseLogger - Copying 0 resource
2016-08-11 20:36:23,393 [Worker-0] WARN  o.e.m.c.i.embedder.EclipseLogger - Using platform encoding (Cp1252 actually) to copy filtered resources, i.e. build is platform dependent!
2016-08-11 20:36:23,399 [Worker-0] INFO  o.e.m.c.i.embedder.EclipseLogger - skip non existing resourceDirectory C:\Users\DavidHusen\workspace\Mars\SimpleWenbApp\src\test\resources
2016-08-11 20:46:04,405 [Worker-3] INFO  o.e.m.i.launch.MavenLaunchDelegate - C:\Users\DavidHusen\workspace2\MavenStart\SimpleApp
2016-08-11 20:46:04,420 [Worker-3] INFO  o.e.m.i.launch.MavenLaunchDelegate -  mvn  -B clean
2016-08-11 20:46:21,582 [Worker-21] INFO  o.e.m.i.launch.MavenLaunchDelegate - C:\Users\DavidHusen\workspace2\MavenStart\SimpleApp
2016-08-11 20:46:21,583 [Worker-21] INFO  o.e.m.i.launch.MavenLaunchDelegate -  mvn  -B install
2016-08-11 21:07:54,258 [Worker-10] INFO  o.e.m.c.i.p.ProjectConfigurationManager - Collecting project info '/pom.xml' C:\Users\DavidHusen\workspace\Mars\SimpleApp\pom.xml
2016-08-11 21:08:04,940 [Worker-10] INFO  o.e.m.c.i.l.LifecycleMappingFactory - Using org.eclipse.m2e.jdt.JarLifecycleMapping lifecycle mapping for MavenProject: com.web.app:SimpleApp:0.0.1-SNAPSHOT @ C:\Users\DavidHusen\workspace\Mars\SimpleApp\pom.xml.
2016-08-11 21:08:08,586 [Worker-10] INFO  o.e.m.j.i.AbstractJavaProjectConfigurator - Adding source folder /SimpleApp/src/main/java
2016-08-11 21:08:08,607 [Worker-10] INFO  o.e.m.j.i.AbstractJavaProjectConfigurator - Adding source folder /SimpleApp/src/test/java
2016-08-11 21:08:09,063 [Worker-10] INFO  o.e.m.c.i.p.ProjectConfigurationManager - Imported and configured 1 project(s) in 14 sec
2016-08-11 21:09:23,640 [main] INFO  o.e.m2e.actions.ExecutePomAction - Creating new launch configuration
2016-08-11 21:09:28,757 [Worker-9] INFO  o.e.m.i.launch.MavenLaunchDelegate - C:\Users\DavidHusen\workspace\Mars\SimpleApp
2016-08-11 21:09:28,758 [Worker-9] INFO  o.e.m.i.launch.MavenLaunchDelegate -  mvn  -B clean
2016-08-11 21:09:38,958 [main] INFO  o.e.m2e.actions.ExecutePomAction - Creating new launch configuration
2016-08-11 21:09:51,676 [Worker-3] INFO  o.e.m.i.launch.MavenLaunchDelegate - C:\Users\DavidHusen\workspace\Mars\SimpleApp
2016-08-11 21:09:51,676 [Worker-3] INFO  o.e.m.i.launch.MavenLaunchDelegate -  mvn  -B eclipse:clean
2016-08-11 21:10:24,075 [main] INFO  o.e.m2e.actions.ExecutePomAction - Creating new launch configuration
2016-08-11 21:10:33,227 [Worker-5] INFO  o.e.m.i.launch.MavenLaunchDelegate - C:\Users\DavidHusen\workspace\Mars\SimpleApp
2016-08-11 21:10:33,227 [Worker-5] INFO  o.e.m.i.launch.MavenLaunchDelegate -  mvn  -B eclipse:eclipse
2016-08-11 21:10:49,333 [Worker-7] INFO  o.e.m.i.launch.MavenLaunchDelegate - C:\Users\DavidHusen\workspace\Mars\SimpleApp
2016-08-11 21:10:49,334 [Worker-7] INFO  o.e.m.i.launch.MavenLaunchDelegate -  mvn  -B clean
2016-08-11 21:11:07,281 [Worker-17] INFO  o.e.m.i.launch.MavenLaunchDelegate - C:\Users\DavidHusen\workspace\Mars\SimpleApp
2016-08-11 21:11:07,281 [Worker-17] INFO  o.e.m.i.launch.MavenLaunchDelegate -  mvn  -B install
2016-08-11 21:11:47,082 [main] INFO  o.e.m2e.actions.ExecutePomAction - Creating new launch configuration
2016-08-11 21:11:50,459 [Worker-14] INFO  o.e.m.i.launch.MavenLaunchDelegate - C:\Users\DavidHusen\workspace\Mars\SimpleApp
2016-08-11 21:11:50,469 [Worker-14] INFO  o.e.m.i.launch.MavenLaunchDelegate -  mvn  -B install
2016-08-11 21:13:17,333 [main] INFO  o.e.m2e.actions.ExecutePomAction - Creating new launch configuration
2016-08-11 21:13:32,847 [Worker-3] INFO  o.e.m.i.launch.MavenLaunchDelegate - C:\Users\DavidHusen\workspace\Mars\SimpleApp
2016-08-11 21:13:32,860 [Worker-3] INFO  o.e.m.i.launch.MavenLaunchDelegate -  mvn  -B eclipse:clean
2016-08-11 21:13:42,487 [main] INFO  o.e.m2e.actions.ExecutePomAction - Creating new launch configuration
2016-08-11 21:13:49,049 [Worker-8] INFO  o.e.m.i.launch.MavenLaunchDelegate - C:\Users\DavidHusen\workspace\Mars\SimpleApp
2016-08-11 21:13:49,063 [Worker-8] INFO  o.e.m.i.launch.MavenLaunchDelegate -  mvn  -B eclipse:eclipse
2016-08-11 21:13:58,051 [main] INFO  o.e.m2e.actions.ExecutePomAction - Creating new launch configuration
2016-08-11 21:14:04,099 [Worker-12] INFO  o.e.m.i.launch.MavenLaunchDelegate - C:\Users\DavidHusen\workspace\Mars\SimpleApp
2016-08-11 21:14:04,115 [Worker-12] INFO  o.e.m.i.launch.MavenLaunchDelegate -  mvn  -B compile
2016-08-11 21:14:15,560 [main] INFO  o.e.m2e.actions.ExecutePomAction - Creating new launch configuration
2016-08-11 21:14:18,211 [Worker-17] INFO  o.e.m.i.launch.MavenLaunchDelegate - C:\Users\DavidHusen\workspace\Mars\SimpleApp
2016-08-11 21:14:18,238 [Worker-17] INFO  o.e.m.i.launch.MavenLaunchDelegate -  mvn  -B test
2016-08-11 21:14:32,624 [main] INFO  o.e.m2e.actions.ExecutePomAction - Creating new launch configuration
2016-08-11 21:14:38,311 [Worker-7] INFO  o.e.m.i.launch.MavenLaunchDelegate - C:\Users\DavidHusen\workspace\Mars\SimpleApp
2016-08-11 21:14:38,329 [Worker-7] INFO  o.e.m.i.launch.MavenLaunchDelegate -  mvn  -B install
2016-08-11 21:24:31,938 [main] INFO  o.e.m2e.actions.ExecutePomAction - Creating new launch configuration
2016-08-11 21:24:45,103 [Worker-12] INFO  o.e.m.i.launch.MavenLaunchDelegate - C:\Users\DavidHusen\workspace\Mars\SimpleWenbApp
2016-08-11 21:24:45,128 [Worker-12] INFO  o.e.m.i.launch.MavenLaunchDelegate -  mvn  -B eclipse:clean
2016-08-11 21:24:55,172 [main] INFO  o.e.m2e.actions.ExecutePomAction - Creating new launch configuration
2016-08-11 21:25:02,983 [Worker-9] INFO  o.e.m.i.launch.MavenLaunchDelegate - C:\Users\DavidHusen\workspace\Mars\SimpleWenbApp
2016-08-11 21:25:03,005 [Worker-9] INFO  o.e.m.i.launch.MavenLaunchDelegate -  mvn  -B eclipse:eclipse
2016-08-11 21:25:14,648 [main] INFO  o.e.m2e.actions.ExecutePomAction - Creating new launch configuration
2016-08-11 21:25:23,775 [Worker-12] INFO  o.e.m.i.launch.MavenLaunchDelegate - C:\Users\DavidHusen\workspace\Mars\SimpleWenbApp
2016-08-11 21:25:23,797 [Worker-12] INFO  o.e.m.i.launch.MavenLaunchDelegate -  mvn  -B install
2016-08-11 21:27:06,427 [Worker-18] INFO  o.e.m.i.launch.MavenLaunchDelegate - C:\Users\DavidHusen\workspace\Mars\SimpleWenbApp
2016-08-11 21:27:06,447 [Worker-18] INFO  o.e.m.i.launch.MavenLaunchDelegate -  mvn  -B clean
2016-08-11 21:27:17,357 [main] INFO  o.e.m2e.actions.ExecutePomAction - Creating new launch configuration
2016-08-11 21:27:27,352 [Worker-9] INFO  o.e.m.i.launch.MavenLaunchDelegate - C:\Users\DavidHusen\workspace\Mars\SimpleWenbApp
2016-08-11 21:27:27,373 [Worker-9] INFO  o.e.m.i.launch.MavenLaunchDelegate -  mvn  -B eclispe:eclipse
2016-08-11 21:27:56,218 [main] INFO  o.e.m2e.actions.ExecutePomAction - Creating new launch configuration
2016-08-11 21:28:03,547 [Worker-5] INFO  o.e.m.i.launch.MavenLaunchDelegate - C:\Users\DavidHusen\workspace\Mars\SimpleWenbApp
2016-08-11 21:28:03,571 [Worker-5] INFO  o.e.m.i.launch.MavenLaunchDelegate -  mvn  -B eclipse:clean
2016-08-11 21:28:13,866 [main] INFO  o.e.m2e.actions.ExecutePomAction - Creating new launch configuration
2016-08-11 21:28:20,971 [Worker-20] INFO  o.e.m.i.launch.MavenLaunchDelegate - C:\Users\DavidHusen\workspace\Mars\SimpleWenbApp
2016-08-11 21:28:21,004 [Worker-20] INFO  o.e.m.i.launch.MavenLaunchDelegate -  mvn  -B eclipse:eclipse
2016-08-11 21:31:17,356 [main] INFO  o.e.m2e.actions.ExecutePomAction - Creating new launch configuration
2016-08-11 21:31:23,996 [Worker-20] INFO  o.e.m.i.launch.MavenLaunchDelegate - C:\Users\DavidHusen\workspace\Mars\SimpleWenbApp
2016-08-11 21:31:24,018 [Worker-20] INFO  o.e.m.i.launch.MavenLaunchDelegate -  mvn  -B compile
2016-08-11 21:31:34,039 [main] INFO  o.e.m2e.actions.ExecutePomAction - Creating new launch configuration
2016-08-11 21:31:36,422 [Worker-5] INFO  o.e.m.i.launch.MavenLaunchDelegate - C:\Users\DavidHusen\workspace\Mars\SimpleWenbApp
2016-08-11 21:31:36,444 [Worker-5] INFO  o.e.m.i.launch.MavenLaunchDelegate -  mvn  -B test
2016-08-11 21:31:43,855 [main] INFO  o.e.m2e.actions.ExecutePomAction - Creating new launch configuration
2016-08-11 21:31:49,947 [Worker-20] INFO  o.e.m.i.launch.MavenLaunchDelegate - C:\Users\DavidHusen\workspace\Mars\SimpleWenbApp
2016-08-11 21:31:49,971 [Worker-20] INFO  o.e.m.i.launch.MavenLaunchDelegate -  mvn  -B test-compile
2016-08-11 21:32:29,408 [main] INFO  o.e.m2e.actions.ExecutePomAction - Creating new launch configuration
2016-08-11 21:32:39,322 [Worker-19] INFO  o.e.m.i.launch.MavenLaunchDelegate - C:\Users\DavidHusen\workspace\Mars\SimpleWenbApp
2016-08-11 21:32:39,344 [Worker-19] INFO  o.e.m.i.launch.MavenLaunchDelegate -  mvn  -B eclipse:clean
2016-08-11 21:32:47,069 [main] INFO  o.e.m2e.actions.ExecutePomAction - Creating new launch configuration
2016-08-11 21:32:53,011 [Worker-19] INFO  o.e.m.i.launch.MavenLaunchDelegate - C:\Users\DavidHusen\workspace\Mars\SimpleWenbApp
2016-08-11 21:32:53,032 [Worker-19] INFO  o.e.m.i.launch.MavenLaunchDelegate -  mvn  -B eclipse:eclipse
2016-08-11 21:43:36,256 [main] INFO  o.e.m2e.actions.ExecutePomAction - Creating new launch configuration
2016-08-11 21:43:42,007 [Worker-26] INFO  o.e.m.i.launch.MavenLaunchDelegate - C:\Users\DavidHusen\workspace\Mars\SimpleWenbApp
2016-08-11 21:43:42,035 [Worker-26] INFO  o.e.m.i.launch.MavenLaunchDelegate -  mvn  -B eclipse:clean
2016-08-11 21:43:52,652 [main] INFO  o.e.m2e.actions.ExecutePomAction - Creating new launch configuration
2016-08-11 21:43:58,407 [Worker-19] INFO  o.e.m.i.launch.MavenLaunchDelegate - C:\Users\DavidHusen\workspace\Mars\SimpleWenbApp
2016-08-11 21:43:58,433 [Worker-19] INFO  o.e.m.i.launch.MavenLaunchDelegate -  mvn  -B eclipse:eclipse
2016-08-11 21:45:10,507 [main] INFO  o.e.m2e.actions.ExecutePomAction - Creating new launch configuration
2016-08-11 21:45:17,832 [Worker-25] INFO  o.e.m.i.launch.MavenLaunchDelegate - C:\Users\DavidHusen\workspace\Mars\SimpleWenbApp
2016-08-11 21:45:17,858 [Worker-25] INFO  o.e.m.i.launch.MavenLaunchDelegate -  mvn  -B compile
2016-08-11 21:45:30,492 [main] INFO  o.e.m2e.actions.ExecutePomAction - Creating new launch configuration
2016-08-11 21:45:32,688 [Worker-19] INFO  o.e.m.i.launch.MavenLaunchDelegate - C:\Users\DavidHusen\workspace\Mars\SimpleWenbApp
2016-08-11 21:45:32,711 [Worker-19] INFO  o.e.m.i.launch.MavenLaunchDelegate -  mvn  -B test
2016-08-11 21:45:45,544 [main] INFO  o.e.m2e.actions.ExecutePomAction - Creating new launch configuration
2016-08-11 21:45:52,137 [Worker-19] INFO  o.e.m.i.launch.MavenLaunchDelegate - C:\Users\DavidHusen\workspace\Mars\SimpleWenbApp
2016-08-11 21:45:52,164 [Worker-19] INFO  o.e.m.i.launch.MavenLaunchDelegate -  mvn  -B test:compile
2016-08-11 21:51:38,160 [Worker-5] INFO  o.e.m.i.launch.MavenLaunchDelegate - C:\Users\DavidHusen\workspace\Mars\SimpleApp
2016-08-11 21:51:38,161 [Worker-5] INFO  o.e.m.i.launch.MavenLaunchDelegate -  mvn  -B clean
2016-08-11 21:51:45,190 [Worker-5] INFO  o.e.m.i.launch.MavenLaunchDelegate - C:\Users\DavidHusen\workspace\Mars\SimpleApp
2016-08-11 21:51:45,212 [Worker-5] INFO  o.e.m.i.launch.MavenLaunchDelegate -  mvn  -B install
2016-08-11 21:52:04,667 [Worker-31] INFO  o.e.m.i.launch.MavenLaunchDelegate - C:\Users\DavidHusen\workspace\Mars\SimpleWenbApp
2016-08-11 21:52:04,667 [Worker-31] INFO  o.e.m.i.launch.MavenLaunchDelegate -  mvn  -B clean
2016-08-11 21:52:11,403 [main] INFO  o.e.m2e.actions.ExecutePomAction - Creating new launch configuration
2016-08-11 21:52:20,894 [Worker-32] INFO  o.e.m.i.launch.MavenLaunchDelegate - C:\Users\DavidHusen\workspace\Mars\SimpleWenbApp
2016-08-11 21:52:20,914 [Worker-32] INFO  o.e.m.i.launch.MavenLaunchDelegate -  mvn  -B eclipse:clean
2016-08-11 21:52:36,706 [Worker-31] INFO  o.e.m.i.launch.MavenLaunchDelegate - C:\Users\DavidHusen\workspace\Mars\SimpleWenbApp
2016-08-11 21:52:36,740 [Worker-31] INFO  o.e.m.i.launch.MavenLaunchDelegate -  mvn  -B clean
2016-08-11 21:52:50,890 [Worker-29] INFO  o.e.m.i.launch.MavenLaunchDelegate - C:\Users\DavidHusen\workspace\Mars\SimpleWenbApp
2016-08-11 21:52:50,908 [Worker-29] INFO  o.e.m.i.launch.MavenLaunchDelegate -  mvn  -B clean
2016-08-11 21:53:30,605 [Worker-33] INFO  o.e.m.i.launch.MavenLaunchDelegate - C:\Users\DavidHusen\workspace\Mars\SimpleWenbApp
2016-08-11 21:53:30,622 [Worker-33] INFO  o.e.m.i.launch.MavenLaunchDelegate -  mvn  -B clean
2016-08-11 21:53:43,309 [Worker-29] INFO  o.e.m.i.launch.MavenLaunchDelegate - C:\Users\DavidHusen\workspace\Mars\SimpleWenbApp
2016-08-11 21:53:43,335 [Worker-29] INFO  o.e.m.i.launch.MavenLaunchDelegate -  mvn  -B install
2016-08-11 21:54:01,508 [main] INFO  o.e.m2e.actions.ExecutePomAction - Creating new launch configuration
2016-08-11 21:54:08,461 [Worker-19] INFO  o.e.m.i.launch.MavenLaunchDelegate - C:\Users\DavidHusen\workspace\Mars\SimpleWenbApp
2016-08-11 21:54:08,478 [Worker-19] INFO  o.e.m.i.launch.MavenLaunchDelegate -  mvn  -B maven:clean
2016-08-11 22:01:50,512 [Worker-26] INFO  o.e.m.i.launch.MavenLaunchDelegate - C:\Users\DavidHusen\workspace\Mars\SimpleWenbApp
2016-08-11 22:01:50,512 [Worker-26] INFO  o.e.m.i.launch.MavenLaunchDelegate -  mvn  -B clean
2016-08-11 22:01:58,440 [Worker-34] INFO  o.e.m.i.launch.MavenLaunchDelegate - C:\Users\DavidHusen\workspace\Mars\SimpleWenbApp
2016-08-11 22:01:58,455 [Worker-34] INFO  o.e.m.i.launch.MavenLaunchDelegate -  mvn  -B install
2016-08-11 22:02:10,917 [main] INFO  o.e.m2e.actions.ExecutePomAction - Creating new launch configuration
2016-08-11 22:02:18,954 [Worker-26] INFO  o.e.m.i.launch.MavenLaunchDelegate - C:\Users\DavidHusen\workspace\Mars\SimpleWenbApp
2016-08-11 22:02:18,971 [Worker-26] INFO  o.e.m.i.launch.MavenLaunchDelegate -  mvn  -B eclipse:clean
2016-08-11 22:02:38,643 [main] INFO  o.e.m2e.actions.ExecutePomAction - Creating new launch configuration
2016-08-11 22:02:46,318 [Worker-31] INFO  o.e.m.i.launch.MavenLaunchDelegate - C:\Users\DavidHusen\workspace\Mars\SimpleWenbApp
2016-08-11 22:02:46,417 [Worker-31] INFO  o.e.m.i.launch.MavenLaunchDelegate -  mvn  -B eclipse:eclipse
2016-08-11 22:02:59,977 [main] INFO  o.e.m2e.actions.ExecutePomAction - Creating new launch configuration
2016-08-11 22:03:05,816 [Worker-31] INFO  o.e.m.i.launch.MavenLaunchDelegate - C:\Users\DavidHusen\workspace\Mars\SimpleWenbApp
2016-08-11 22:03:05,832 [Worker-31] INFO  o.e.m.i.launch.MavenLaunchDelegate -  mvn  -B install
2016-08-11 22:52:54,352 [Worker-16] INFO  o.e.m.c.i.p.ProjectConfigurationManager - Collecting project info '/pom.xml' C:\Users\DavidHusen\workspace\Mars\SimpleWebApp\pom.xml
2016-08-11 22:53:00,801 [Worker-16] INFO  o.e.m.c.i.l.LifecycleMappingFactory - Using org.maven.ide.eclipse.wtp.WarLifecycleMapping lifecycle mapping for MavenProject: com.web.app:SimpleWebApp:0.0.1-SNAPSHOT @ C:\Users\DavidHusen\workspace\Mars\SimpleWebApp\pom.xml.
2016-08-11 22:53:03,293 [Worker-16] INFO  o.e.m.j.i.AbstractJavaProjectConfigurator - Adding source folder /SimpleWebApp/src/main/java
2016-08-11 22:53:03,294 [Worker-16] INFO  o.e.m.j.i.AbstractJavaProjectConfigurator - Adding resource folder /SimpleWebApp/src/main/resources
2016-08-11 22:53:03,295 [Worker-16] INFO  o.e.m.j.i.AbstractJavaProjectConfigurator - Adding source folder /SimpleWebApp/src/test/java
2016-08-11 22:53:08,722 [Worker-16] INFO  o.e.m.c.i.p.ProjectConfigurationManager - Imported and configured 1 project(s) in 14 sec
2016-08-11 22:59:19,595 [Worker-3] INFO  o.e.m.i.launch.MavenLaunchDelegate - C:\Users\DavidHusen\workspace\Mars\SimpleWebApp
2016-08-11 22:59:19,597 [Worker-3] INFO  o.e.m.i.launch.MavenLaunchDelegate -  mvn  -B clean
2016-08-11 22:59:35,785 [Worker-17] INFO  o.e.m.i.launch.MavenLaunchDelegate - C:\Users\DavidHusen\workspace\Mars\SimpleWebApp
2016-08-11 22:59:35,786 [Worker-17] INFO  o.e.m.i.launch.MavenLaunchDelegate -  mvn  -B test
2016-08-11 23:11:09,808 [main] INFO  o.e.m2e.actions.ExecutePomAction - Creating new launch configuration
2016-08-11 23:11:17,577 [Worker-5] INFO  o.e.m.i.launch.MavenLaunchDelegate - C:\Users\DavidHusen\workspace\Mars\SimpleWebApp
2016-08-11 23:11:17,578 [Worker-5] INFO  o.e.m.i.launch.MavenLaunchDelegate -  mvn  -B eclipse:clean
2016-08-11 23:11:37,944 [main] INFO  o.e.m2e.actions.ExecutePomAction - Creating new launch configuration
2016-08-11 23:11:44,389 [Worker-12] INFO  o.e.m.i.launch.MavenLaunchDelegate - C:\Users\DavidHusen\workspace\Mars\SimpleWebApp
2016-08-11 23:11:44,389 [Worker-12] INFO  o.e.m.i.launch.MavenLaunchDelegate -  mvn  -B eclipse:eclipse
2016-08-11 23:18:20,523 [Worker-24] INFO  o.e.m.i.launch.MavenLaunchDelegate - C:\Users\DavidHusen\workspace\Mars\SimpleWebApp
2016-08-11 23:18:20,524 [Worker-24] INFO  o.e.m.i.launch.MavenLaunchDelegate -  mvn  -B clean
2016-08-11 23:18:31,837 [main] INFO  o.e.m2e.actions.ExecutePomAction - Creating new launch configuration
2016-08-11 23:18:39,605 [Worker-3] INFO  o.e.m.i.launch.MavenLaunchDelegate - C:\Users\DavidHusen\workspace\Mars\SimpleWebApp
2016-08-11 23:18:39,621 [Worker-3] INFO  o.e.m.i.launch.MavenLaunchDelegate -  mvn  -B eclipse:clean
2016-08-11 23:18:56,671 [main] INFO  o.e.m2e.actions.ExecutePomAction - Creating new launch configuration
2016-08-11 23:19:04,470 [Worker-12] INFO  o.e.m.i.launch.MavenLaunchDelegate - C:\Users\DavidHusen\workspace\Mars\SimpleWebApp
2016-08-11 23:19:04,488 [Worker-12] INFO  o.e.m.i.launch.MavenLaunchDelegate -  mvn  -B eclipse:eclipse
2016-08-11 23:19:17,162 [main] INFO  o.e.m2e.actions.ExecutePomAction - Creating new launch configuration
2016-08-11 23:19:23,439 [Worker-3] INFO  o.e.m.i.launch.MavenLaunchDelegate - C:\Users\DavidHusen\workspace\Mars\SimpleWebApp
2016-08-11 23:19:23,457 [Worker-3] INFO  o.e.m.i.launch.MavenLaunchDelegate -  mvn  -B install
2016-08-11 23:20:04,864 [Worker-0] INFO  o.e.m.i.launch.MavenLaunchDelegate - C:\Users\DavidHusen\workspace\Mars\SimpleWebApp
2016-08-11 23:20:04,881 [Worker-0] INFO  o.e.m.i.launch.MavenLaunchDelegate -  mvn  -B clean
2016-08-11 23:20:19,042 [Worker-26] INFO  o.e.m.i.launch.MavenLaunchDelegate - C:\Users\DavidHusen\workspace\Mars\SimpleWebApp
2016-08-11 23:20:19,057 [Worker-26] INFO  o.e.m.i.launch.MavenLaunchDelegate -  mvn  -B install
2016-08-11 23:21:03,587 [Worker-12] INFO  o.e.m.i.launch.MavenLaunchDelegate - C:\Users\DavidHusen\workspace\Mars\SimpleWebApp
2016-08-11 23:21:03,611 [Worker-12] INFO  o.e.m.i.launch.MavenLaunchDelegate -  mvn  -B eclipse:clean
2016-08-11 23:21:20,701 [Worker-25] INFO  o.e.m.i.launch.MavenLaunchDelegate - C:\Users\DavidHusen\workspace\Mars\SimpleWebApp
2016-08-11 23:21:20,714 [Worker-25] INFO  o.e.m.i.launch.MavenLaunchDelegate -  mvn  -B eclipse:eclipse
2016-08-11 23:21:35,692 [Worker-3] INFO  o.e.m.i.launch.MavenLaunchDelegate - C:\Users\DavidHusen\workspace\Mars\SimpleWebApp
2016-08-11 23:21:35,705 [Worker-3] INFO  o.e.m.i.launch.MavenLaunchDelegate -  mvn  -B install
2016-08-11 23:22:18,198 [main] INFO  o.e.m2e.actions.ExecutePomAction - Creating new launch configuration
2016-08-11 23:22:25,104 [Worker-24] INFO  o.e.m.i.launch.MavenLaunchDelegate - C:\Users\DavidHusen\workspace\Mars\SimpleWebApp
2016-08-11 23:22:25,120 [Worker-24] INFO  o.e.m.i.launch.MavenLaunchDelegate -  mvn  -B eclipse:clean
2016-08-11 23:22:38,018 [main] INFO  o.e.m2e.actions.ExecutePomAction - Creating new launch configuration
2016-08-11 23:22:44,009 [Worker-0] INFO  o.e.m.i.launch.MavenLaunchDelegate - C:\Users\DavidHusen\workspace\Mars\SimpleWebApp
2016-08-11 23:22:44,025 [Worker-0] INFO  o.e.m.i.launch.MavenLaunchDelegate -  mvn  -B eclipse:eclipse
2016-08-11 23:24:21,115 [Worker-0] INFO  o.e.m.i.launch.MavenLaunchDelegate - C:\Users\DavidHusen\workspace\Mars\SimpleWebApp
2016-08-11 23:24:21,139 [Worker-0] INFO  o.e.m.i.launch.MavenLaunchDelegate -  mvn  -B clean
2016-08-11 23:25:02,679 [main] INFO  o.e.m2e.actions.ExecutePomAction - Creating new launch configuration
2016-08-11 23:25:06,633 [Worker-12] INFO  o.e.m.i.launch.MavenLaunchDelegate - C:\Users\DavidHusen\workspace\Mars\SimpleWebApp
2016-08-11 23:25:06,652 [Worker-12] INFO  o.e.m.i.launch.MavenLaunchDelegate -  mvn  -B install
2016-08-11 23:28:24,906 [main] INFO  o.e.m2e.actions.ExecutePomAction - Creating new launch configuration
2016-08-11 23:28:32,047 [Worker-27] INFO  o.e.m.i.launch.MavenLaunchDelegate - C:\Users\DavidHusen\workspace\Mars\SimpleWebApp
2016-08-11 23:28:32,065 [Worker-27] INFO  o.e.m.i.launch.MavenLaunchDelegate -  mvn  -B eclipse:clean
2016-08-11 23:28:48,377 [main] INFO  o.e.m2e.actions.ExecutePomAction - Creating new launch configuration
2016-08-11 23:28:55,706 [Worker-25] INFO  o.e.m.i.launch.MavenLaunchDelegate - C:\Users\DavidHusen\workspace\Mars\SimpleWebApp
2016-08-11 23:28:55,723 [Worker-25] INFO  o.e.m.i.launch.MavenLaunchDelegate -  mvn  -B eclipse:eclipse
2016-08-11 23:35:16,708 [main] INFO  o.e.m2e.actions.ExecutePomAction - Creating new launch configuration
2016-08-11 23:35:22,728 [Worker-28] INFO  o.e.m.i.launch.MavenLaunchDelegate - C:\Users\DavidHusen\workspace\Mars\SimpleApp
2016-08-11 23:35:22,749 [Worker-28] INFO  o.e.m.i.launch.MavenLaunchDelegate -  mvn  -B eclipse:eclipse
2016-08-11 23:36:10,374 [Worker-12] INFO  o.e.m.c.i.p.ProjectConfigurationManager - Collecting project info '/pom.xml' C:\Users\DavidHusen\workspace\Mars\adsd\pom.xml
2016-08-11 23:36:11,086 [Worker-12] INFO  o.e.m.c.i.l.LifecycleMappingFactory - Using org.eclipse.m2e.jdt.JarLifecycleMapping lifecycle mapping for MavenProject: com.web.app:adsd:0.0.1-SNAPSHOT @ C:\Users\DavidHusen\workspace\Mars\adsd\pom.xml.
2016-08-11 23:36:12,610 [Worker-12] INFO  o.e.m.j.i.AbstractJavaProjectConfigurator - Adding source folder /adsd/src/main/java
2016-08-11 23:36:12,640 [Worker-12] INFO  o.e.m.j.i.AbstractJavaProjectConfigurator - Adding source folder /adsd/src/test/java
2016-08-11 23:36:12,818 [Worker-12] INFO  o.e.m.c.i.p.ProjectConfigurationManager - Imported and configured 1 project(s) in 2 sec
2016-08-11 23:37:00,376 [main] INFO  o.e.m2e.actions.ExecutePomAction - Creating new launch configuration
2016-08-11 23:37:07,836 [Worker-11] INFO  o.e.m.i.launch.MavenLaunchDelegate - C:\Users\DavidHusen\workspace\Mars\adsd
2016-08-11 23:37:07,852 [Worker-11] INFO  o.e.m.i.launch.MavenLaunchDelegate -  mvn  -B eclipse:eclipse
2016-08-11 23:37:24,277 [main] INFO  o.e.m2e.actions.ExecutePomAction - Creating new launch configuration
2016-08-11 23:37:30,806 [Worker-25] INFO  o.e.m.i.launch.MavenLaunchDelegate - C:\Users\DavidHusen\workspace\Mars\adsd
2016-08-11 23:37:30,824 [Worker-25] INFO  o.e.m.i.launch.MavenLaunchDelegate -  mvn  -B eclipse:clean
2016-08-11 23:37:44,808 [Worker-12] INFO  o.e.m.i.launch.MavenLaunchDelegate - C:\Users\DavidHusen\workspace\Mars\adsd
2016-08-11 23:37:44,808 [Worker-12] INFO  o.e.m.i.launch.MavenLaunchDelegate -  mvn  -B install
2016-08-11 23:48:02,811 [main] INFO  o.e.m2e.actions.ExecutePomAction - Creating new launch configuration
2016-08-11 23:48:20,320 [Worker-31] INFO  o.e.m.i.launch.MavenLaunchDelegate - C:\Users\DavidHusen\workspace\Mars\SimpleWebApp
2016-08-11 23:48:20,339 [Worker-31] INFO  o.e.m.i.launch.MavenLaunchDelegate -  mvn  -B eclipse:eclipse
2016-08-11 23:49:34,880 [Worker-25] INFO  o.e.m.i.launch.MavenLaunchDelegate - C:\Users\DavidHusen\workspace\Mars\SimpleWebApp
2016-08-11 23:49:34,912 [Worker-25] INFO  o.e.m.i.launch.MavenLaunchDelegate -  mvn  -B clean
2016-08-11 23:51:00,270 [Worker-3] INFO  o.e.m.i.launch.MavenLaunchDelegate - C:\Users\DavidHusen\workspace\Mars\SimpleWebApp
2016-08-11 23:51:00,289 [Worker-3] INFO  o.e.m.i.launch.MavenLaunchDelegate -  mvn  -B clean
2016-08-12 08:54:19,012 [Worker-6] INFO  o.e.m.c.i.p.ProjectConfigurationManager - Collecting project info '/pom.xml' C:\Users\DavidHusen\workspace\Mars\SimpleWebAppp\pom.xml
2016-08-12 08:54:31,805 [Worker-6] INFO  o.e.m.c.i.l.LifecycleMappingFactory - Using org.maven.ide.eclipse.wtp.WarLifecycleMapping lifecycle mapping for MavenProject: com.web.app:SimpleWebAppp:0.1 @ C:\Users\DavidHusen\workspace\Mars\SimpleWebAppp\pom.xml.
2016-08-12 08:54:38,339 [Worker-6] INFO  o.e.m.j.i.AbstractJavaProjectConfigurator - Adding source folder /SimpleWebAppp/src/main/java
2016-08-12 08:54:38,341 [Worker-6] INFO  o.e.m.j.i.AbstractJavaProjectConfigurator - Adding resource folder /SimpleWebAppp/src/main/resources
2016-08-12 08:54:38,342 [Worker-6] INFO  o.e.m.j.i.AbstractJavaProjectConfigurator - Adding source folder /SimpleWebAppp/src/test/java
2016-08-12 08:54:43,876 [Worker-6] INFO  o.e.m.c.i.p.ProjectConfigurationManager - Imported and configured 1 project(s) in 24 sec
2016-08-12 09:07:19,793 [Worker-13] INFO  o.e.m.c.i.p.ProjectConfigurationManager - Update started
2016-08-12 09:07:25,432 [Worker-13] INFO  o.e.m.c.i.l.LifecycleMappingFactory - Using org.maven.ide.eclipse.wtp.WarLifecycleMapping lifecycle mapping for MavenProject: com.web.app:SimpleWebAppp:0.1 @ C:\Users\DavidHusen\workspace\Mars\SimpleWebAppp\pom.xml.
2016-08-12 09:07:27,745 [Worker-13] INFO  o.e.m.j.i.AbstractJavaProjectConfigurator - Adding source folder /SimpleWebAppp/src/main/java
2016-08-12 09:07:27,746 [Worker-13] INFO  o.e.m.j.i.AbstractJavaProjectConfigurator - Adding resource folder /SimpleWebAppp/src/main/resources
2016-08-12 09:07:27,747 [Worker-13] INFO  o.e.m.j.i.AbstractJavaProjectConfigurator - Adding source folder /SimpleWebAppp/src/test/java
2016-08-12 09:07:30,031 [Worker-0] INFO  o.e.m.c.i.e.AbstractTransferListenerAdapter - Downloading https://repo.maven.apache.org/maven2/javax/servlet/servlet-api/3.0-alpha-1/servlet-api-3.0-alpha-1-sources.jar
2016-08-12 09:07:31,384 [Worker-0] INFO  o.e.m.c.i.e.AbstractTransferListenerAdapter - Downloaded https://repo.maven.apache.org/maven2/javax/servlet/servlet-api/3.0-alpha-1/servlet-api-3.0-alpha-1-sources.jar
2016-08-12 09:07:31,833 [Worker-0] INFO  o.e.m.j.internal.DownloadSourcesJob - Downloaded sources for javax.servlet:servlet-api:3.0-alpha-1
2016-08-12 09:07:32,078 [Worker-0] INFO  o.e.m.c.i.e.AbstractTransferListenerAdapter - Downloading https://repo.maven.apache.org/maven2/junit/junit/3.8.1/junit-3.8.1-sources.jar
2016-08-12 09:07:33,723 [Worker-0] INFO  o.e.m.c.i.e.AbstractTransferListenerAdapter - Downloaded https://repo.maven.apache.org/maven2/junit/junit/3.8.1/junit-3.8.1-sources.jar
2016-08-12 09:07:33,978 [Worker-0] INFO  o.e.m.j.internal.DownloadSourcesJob - Downloaded sources for junit:junit:3.8.1
2016-08-12 09:07:34,625 [Worker-13] INFO  o.e.m.w.i.f.ResourceFilteringBuildParticipant - Cleaning filtered folder for SimpleWebAppp
2016-08-12 09:07:34,631 [Worker-13] INFO  o.e.m.c.i.p.ProjectConfigurationManager - Update completed: 14 sec
2016-08-12 09:07:36,553 [main] INFO  o.e.m2e.actions.ExecutePomAction - Creating new launch configuration
2016-08-12 09:07:44,636 [Worker-13] INFO  o.e.m.i.launch.MavenLaunchDelegate - C:\Users\DavidHusen\workspace\Mars\SimpleWebAppp
2016-08-12 09:07:44,645 [Worker-13] INFO  o.e.m.i.launch.MavenLaunchDelegate -  mvn  -B eclisep:clean
2016-08-12 09:08:00,547 [main] INFO  o.e.m2e.actions.ExecutePomAction - Creating new launch configuration
2016-08-12 09:08:10,706 [Worker-20] INFO  o.e.m.i.launch.MavenLaunchDelegate - C:\Users\DavidHusen\workspace\Mars\SimpleWebAppp
2016-08-12 09:08:10,714 [Worker-20] INFO  o.e.m.i.launch.MavenLaunchDelegate -  mvn  -B eclipse:clean
2016-08-12 09:08:20,361 [main] INFO  o.e.m2e.actions.ExecutePomAction - Creating new launch configuration
2016-08-12 09:08:27,943 [Worker-21] INFO  o.e.m.i.launch.MavenLaunchDelegate - C:\Users\DavidHusen\workspace\Mars\SimpleWebAppp
2016-08-12 09:08:27,966 [Worker-21] INFO  o.e.m.i.launch.MavenLaunchDelegate -  mvn  -B eclipse:eclipse
2016-08-12 10:22:46,084 [Worker-21] INFO  o.e.m.i.launch.MavenLaunchDelegate - C:\Users\DavidHusen\workspace\Mars\SimpleWebAppp
2016-08-12 10:22:46,464 [Worker-21] INFO  o.e.m.i.launch.MavenLaunchDelegate -  mvn  -B tomcat:run
2016-08-12 10:24:19,348 [Worker-18] INFO  o.e.m.i.launch.MavenLaunchDelegate - C:\Users\DavidHusen\workspace\Mars\SimpleWebAppp
2016-08-12 10:24:19,349 [Worker-18] INFO  o.e.m.i.launch.MavenLaunchDelegate -  mvn  -B tomcat:run
2016-08-12 10:30:40,388 [Worker-20] INFO  o.e.m.i.launch.MavenLaunchDelegate - C:\Users\DavidHusen\workspace\Mars\SimpleWebAppp
2016-08-12 10:30:40,389 [Worker-20] INFO  o.e.m.i.launch.MavenLaunchDelegate -  mvn  -B tomcat:run
2016-08-12 10:31:21,394 [main] INFO  o.e.m2e.actions.ExecutePomAction - Creating new launch configuration
2016-08-12 10:31:28,697 [Worker-21] INFO  o.e.m.i.launch.MavenLaunchDelegate - C:\Users\DavidHusen\workspace\Mars\SimpleWebAppp
2016-08-12 10:31:28,699 [Worker-21] INFO  o.e.m.i.launch.MavenLaunchDelegate -  mvn  -B compile
2016-08-12 10:32:44,486 [Worker-21] INFO  o.e.m.c.i.e.AbstractTransferListenerAdapter - Downloading https://repo.maven.apache.org/maven2/io/takari/m2e/workspace/org.eclipse.m2e.workspace.cli/0.3.1/org.eclipse.m2e.workspace.cli-0.3.1-sources.jar
2016-08-12 10:32:44,907 [Worker-21] INFO  o.e.m.c.i.e.AbstractTransferListenerAdapter - Downloaded https://repo.maven.apache.org/maven2/io/takari/m2e/workspace/org.eclipse.m2e.workspace.cli/0.3.1/org.eclipse.m2e.workspace.cli-0.3.1-sources.jar
2016-08-12 10:32:46,627 [Worker-21] INFO  o.e.m.c.i.e.AbstractTransferListenerAdapter - Downloading https://repo.maven.apache.org/maven2/org/codehaus/plexus/plexus-classworlds/2.5.2/plexus-classworlds-2.5.2-sources.jar
2016-08-12 10:32:47,704 [Worker-21] INFO  o.e.m.c.i.e.AbstractTransferListenerAdapter - Downloaded https://repo.maven.apache.org/maven2/org/codehaus/plexus/plexus-classworlds/2.5.2/plexus-classworlds-2.5.2-sources.jar
2016-08-12 10:32:48,324 [Worker-21] INFO  o.e.m.c.i.e.AbstractTransferListenerAdapter - Downloading https://repo.maven.apache.org/maven2/org/apache/maven/maven-core/3.3.3/maven-core-3.3.3-sources.jar
2016-08-12 10:32:52,011 [Worker-21] INFO  o.e.m.c.i.e.AbstractTransferListenerAdapter - Downloaded https://repo.maven.apache.org/maven2/org/apache/maven/maven-core/3.3.3/maven-core-3.3.3-sources.jar
2016-08-12 10:32:52,441 [Worker-21] INFO  o.e.m.c.i.e.AbstractTransferListenerAdapter - Downloading https://repo.maven.apache.org/maven2/org/apache/maven/maven-model/3.3.3/maven-model-3.3.3-sources.jar
2016-08-12 10:32:53,651 [Worker-21] INFO  o.e.m.c.i.e.AbstractTransferListenerAdapter - Downloaded https://repo.maven.apache.org/maven2/org/apache/maven/maven-model/3.3.3/maven-model-3.3.3-sources.jar
2016-08-12 10:32:53,989 [Worker-21] INFO  o.e.m.c.i.e.AbstractTransferListenerAdapter - Downloading https://repo.maven.apache.org/maven2/org/apache/maven/maven-settings/3.3.3/maven-settings-3.3.3-sources.jar
2016-08-12 10:32:54,763 [Worker-21] INFO  o.e.m.c.i.e.AbstractTransferListenerAdapter - Downloaded https://repo.maven.apache.org/maven2/org/apache/maven/maven-settings/3.3.3/maven-settings-3.3.3-sources.jar
2016-08-12 10:32:55,120 [Worker-21] INFO  o.e.m.c.i.e.AbstractTransferListenerAdapter - Downloading https://repo.maven.apache.org/maven2/org/apache/maven/maven-settings-builder/3.3.3/maven-settings-builder-3.3.3-sources.jar
2016-08-12 10:32:55,803 [Worker-21] INFO  o.e.m.c.i.e.AbstractTransferListenerAdapter - Downloaded https://repo.maven.apache.org/maven2/org/apache/maven/maven-settings-builder/3.3.3/maven-settings-builder-3.3.3-sources.jar
2016-08-12 10:32:56,215 [Worker-21] INFO  o.e.m.c.i.e.AbstractTransferListenerAdapter - Downloading https://repo.maven.apache.org/maven2/org/apache/maven/maven-builder-support/3.3.3/maven-builder-support-3.3.3-sources.jar
2016-08-12 10:32:56,625 [Worker-21] INFO  o.e.m.c.i.e.AbstractTransferListenerAdapter - Downloaded https://repo.maven.apache.org/maven2/org/apache/maven/maven-builder-support/3.3.3/maven-builder-support-3.3.3-sources.jar
2016-08-12 10:32:57,127 [Worker-21] INFO  o.e.m.c.i.e.AbstractTransferListenerAdapter - Downloading https://repo.maven.apache.org/maven2/org/apache/maven/maven-repository-metadata/3.3.3/maven-repository-metadata-3.3.3-sources.jar
2016-08-12 10:32:57,468 [Worker-21] INFO  o.e.m.c.i.e.AbstractTransferListenerAdapter - Downloaded https://repo.maven.apache.org/maven2/org/apache/maven/maven-repository-metadata/3.3.3/maven-repository-metadata-3.3.3-sources.jar
2016-08-12 10:32:57,854 [Worker-21] INFO  o.e.m.c.i.e.AbstractTransferListenerAdapter - Downloading https://repo.maven.apache.org/maven2/org/apache/maven/maven-artifact/3.3.3/maven-artifact-3.3.3-sources.jar
2016-08-12 10:32:58,756 [Worker-21] INFO  o.e.m.c.i.e.AbstractTransferListenerAdapter - Downloaded https://repo.maven.apache.org/maven2/org/apache/maven/maven-artifact/3.3.3/maven-artifact-3.3.3-sources.jar
2016-08-12 10:32:59,323 [Worker-21] INFO  o.e.m.c.i.e.AbstractTransferListenerAdapter - Downloading https://repo.maven.apache.org/maven2/org/apache/maven/maven-plugin-api/3.3.3/maven-plugin-api-3.3.3-sources.jar
2016-08-12 10:33:00,020 [Worker-21] INFO  o.e.m.c.i.e.AbstractTransferListenerAdapter - Downloaded https://repo.maven.apache.org/maven2/org/apache/maven/maven-plugin-api/3.3.3/maven-plugin-api-3.3.3-sources.jar
2016-08-12 10:33:00,436 [Worker-21] INFO  o.e.m.c.i.e.AbstractTransferListenerAdapter - Downloading https://repo.maven.apache.org/maven2/org/apache/maven/maven-model-builder/3.3.3/maven-model-builder-3.3.3-sources.jar
2016-08-12 10:33:01,732 [Worker-21] INFO  o.e.m.c.i.e.AbstractTransferListenerAdapter - Downloaded https://repo.maven.apache.org/maven2/org/apache/maven/maven-model-builder/3.3.3/maven-model-builder-3.3.3-sources.jar
2016-08-12 10:33:02,115 [Worker-21] INFO  o.e.m.c.i.e.AbstractTransferListenerAdapter - Downloading https://repo.maven.apache.org/maven2/org/apache/maven/maven-aether-provider/3.3.3/maven-aether-provider-3.3.3-sources.jar
2016-08-12 10:33:02,761 [Worker-21] INFO  o.e.m.c.i.e.AbstractTransferListenerAdapter - Downloaded https://repo.maven.apache.org/maven2/org/apache/maven/maven-aether-provider/3.3.3/maven-aether-provider-3.3.3-sources.jar
2016-08-12 10:33:03,185 [Worker-21] INFO  o.e.m.c.i.e.AbstractTransferListenerAdapter - Downloading https://repo.maven.apache.org/maven2/org/eclipse/aether/aether-api/1.0.2.v20150114/aether-api-1.0.2.v20150114-sources.jar
2016-08-12 10:33:03,299 [main] INFO  o.e.m2e.actions.ExecutePomAction - Creating new launch configuration
2016-08-12 10:33:05,095 [Worker-21] INFO  o.e.m.c.i.e.AbstractTransferListenerAdapter - Downloaded https://repo.maven.apache.org/maven2/org/eclipse/aether/aether-api/1.0.2.v20150114/aether-api-1.0.2.v20150114-sources.jar
2016-08-12 10:33:05,527 [Worker-21] INFO  o.e.m.c.i.e.AbstractTransferListenerAdapter - Downloading https://repo.maven.apache.org/maven2/org/eclipse/aether/aether-util/1.0.2.v20150114/aether-util-1.0.2.v20150114-sources.jar
2016-08-12 10:33:05,823 [Worker-23] INFO  o.e.m.i.launch.MavenLaunchDelegate - C:\Users\DavidHusen\workspace\Mars\SimpleWebAppp
2016-08-12 10:33:05,831 [Worker-23] INFO  o.e.m.i.launch.MavenLaunchDelegate -  mvn  -B test
2016-08-12 10:33:12,007 [Worker-21] INFO  o.e.m.c.i.e.AbstractTransferListenerAdapter - Downloaded https://repo.maven.apache.org/maven2/org/eclipse/aether/aether-util/1.0.2.v20150114/aether-util-1.0.2.v20150114-sources.jar
2016-08-12 10:33:12,583 [Worker-21] INFO  o.e.m.c.i.e.AbstractTransferListenerAdapter - Downloading https://repo.maven.apache.org/maven2/org/codehaus/plexus/plexus-interpolation/1.21/plexus-interpolation-1.21-sources.jar
2016-08-12 10:33:15,295 [Worker-21] INFO  o.e.m.c.i.e.AbstractTransferListenerAdapter - Downloaded https://repo.maven.apache.org/maven2/org/codehaus/plexus/plexus-interpolation/1.21/plexus-interpolation-1.21-sources.jar
2016-08-12 10:33:15,819 [Worker-21] INFO  o.e.m.c.i.e.AbstractTransferListenerAdapter - Downloading https://repo.maven.apache.org/maven2/org/codehaus/plexus/plexus-utils/3.0.20/plexus-utils-3.0.20-sources.jar
2016-08-12 10:33:20,823 [Worker-21] INFO  o.e.m.c.i.e.AbstractTransferListenerAdapter - Downloaded https://repo.maven.apache.org/maven2/org/codehaus/plexus/plexus-utils/3.0.20/plexus-utils-3.0.20-sources.jar
2016-08-12 10:33:21,346 [Worker-21] INFO  o.e.m.c.i.e.AbstractTransferListenerAdapter - Downloading https://repo.maven.apache.org/maven2/org/apache/maven/maven-embedder/3.3.3/maven-embedder-3.3.3-sources.jar
2016-08-12 10:33:22,849 [Worker-21] INFO  o.e.m.c.i.e.AbstractTransferListenerAdapter - Downloaded https://repo.maven.apache.org/maven2/org/apache/maven/maven-embedder/3.3.3/maven-embedder-3.3.3-sources.jar
2016-08-12 10:33:23,828 [Worker-21] INFO  o.e.m.c.i.e.AbstractTransferListenerAdapter - Downloading https://repo.maven.apache.org/maven2/org/apache/maven/maven-compat/3.3.3/maven-compat-3.3.3-sources.jar
2016-08-12 10:33:28,067 [Worker-21] INFO  o.e.m.c.i.e.AbstractTransferListenerAdapter - Downloaded https://repo.maven.apache.org/maven2/org/apache/maven/maven-compat/3.3.3/maven-compat-3.3.3-sources.jar
2016-08-12 10:33:28,458 [Worker-21] INFO  o.e.m.c.i.e.AbstractTransferListenerAdapter - Downloading https://repo.maven.apache.org/maven2/org/apache/maven/wagon/wagon-provider-api/2.9/wagon-provider-api-2.9-sources.jar
2016-08-12 10:33:30,125 [Worker-21] INFO  o.e.m.c.i.e.AbstractTransferListenerAdapter - Downloaded https://repo.maven.apache.org/maven2/org/apache/maven/wagon/wagon-provider-api/2.9/wagon-provider-api-2.9-sources.jar
2016-08-12 10:33:30,711 [Worker-21] INFO  o.e.m.c.i.e.AbstractTransferListenerAdapter - Downloading https://repo.maven.apache.org/maven2/com/google/guava/guava/18.0/guava-18.0-sources.jar
2016-08-12 10:34:00,104 [Worker-21] INFO  o.e.m.c.i.e.AbstractTransferListenerAdapter - Downloaded https://repo.maven.apache.org/maven2/com/google/guava/guava/18.0/guava-18.0-sources.jar
2016-08-12 10:34:00,698 [Worker-21] INFO  o.e.m.c.i.e.AbstractTransferListenerAdapter - Downloading https://repo.maven.apache.org/maven2/org/eclipse/aether/aether-impl/1.0.2.v20150114/aether-impl-1.0.2.v20150114-sources.jar
2016-08-12 10:34:02,230 [Worker-21] INFO  o.e.m.c.i.e.AbstractTransferListenerAdapter - Downloaded https://repo.maven.apache.org/maven2/org/eclipse/aether/aether-impl/1.0.2.v20150114/aether-impl-1.0.2.v20150114-sources.jar
2016-08-12 10:34:02,574 [Worker-21] INFO  o.e.m.c.i.e.AbstractTransferListenerAdapter - Downloading https://repo.maven.apache.org/maven2/org/eclipse/aether/aether-spi/1.0.2.v20150114/aether-spi-1.0.2.v20150114-sources.jar
2016-08-12 10:34:03,467 [Worker-21] INFO  o.e.m.c.i.e.AbstractTransferListenerAdapter - Downloaded https://repo.maven.apache.org/maven2/org/eclipse/aether/aether-spi/1.0.2.v20150114/aether-spi-1.0.2.v20150114-sources.jar
2016-08-12 10:34:03,810 [Worker-21] INFO  o.e.m.c.i.e.AbstractTransferListenerAdapter - Downloading https://repo.maven.apache.org/maven2/io/takari/aether/aether-connector-okhttp/0.15.0/aether-connector-okhttp-0.15.0-sources.jar
2016-08-12 10:34:04,252 [Worker-21] INFO  o.e.m.c.i.e.AbstractTransferListenerAdapter - Downloaded https://repo.maven.apache.org/maven2/io/takari/aether/aether-connector-okhttp/0.15.0/aether-connector-okhttp-0.15.0-sources.jar
2016-08-12 10:34:04,681 [Worker-21] INFO  o.e.m.c.i.e.AbstractTransferListenerAdapter - Downloading https://repo.maven.apache.org/maven2/com/squareup/okhttp/okhttp/2.3.0/okhttp-2.3.0-sources.jar
2016-08-12 10:34:06,817 [Worker-21] INFO  o.e.m.c.i.e.AbstractTransferListenerAdapter - Downloaded https://repo.maven.apache.org/maven2/com/squareup/okhttp/okhttp/2.3.0/okhttp-2.3.0-sources.jar
2016-08-12 10:34:07,290 [Worker-21] INFO  o.e.m.c.i.e.AbstractTransferListenerAdapter - Downloading https://repo.maven.apache.org/maven2/com/squareup/okio/okio/1.3.0/okio-1.3.0-sources.jar
2016-08-12 10:34:07,920 [Worker-21] INFO  o.e.m.c.i.e.AbstractTransferListenerAdapter - Downloaded https://repo.maven.apache.org/maven2/com/squareup/okio/okio/1.3.0/okio-1.3.0-sources.jar
2016-08-12 10:34:09,106 [Worker-21] INFO  o.e.m.c.i.e.AbstractTransferListenerAdapter - Downloading https://repo.maven.apache.org/maven2/org/eclipse/aether/aether-connector-basic/1.0.2.v20150114/aether-connector-basic-1.0.2.v20150114-sources.jar
2016-08-12 10:34:09,417 [Worker-21] INFO  o.e.m.c.i.e.AbstractTransferListenerAdapter - Downloaded https://repo.maven.apache.org/maven2/org/eclipse/aether/aether-connector-basic/1.0.2.v20150114/aether-connector-basic-1.0.2.v20150114-sources.jar
2016-08-12 10:34:10,035 [Worker-21] INFO  o.e.m.c.i.e.AbstractTransferListenerAdapter - Downloading https://repo.maven.apache.org/maven2/org/eclipse/aether/aether-transport-wagon/1.0.2.v20150114/aether-transport-wagon-1.0.2.v20150114-sources.jar
2016-08-12 10:34:10,404 [Worker-21] INFO  o.e.m.c.i.e.AbstractTransferListenerAdapter - Downloaded https://repo.maven.apache.org/maven2/org/eclipse/aether/aether-transport-wagon/1.0.2.v20150114/aether-transport-wagon-1.0.2.v20150114-sources.jar
2016-08-12 10:34:10,790 [Worker-21] INFO  o.e.m.c.i.e.AbstractTransferListenerAdapter - Downloading https://repo.maven.apache.org/maven2/org/apache/maven/wagon/wagon-file/2.9/wagon-file-2.9-sources.jar
2016-08-12 10:34:11,048 [Worker-21] INFO  o.e.m.c.i.e.AbstractTransferListenerAdapter - Downloaded https://repo.maven.apache.org/maven2/org/apache/maven/wagon/wagon-file/2.9/wagon-file-2.9-sources.jar
2016-08-12 10:36:21,914 [Worker-21] INFO  o.e.m.i.launch.MavenLaunchDelegate - C:\Users\DavidHusen\workspace\Mars\SimpleWebAppp
2016-08-12 10:36:21,922 [Worker-21] INFO  o.e.m.i.launch.MavenLaunchDelegate -  mvn  -B tomcat:run
2016-08-12 19:45:16,546 [Worker-6] INFO  o.e.m.c.i.p.ProjectConfigurationManager - Collecting project info '/pom.xml' C:\Users\DavidHusen\workspace\Mars\Test\pom.xml
2016-08-12 19:45:21,791 [Worker-6] INFO  o.e.m.c.i.l.LifecycleMappingFactory - Using org.maven.ide.eclipse.wtp.WarLifecycleMapping lifecycle mapping for MavenProject: com.web.appp:Test:0.1 @ C:\Users\DavidHusen\workspace\Mars\Test\pom.xml.
2016-08-12 19:45:25,688 [Worker-6] INFO  o.e.m.j.i.AbstractJavaProjectConfigurator - Adding source folder /Test/src/main/java
2016-08-12 19:45:25,689 [Worker-6] INFO  o.e.m.j.i.AbstractJavaProjectConfigurator - Adding resource folder /Test/src/main/resources
2016-08-12 19:45:25,689 [Worker-6] INFO  o.e.m.j.i.AbstractJavaProjectConfigurator - Adding source folder /Test/src/test/java
2016-08-12 19:45:33,406 [Worker-6] INFO  o.e.m.c.i.p.ProjectConfigurationManager - Imported and configured 1 project(s) in 16 sec
